Using pre-set license
Built from '2022.3/staging' branch; Version is '2022.3.10f1 (ff3792e53c62) revision 16725906'; Using compiler version '192829333'; Build Type 'Release'
OS: 'Windows 10  (10.0.19045) 64bit Professional' Language: 'ru' Physical Memory: 16321 MB
BatchMode: 1, IsHumanControllingUs: 0, StartBugReporterOnCrash: 0, Is64bit: 1, IsPro: 1

COMMAND LINE ARGUMENTS:
C:\Program Files\Unity\Hub\Editor\2022.3.10f1\Editor\Unity.exe
-adb2
-batchMode
-noUpm
-name
AssetImportWorker1
-projectPath
C:/Users/Евгений/Desktop/Обучение Unity/MoveAndRotation/Module11
-logFile
Logs/AssetImportWorker1.log
-srvPort
61168
Successfully changed project path to: C:/Users/Евгений/Desktop/Обучение Unity/MoveAndRotation/Module11
C:/Users/Евгений/Desktop/Обучение Unity/MoveAndRotation/Module11
[UnityMemory] Configuration Parameters - Can be set up in boot.config
    "memorysetup-bucket-allocator-granularity=16"
    "memorysetup-bucket-allocator-bucket-count=8"
    "memorysetup-bucket-allocator-block-size=33554432"
    "memorysetup-bucket-allocator-block-count=8"
    "memorysetup-main-allocator-block-size=16777216"
    "memorysetup-thread-allocator-block-size=16777216"
    "memorysetup-gfx-main-allocator-block-size=16777216"
    "memorysetup-gfx-thread-allocator-block-size=16777216"
    "memorysetup-cache-allocator-block-size=4194304"
    "memorysetup-typetree-allocator-block-size=2097152"
    "memorysetup-profiler-bucket-allocator-granularity=16"
    "memorysetup-profiler-bucket-allocator-bucket-count=8"
    "memorysetup-profiler-bucket-allocator-block-size=33554432"
    "memorysetup-profiler-bucket-allocator-block-count=8"
    "memorysetup-profiler-allocator-block-size=16777216"
    "memorysetup-profiler-editor-allocator-block-size=1048576"
    "memorysetup-temp-allocator-size-main=16777216"
    "memorysetup-job-temp-allocator-block-size=2097152"
    "memorysetup-job-temp-allocator-block-size-background=1048576"
    "memorysetup-job-temp-allocator-reduction-small-platforms=262144"
    "memorysetup-allocator-temp-initial-block-size-main=262144"
    "memorysetup-allocator-temp-initial-block-size-worker=262144"
    "memorysetup-temp-allocator-size-background-worker=32768"
    "memorysetup-temp-allocator-size-job-worker=262144"
    "memorysetup-temp-allocator-size-preload-manager=33554432"
    "memorysetup-temp-allocator-size-nav-mesh-worker=65536"
    "memorysetup-temp-allocator-size-audio-worker=65536"
    "memorysetup-temp-allocator-size-cloud-worker=32768"
    "memorysetup-temp-allocator-size-gi-baking-worker=262144"
    "memorysetup-temp-allocator-size-gfx=262144"
Player connection [28284] Host "[IP] 192.168.0.10 [Port] 0 [Flags] 2 [Guid] 1567402209 [EditorId] 1567402209 [Version] 1048832 [Id] WindowsEditor(7,YMCA-illedbyOEM) [Debug] 1 [PackageName] WindowsEditor [ProjectName] Editor" joined multi-casting on [225.0.0.222:54997]...

Player connection [28284] Host "[IP] 192.168.0.10 [Port] 0 [Flags] 2 [Guid] 1567402209 [EditorId] 1567402209 [Version] 1048832 [Id] WindowsEditor(7,YMCA-illedbyOEM) [Debug] 1 [PackageName] WindowsEditor [ProjectName] Editor" joined alternative multi-casting on [225.0.0.222:34997]...

[Physics::Module] Initialized MultithreadedJobDispatcher with 15 workers.
Refreshing native plugins compatible for Editor in 23.45 ms, found 3 plugins.
Preloading 0 native plugins for Editor in 0.00 ms.
Initialize engine version: 2022.3.10f1 (ff3792e53c62)
[Subsystems] Discovering subsystems at path C:/Program Files/Unity/Hub/Editor/2022.3.10f1/Editor/Data/Resources/UnitySubsystems
[Subsystems] Discovering subsystems at path C:/Users/Евгений/Desktop/Обучение Unity/MoveAndRotation/Module11/Assets
GfxDevice: creating device client; threaded=0; jobified=0
Direct3D:
    Version:  Direct3D 11.0 [level 11.1]
    Renderer: NVIDIA GeForce GTX 1060 3GB (ID=0x1b84)
    Vendor:   NVIDIA
    VRAM:     2979 MB
    Driver:   31.0.15.4617
Initialize mono
Mono path[0] = 'C:/Program Files/Unity/Hub/Editor/2022.3.10f1/Editor/Data/Managed'
Mono path[1] = 'C:/Program Files/Unity/Hub/Editor/2022.3.10f1/Editor/Data/MonoBleedingEdge/lib/mono/unityjit-win32'
Mono config path = 'C:/Program Files/Unity/Hub/Editor/2022.3.10f1/Editor/Data/MonoBleedingEdge/etc'
Using monoOptions --debugger-agent=transport=dt_socket,embedding=1,server=y,suspend=n,address=127.0.0.1:56552
Begin MonoManager ReloadAssembly
Registering precompiled unity dll's ...
Register platform support module: C:/Program Files/Unity/Hub/Editor/2022.3.10f1/Editor/Data/PlaybackEngines/WebGLSupport/UnityEditor.WebGL.Extensions.dll
Register platform support module: C:/Program Files/Unity/Hub/Editor/2022.3.10f1/Editor/Data/PlaybackEngines/MacStandaloneSupport/UnityEditor.OSXStandalone.Extensions.dll
Register platform support module: C:/Program Files/Unity/Hub/Editor/2022.3.10f1/Editor/Data/PlaybackEngines/AndroidPlayer/UnityEditor.Android.Extensions.dll
Register platform support module: C:/Program Files/Unity/Hub/Editor/2022.3.10f1/Editor/Data/PlaybackEngines/WindowsStandaloneSupport/UnityEditor.WindowsStandalone.Extensions.dll
Registered in 0.035609 seconds.
- Loaded All Assemblies, in  1.054 seconds
Native extension for WindowsStandalone target not found
Native extension for Android target not found
Android Extension - Scanning For ADB Devices 730 ms
Native extension for OSXStandalone target not found
Native extension for WebGL target not found
Mono: successfully reloaded assembly
- Finished resetting the current domain, in  1.655 seconds
Domain Reload Profiling: 2705ms
	BeginReloadAssembly (312ms)
		ExecutionOrderSort (0ms)
		DisableScriptedObjects (0ms)
		BackupInstance (0ms)
		ReleaseScriptingObjects (0ms)
		CreateAndSetChildDomain (2ms)
	RebuildCommonClasses (96ms)
	RebuildNativeTypeToScriptingClass (30ms)
	initialDomainReloadingComplete (165ms)
	LoadAllAssembliesAndSetupDomain (447ms)
		LoadAssemblies (309ms)
		RebuildTransferFunctionScriptingTraits (0ms)
		AnalyzeDomain (439ms)
			TypeCache.Refresh (436ms)
				TypeCache.ScanAssembly (371ms)
			ScanForSourceGeneratedMonoScriptInfo (1ms)
			ResolveRequiredComponents (1ms)
	FinalizeReload (1656ms)
		ReleaseScriptCaches (0ms)
		RebuildScriptCaches (0ms)
		SetupLoadedEditorAssemblies (1481ms)
			LogAssemblyErrors (0ms)
			InitializePlatformSupportModulesInManaged (1069ms)
			SetLoadedEditorAssemblies (14ms)
			RefreshPlugins (0ms)
			BeforeProcessingInitializeOnLoad (7ms)
			ProcessInitializeOnLoadAttributes (272ms)
			ProcessInitializeOnLoadMethodAttributes (119ms)
			AfterProcessingInitializeOnLoad (0ms)
			EditorAssembliesLoaded (0ms)
		ExecutionOrderSort2 (0ms)
		AwakeInstancesAfterBackupRestoration (0ms)
========================================================================
Worker process is ready to serve import requests
Begin MonoManager ReloadAssembly
- Loaded All Assemblies, in  2.049 seconds
Refreshing native plugins compatible for Editor in 7.82 ms, found 3 plugins.
Native extension for WindowsStandalone target not found
Native extension for Android target not found
Native extension for OSXStandalone target not found
Native extension for WebGL target not found
Package Manager log level set to [2]
[Package Manager] Server::EnsureServerProcessIsRunning -- launch failed, reason: Unity was launched with the -noUpm command-line argument
[Package Manager] UpmClient::Send -- Unable to send message (not connected to UPM process).
[Package Manager] Cannot connect to Unity Package Manager local server
Mono: successfully reloaded assembly
- Finished resetting the current domain, in  1.717 seconds
Domain Reload Profiling: 3759ms
	BeginReloadAssembly (398ms)
		ExecutionOrderSort (0ms)
		DisableScriptedObjects (16ms)
		BackupInstance (0ms)
		ReleaseScriptingObjects (0ms)
		CreateAndSetChildDomain (62ms)
	RebuildCommonClasses (89ms)
	RebuildNativeTypeToScriptingClass (19ms)
	initialDomainReloadingComplete (108ms)
	LoadAllAssembliesAndSetupDomain (1427ms)
		LoadAssemblies (988ms)
		RebuildTransferFunctionScriptingTraits (0ms)
		AnalyzeDomain (656ms)
			TypeCache.Refresh (600ms)
				TypeCache.ScanAssembly (490ms)
			ScanForSourceGeneratedMonoScriptInfo (39ms)
			ResolveRequiredComponents (13ms)
	FinalizeReload (1718ms)
		ReleaseScriptCaches (0ms)
		RebuildScriptCaches (0ms)
		SetupLoadedEditorAssemblies (1274ms)
			LogAssemblyErrors (0ms)
			InitializePlatformSupportModulesInManaged (85ms)
			SetLoadedEditorAssemblies (11ms)
			RefreshPlugins (0ms)
			BeforeProcessingInitializeOnLoad (232ms)
			ProcessInitializeOnLoadAttributes (870ms)
			ProcessInitializeOnLoadMethodAttributes (54ms)
			AfterProcessingInitializeOnLoad (21ms)
			EditorAssembliesLoaded (0ms)
		ExecutionOrderSort2 (0ms)
		AwakeInstancesAfterBackupRestoration (14ms)
Launched and connected shader compiler UnityShaderCompiler.exe after 0.11 seconds
Refreshing native plugins compatible for Editor in 7.86 ms, found 3 plugins.
Preloading 0 native plugins for Editor in 0.00 ms.
Unloading 3080 Unused Serialized files (Serialized files now loaded: 0)
Unloading 31 unused Assets / (56.3 KB). Loaded Objects now: 3546.
Memory consumption went from 120.2 MB to 120.1 MB.
Total: 7.409100 ms (FindLiveObjects: 0.791400 ms CreateObjectMapping: 0.203100 ms MarkObjects: 6.174700 ms  DeleteObjects: 0.237900 ms)

AssetImportParameters requested are different than current active one (requested -> active):
  custom:container-demuxer-ogg: 62fdf1f143b41e24485cea50d1cbac27 -> 
  custom:video-decoder-ogg-theora: a1e56fd34408186e4bbccfd4996cb3dc -> 
  custom:framework-win-MediaFoundation: 216162199b28c13a410421893ffa2e32 -> 
  custom:CustomObjectIndexerAttribute: 756ad292c208cfabdd7b50bc23989ffe -> 
  custom:container-demuxer-webm: 4f35f7cbe854078d1ac9338744f61a02 -> 
  custom:container-muxer-webm: aa71ff27fc2769a1b78a27578f13a17b -> 
  custom:video-decoder-webm-vp8: 9c59270c3fd7afecdb556c50c9e8de78 -> 
  custom:SearchIndexIgnoredProperties: e643bd26f0fe6173181afceb89e7c659 -> 
  custom:AudioImporter_EditorPlatform: d09bf68614088b80899f8185d706f6e7 -> 
  custom:video-encoder-webm-vp8: eb34c28f22e8b96e1ab97ce403110664 -> 
  custom:audio-decoder-ogg-vorbis: bf7c407c2cedff20999df2af8eb42d56 -> 
  custom:audio-encoder-webm-vorbis: bf7c407c2cedff20999df2af8eb42d56 -> 
========================================================================
Received Import Request.
  Time since last request: 315531.494811 seconds.
  path: Assets/Scripts/RandomAnimation.cs
  artifactKey: Guid(e09ac45f23608f64ea67a8b23cf001c7) Importer(2089858483,0ecaa5967403d082aa24f35e1b516d23)
Start importing Assets/Scripts/RandomAnimation.cs using Guid(e09ac45f23608f64ea67a8b23cf001c7) Importer(2089858483,0ecaa5967403d082aa24f35e1b516d23) Generated GUIDs only implemented for interfaces!
 -> (artifact id: '05cdc8ef3941dcbfc5e06caf7284fd12') in 0.278966 seconds
Number of updated asset objects reloaded before import = 0
Number of asset objects unloaded after import = 1
========================================================================
Received Import Request.
  Time since last request: 0.000055 seconds.
  path: Assets/Simple Buttons/Buttons Style 10 (Square Light Blue)/ButtonsStyle10_24.png
  artifactKey: Guid(7d6c8bb41eaeaca43bd678398581621b) Importer(2089858483,0ecaa5967403d082aa24f35e1b516d23)
Start importing Assets/Simple Buttons/Buttons Style 10 (Square Light Blue)/ButtonsStyle10_24.png using Guid(7d6c8bb41eaeaca43bd678398581621b) Importer(2089858483,0ecaa5967403d082aa24f35e1b516d23) Generated GUIDs only implemented for interfaces!
 -> (artifact id: 'e31eb8af3302e72189e153ac936dac3d') in 0.269752 seconds
Number of updated asset objects reloaded before import = 0
Number of asset objects unloaded after import = 3
========================================================================
Received Import Request.
  Time since last request: 0.000047 seconds.
  path: Assets/Scenes/Module11_1/Level2.unity
  artifactKey: Guid(881de65eaf2b74340a0f3035747daf9e) Importer(2089858483,0ecaa5967403d082aa24f35e1b516d23)
Start importing Assets/Scenes/Module11_1/Level2.unity using Guid(881de65eaf2b74340a0f3035747daf9e) Importer(2089858483,0ecaa5967403d082aa24f35e1b516d23) Generated GUIDs only implemented for interfaces!
 -> (artifact id: '618061f017c0ca9a56668dfde3520968') in 0.022563 seconds
Number of updated asset objects reloaded before import = 0
Number of asset objects unloaded after import = 1
========================================================================
Received Import Request.
  Time since last request: 0.000052 seconds.
  path: Assets/Simple Buttons/Buttons Style 10 (Square Light Blue)/ButtonsStyle10_22.png
  artifactKey: Guid(9e558f98a01ec0846923aedb3e42719e) Importer(2089858483,0ecaa5967403d082aa24f35e1b516d23)
Start importing Assets/Simple Buttons/Buttons Style 10 (Square Light Blue)/ButtonsStyle10_22.png using Guid(9e558f98a01ec0846923aedb3e42719e) Importer(2089858483,0ecaa5967403d082aa24f35e1b516d23) Generated GUIDs only implemented for interfaces!
 -> (artifact id: '91301dfb59ad3799ccec48901243c6e2') in 0.118042 seconds
Number of updated asset objects reloaded before import = 0
Number of asset objects unloaded after import = 3
========================================================================
Received Import Request.
  Time since last request: 0.000043 seconds.
  path: Assets/Simple Buttons/Buttons Style 11 (Rounded Blue)/ButtonsStyle11_05.png
  artifactKey: Guid(6ecba54eab264e740b041d1c40d7a385) Importer(2089858483,0ecaa5967403d082aa24f35e1b516d23)
Start importing Assets/Simple Buttons/Buttons Style 11 (Rounded Blue)/ButtonsStyle11_05.png using Guid(6ecba54eab264e740b041d1c40d7a385) Importer(2089858483,0ecaa5967403d082aa24f35e1b516d23) Generated GUIDs only implemented for interfaces!
 -> (artifact id: 'afeffd146d105d16c06ac682a5327038') in 0.118481 seconds
Number of updated asset objects reloaded before import = 0
Number of asset objects unloaded after import = 3
========================================================================
Received Import Request.
  Time since last request: 0.000038 seconds.
  path: Assets/Scenes/Module11_1/Level3.unity
  artifactKey: Guid(9a3f275430a45064c8ceace14fe0c852) Importer(2089858483,0ecaa5967403d082aa24f35e1b516d23)
Start importing Assets/Scenes/Module11_1/Level3.unity using Guid(9a3f275430a45064c8ceace14fe0c852) Importer(2089858483,0ecaa5967403d082aa24f35e1b516d23) Generated GUIDs only implemented for interfaces!
 -> (artifact id: 'e3d4f7671414d825e6212149b9d1abdd') in 0.021976 seconds
Number of updated asset objects reloaded before import = 0
Number of asset objects unloaded after import = 1
========================================================================
Received Import Request.
  Time since last request: 0.000053 seconds.
  path: Assets/Simple Buttons/Buttons Style 11 (Rounded Blue)/ButtonsStyle11_26.png
  artifactKey: Guid(9e339ac7c05c49c478bbebf94b656e69) Importer(2089858483,0ecaa5967403d082aa24f35e1b516d23)
Start importing Assets/Simple Buttons/Buttons Style 11 (Rounded Blue)/ButtonsStyle11_26.png using Guid(9e339ac7c05c49c478bbebf94b656e69) Importer(2089858483,0ecaa5967403d082aa24f35e1b516d23) Generated GUIDs only implemented for interfaces!
 -> (artifact id: 'f3ce16270abe4b29f29b477396719191') in 0.126839 seconds
Number of updated asset objects reloaded before import = 0
Number of asset objects unloaded after import = 3
========================================================================
Received Import Request.
  Time since last request: 0.000030 seconds.
  path: Assets/Simple Buttons/Buttons Style 10 (Square Light Blue)/ButtonsStyle10_23.png
  artifactKey: Guid(4d84691ee9c44bb41b2973774d685a2e) Importer(2089858483,0ecaa5967403d082aa24f35e1b516d23)
Start importing Assets/Simple Buttons/Buttons Style 10 (Square Light Blue)/ButtonsStyle10_23.png using Guid(4d84691ee9c44bb41b2973774d685a2e) Importer(2089858483,0ecaa5967403d082aa24f35e1b516d23) Generated GUIDs only implemented for interfaces!
 -> (artifact id: '14ae81d179be723a3632a79d2f249a1c') in 0.118483 seconds
Number of updated asset objects reloaded before import = 0
Number of asset objects unloaded after import = 3
========================================================================
Received Import Request.
  Time since last request: 0.000045 seconds.
  path: Assets/Simple Buttons/Buttons Style 1 (Rounded Purple)/ButtonsStyle1_05.png
  artifactKey: Guid(dc5ad746fea7faa4d9d8ff37ae8294c3) Importer(2089858483,0ecaa5967403d082aa24f35e1b516d23)
Start importing Assets/Simple Buttons/Buttons Style 1 (Rounded Purple)/ButtonsStyle1_05.png using Guid(dc5ad746fea7faa4d9d8ff37ae8294c3) Importer(2089858483,0ecaa5967403d082aa24f35e1b516d23) Generated GUIDs only implemented for interfaces!
 -> (artifact id: '2aabf1fb21048502a9e7ad55ed13f014') in 0.138884 seconds
Number of updated asset objects reloaded before import = 0
Number of asset objects unloaded after import = 3
========================================================================
Received Import Request.
  Time since last request: 0.000065 seconds.
  path: Assets/Simple Buttons/Buttons Style 10 (Square Light Blue)/ButtonsStyle10_15.png
  artifactKey: Guid(3b4741206ffc7e0469bda7714f8479aa) Importer(2089858483,0ecaa5967403d082aa24f35e1b516d23)
Start importing Assets/Simple Buttons/Buttons Style 10 (Square Light Blue)/ButtonsStyle10_15.png using Guid(3b4741206ffc7e0469bda7714f8479aa) Importer(2089858483,0ecaa5967403d082aa24f35e1b516d23) Generated GUIDs only implemented for interfaces!
 -> (artifact id: '4760d67d24e4ab014562b8604b158271') in 0.138959 seconds
Number of updated asset objects reloaded before import = 0
Number of asset objects unloaded after import = 3
========================================================================
Received Import Request.
  Time since last request: 0.000031 seconds.
  path: Assets/Simple Buttons/Buttons Style 12 (Square Blue)/ButtonsStyle12_21.png
  artifactKey: Guid(85587b919015a454a874d7e5b93efe18) Importer(2089858483,0ecaa5967403d082aa24f35e1b516d23)
Start importing Assets/Simple Buttons/Buttons Style 12 (Square Blue)/ButtonsStyle12_21.png using Guid(85587b919015a454a874d7e5b93efe18) Importer(2089858483,0ecaa5967403d082aa24f35e1b516d23) Generated GUIDs only implemented for interfaces!
 -> (artifact id: 'dceeed259b8f137470157932784240a6') in 0.133187 seconds
Number of updated asset objects reloaded before import = 0
Number of asset objects unloaded after import = 3
========================================================================
Received Import Request.
  Time since last request: 0.000038 seconds.
  path: Assets/Simple Buttons/Buttons Style 12 (Square Blue)/ButtonsStyle12_25.png
  artifactKey: Guid(56f75b2ab69daf945bee4d67566b912b) Importer(2089858483,0ecaa5967403d082aa24f35e1b516d23)
Start importing Assets/Simple Buttons/Buttons Style 12 (Square Blue)/ButtonsStyle12_25.png using Guid(56f75b2ab69daf945bee4d67566b912b) Importer(2089858483,0ecaa5967403d082aa24f35e1b516d23) Generated GUIDs only implemented for interfaces!
 -> (artifact id: '2227b2a0216869aa2d838dbe525fd7b7') in 0.131669 seconds
Number of updated asset objects reloaded before import = 0
Number of asset objects unloaded after import = 3
========================================================================
Received Import Request.
  Time since last request: 0.000065 seconds.
  path: Assets/Simple Buttons/Buttons Style 12 (Square Blue)/ButtonsStyle12_04.png
  artifactKey: Guid(1d40638c0e1e880458f8546fc0956618) Importer(2089858483,0ecaa5967403d082aa24f35e1b516d23)
Start importing Assets/Simple Buttons/Buttons Style 12 (Square Blue)/ButtonsStyle12_04.png using Guid(1d40638c0e1e880458f8546fc0956618) Importer(2089858483,0ecaa5967403d082aa24f35e1b516d23) Generated GUIDs only implemented for interfaces!
 -> (artifact id: '25448d3c4f97f014dfdc06c09bfbb28b') in 0.121704 seconds
Number of updated asset objects reloaded before import = 0
Number of asset objects unloaded after import = 3
========================================================================
Received Import Request.
  Time since last request: 0.000034 seconds.
  path: Assets/Simple Buttons/Buttons Style 1 (Rounded Purple)/ButtonsStyle1_14.png
  artifactKey: Guid(aef08c4eb1e0fc34fa5914ce321ca876) Importer(2089858483,0ecaa5967403d082aa24f35e1b516d23)
Start importing Assets/Simple Buttons/Buttons Style 1 (Rounded Purple)/ButtonsStyle1_14.png using Guid(aef08c4eb1e0fc34fa5914ce321ca876) Importer(2089858483,0ecaa5967403d082aa24f35e1b516d23) Generated GUIDs only implemented for interfaces!
 -> (artifact id: '42d7394db788c9bec0ddd1b4a1b43ffa') in 0.117569 seconds
Number of updated asset objects reloaded before import = 0
Number of asset objects unloaded after import = 3
========================================================================
Received Import Request.
  Time since last request: 0.000034 seconds.
  path: Assets/Simple Buttons/Buttons Style 13 (Rounded Gray)/ButtonsStyle13_15.png
  artifactKey: Guid(c67be3a05d582c34199663cf1073536e) Importer(2089858483,0ecaa5967403d082aa24f35e1b516d23)
Start importing Assets/Simple Buttons/Buttons Style 13 (Rounded Gray)/ButtonsStyle13_15.png using Guid(c67be3a05d582c34199663cf1073536e) Importer(2089858483,0ecaa5967403d082aa24f35e1b516d23) Generated GUIDs only implemented for interfaces!
 -> (artifact id: '2f27cc6b39d4e8fe08c3e68eeabf1bb9') in 0.120162 seconds
Number of updated asset objects reloaded before import = 0
Number of asset objects unloaded after import = 3
========================================================================
Received Import Request.
  Time since last request: 0.000050 seconds.
  path: Assets/Simple Buttons/Buttons Style 13 (Rounded Gray)/ButtonsStyle13_10.png
  artifactKey: Guid(a363ef1163b8df64dab2c971cd9cad5b) Importer(2089858483,0ecaa5967403d082aa24f35e1b516d23)
Start importing Assets/Simple Buttons/Buttons Style 13 (Rounded Gray)/ButtonsStyle13_10.png using Guid(a363ef1163b8df64dab2c971cd9cad5b) Importer(2089858483,0ecaa5967403d082aa24f35e1b516d23) Generated GUIDs only implemented for interfaces!
 -> (artifact id: '0047306f7cc1f5d13480469825c9c0d8') in 0.113613 seconds
Number of updated asset objects reloaded before import = 0
Number of asset objects unloaded after import = 3
========================================================================
Received Import Request.
  Time since last request: 0.000042 seconds.
  path: Assets/Simple Buttons/Buttons Style 13 (Rounded Gray)/ButtonsStyle13_04.png
  artifactKey: Guid(5b0c6ee67e3bec44985e73a81139d61e) Importer(2089858483,0ecaa5967403d082aa24f35e1b516d23)
Start importing Assets/Simple Buttons/Buttons Style 13 (Rounded Gray)/ButtonsStyle13_04.png using Guid(5b0c6ee67e3bec44985e73a81139d61e) Importer(2089858483,0ecaa5967403d082aa24f35e1b516d23) Generated GUIDs only implemented for interfaces!
 -> (artifact id: 'fa4c8a770c423f14db6d55acacad7fdb') in 0.123020 seconds
Number of updated asset objects reloaded before import = 0
Number of asset objects unloaded after import = 3
========================================================================
Received Import Request.
  Time since last request: 0.000042 seconds.
  path: Assets/Simple Buttons/Buttons Style 10 (Square Light Blue)/ButtonsStyle10_11.png
  artifactKey: Guid(27d89d715e84e8f4cb3b12437c0614ac) Importer(2089858483,0ecaa5967403d082aa24f35e1b516d23)
Start importing Assets/Simple Buttons/Buttons Style 10 (Square Light Blue)/ButtonsStyle10_11.png using Guid(27d89d715e84e8f4cb3b12437c0614ac) Importer(2089858483,0ecaa5967403d082aa24f35e1b516d23) Generated GUIDs only implemented for interfaces!
 -> (artifact id: '98ca0fcd71aaba6c4fd2552f9f7a886e') in 0.114375 seconds
Number of updated asset objects reloaded before import = 0
Number of asset objects unloaded after import = 3
========================================================================
Received Import Request.
  Time since last request: 0.000050 seconds.
  path: Assets/Simple Buttons/Buttons Style 13 (Rounded Gray)/ButtonsStyle13_12.png
  artifactKey: Guid(39f89eeba29c0a24f8ccc5d342d6b7a6) Importer(2089858483,0ecaa5967403d082aa24f35e1b516d23)
Start importing Assets/Simple Buttons/Buttons Style 13 (Rounded Gray)/ButtonsStyle13_12.png using Guid(39f89eeba29c0a24f8ccc5d342d6b7a6) Importer(2089858483,0ecaa5967403d082aa24f35e1b516d23) Generated GUIDs only implemented for interfaces!
 -> (artifact id: '3c1e139685d69236967df85ac7215fc1') in 0.119217 seconds
Number of updated asset objects reloaded before import = 0
Number of asset objects unloaded after import = 3
========================================================================
Received Import Request.
  Time since last request: 0.000042 seconds.
  path: Assets/Simple Buttons/Buttons Style 14 (Square Gray)/ButtonsStyle14_04.png
  artifactKey: Guid(478b208a45fac6e4dbca9ceb82e5cec8) Importer(2089858483,0ecaa5967403d082aa24f35e1b516d23)
Start importing Assets/Simple Buttons/Buttons Style 14 (Square Gray)/ButtonsStyle14_04.png using Guid(478b208a45fac6e4dbca9ceb82e5cec8) Importer(2089858483,0ecaa5967403d082aa24f35e1b516d23) Generated GUIDs only implemented for interfaces!
 -> (artifact id: '207dddb1a9b091894caba25a101cdcb6') in 0.120798 seconds
Number of updated asset objects reloaded before import = 0
Number of asset objects unloaded after import = 3
========================================================================
Received Import Request.
  Time since last request: 0.000042 seconds.
  path: Assets/Simple Buttons/Buttons Style 13 (Rounded Gray)/ButtonsStyle13_22.png
  artifactKey: Guid(588c4b10e0598074da85f7011d324573) Importer(2089858483,0ecaa5967403d082aa24f35e1b516d23)
Start importing Assets/Simple Buttons/Buttons Style 13 (Rounded Gray)/ButtonsStyle13_22.png using Guid(588c4b10e0598074da85f7011d324573) Importer(2089858483,0ecaa5967403d082aa24f35e1b516d23) Generated GUIDs only implemented for interfaces!
 -> (artifact id: 'fd2a0ac5450318029b314144f1af5a20') in 0.124476 seconds
Number of updated asset objects reloaded before import = 0
Number of asset objects unloaded after import = 3
========================================================================
Received Import Request.
  Time since last request: 0.000057 seconds.
  path: Assets/Simple Buttons/Buttons Style 12 (Square Blue)/ButtonsStyle12_18.png
  artifactKey: Guid(632541a47cedad94a922fbb0b602694d) Importer(2089858483,0ecaa5967403d082aa24f35e1b516d23)
Start importing Assets/Simple Buttons/Buttons Style 12 (Square Blue)/ButtonsStyle12_18.png using Guid(632541a47cedad94a922fbb0b602694d) Importer(2089858483,0ecaa5967403d082aa24f35e1b516d23) Generated GUIDs only implemented for interfaces!
 -> (artifact id: '222d16d70b2e7d7303e16b6f8fa770c1') in 0.114346 seconds
Number of updated asset objects reloaded before import = 0
Number of asset objects unloaded after import = 3
========================================================================
Received Import Request.
  Time since last request: 0.000037 seconds.
  path: Assets/Materials/PlaneMaterial.mat
  artifactKey: Guid(0473ce6e25071424eaa69223b0be6f3b) Importer(2089858483,0ecaa5967403d082aa24f35e1b516d23)
Start importing Assets/Materials/PlaneMaterial.mat using Guid(0473ce6e25071424eaa69223b0be6f3b) Importer(2089858483,0ecaa5967403d082aa24f35e1b516d23) Generated GUIDs only implemented for interfaces!
 -> (artifact id: 'f189269f46faa65c0e8ac9068c6097a0') in 0.080620 seconds
Number of updated asset objects reloaded before import = 0
Number of asset objects unloaded after import = 1
========================================================================
Received Import Request.
  Time since last request: 0.000039 seconds.
  path: Assets/Simple Buttons/Buttons Style 1 (Rounded Purple)/ButtonsStyle1_20.png
  artifactKey: Guid(606fedd6ff077cf469b3b9d948c7aeb9) Importer(2089858483,0ecaa5967403d082aa24f35e1b516d23)
Start importing Assets/Simple Buttons/Buttons Style 1 (Rounded Purple)/ButtonsStyle1_20.png using Guid(606fedd6ff077cf469b3b9d948c7aeb9) Importer(2089858483,0ecaa5967403d082aa24f35e1b516d23) Generated GUIDs only implemented for interfaces!
 -> (artifact id: 'd9a3ffff3abf412e73c83013aec51063') in 0.121592 seconds
Number of updated asset objects reloaded before import = 0
Number of asset objects unloaded after import = 3
========================================================================
Received Import Request.
  Time since last request: 0.000047 seconds.
  path: Assets/Simple Buttons/Buttons Style 12 (Square Blue)/ButtonsStyle12_03.png
  artifactKey: Guid(3ad0ca426d0c71a4ba5c03d33bfc0f4f) Importer(2089858483,0ecaa5967403d082aa24f35e1b516d23)
Start importing Assets/Simple Buttons/Buttons Style 12 (Square Blue)/ButtonsStyle12_03.png using Guid(3ad0ca426d0c71a4ba5c03d33bfc0f4f) Importer(2089858483,0ecaa5967403d082aa24f35e1b516d23) Generated GUIDs only implemented for interfaces!
 -> (artifact id: 'f35bf3c6399bd22556880541117ba6b4') in 0.112074 seconds
Number of updated asset objects reloaded before import = 0
Number of asset objects unloaded after import = 3
========================================================================
Received Import Request.
  Time since last request: 0.000056 seconds.
  path: Assets/Simple Buttons/Buttons Style 11 (Rounded Blue)/ButtonsStyle11_16.png
  artifactKey: Guid(2a4c98deea202ca42835732d1607a499) Importer(2089858483,0ecaa5967403d082aa24f35e1b516d23)
Start importing Assets/Simple Buttons/Buttons Style 11 (Rounded Blue)/ButtonsStyle11_16.png using Guid(2a4c98deea202ca42835732d1607a499) Importer(2089858483,0ecaa5967403d082aa24f35e1b516d23) Generated GUIDs only implemented for interfaces!
 -> (artifact id: '4f20e0f60df59a20d8b8d45a4200c458') in 0.116893 seconds
Number of updated asset objects reloaded before import = 0
Number of asset objects unloaded after import = 3
========================================================================
Received Import Request.
  Time since last request: 0.000032 seconds.
  path: Assets/Simple Buttons/Buttons Style 10 (Square Light Blue)/ButtonsStyle10_10.png
  artifactKey: Guid(fbeab67cb04ee0e4fb8d6b16e814e677) Importer(2089858483,0ecaa5967403d082aa24f35e1b516d23)
Start importing Assets/Simple Buttons/Buttons Style 10 (Square Light Blue)/ButtonsStyle10_10.png using Guid(fbeab67cb04ee0e4fb8d6b16e814e677) Importer(2089858483,0ecaa5967403d082aa24f35e1b516d23) Generated GUIDs only implemented for interfaces!
 -> (artifact id: 'a5d3073f0887b3e94c36f90050f0e96c') in 0.110606 seconds
Number of updated asset objects reloaded before import = 0
Number of asset objects unloaded after import = 3
========================================================================
Received Import Request.
  Time since last request: 0.000051 seconds.
  path: Assets/Scenes/Module11_1/Level5.unity
  artifactKey: Guid(00a5ba5d2dfda15468a5e5b308b542a1) Importer(2089858483,0ecaa5967403d082aa24f35e1b516d23)
Start importing Assets/Scenes/Module11_1/Level5.unity using Guid(00a5ba5d2dfda15468a5e5b308b542a1) Importer(2089858483,0ecaa5967403d082aa24f35e1b516d23) Generated GUIDs only implemented for interfaces!
 -> (artifact id: 'c56bfcb00fd703a26b86f4918257d4e7') in 0.024109 seconds
Number of updated asset objects reloaded before import = 0
Number of asset objects unloaded after import = 1
========================================================================
Received Import Request.
  Time since last request: 0.000051 seconds.
  path: Assets/Simple Buttons/Buttons Style 10 (Square Light Blue)/ButtonsStyle10_12.png
  artifactKey: Guid(bcc39723781b0cc4db21950744494d0c) Importer(2089858483,0ecaa5967403d082aa24f35e1b516d23)
Start importing Assets/Simple Buttons/Buttons Style 10 (Square Light Blue)/ButtonsStyle10_12.png using Guid(bcc39723781b0cc4db21950744494d0c) Importer(2089858483,0ecaa5967403d082aa24f35e1b516d23) Generated GUIDs only implemented for interfaces!
 -> (artifact id: '2342f4f72140f74f77217214831ce83f') in 0.111983 seconds
Number of updated asset objects reloaded before import = 0
Number of asset objects unloaded after import = 3
========================================================================
Received Import Request.
  Time since last request: 0.000027 seconds.
  path: Assets/Simple Buttons/Buttons Style 2 (Square Purple)/ButtonsStyle2_16.png
  artifactKey: Guid(0e265f4badbb05e408e3136f0be6f040) Importer(2089858483,0ecaa5967403d082aa24f35e1b516d23)
Start importing Assets/Simple Buttons/Buttons Style 2 (Square Purple)/ButtonsStyle2_16.png using Guid(0e265f4badbb05e408e3136f0be6f040) Importer(2089858483,0ecaa5967403d082aa24f35e1b516d23) Generated GUIDs only implemented for interfaces!
 -> (artifact id: 'a81c12d261c36eba86ec0ccfe6155452') in 0.115841 seconds
Number of updated asset objects reloaded before import = 0
Number of asset objects unloaded after import = 3
========================================================================
Received Import Request.
  Time since last request: 0.000040 seconds.
  path: Assets/Simple Buttons/Buttons Style 2 (Square Purple)/ButtonsStyle2_08.png
  artifactKey: Guid(e4fc6f401bbbfce4e84f72ecff21be37) Importer(2089858483,0ecaa5967403d082aa24f35e1b516d23)
Start importing Assets/Simple Buttons/Buttons Style 2 (Square Purple)/ButtonsStyle2_08.png using Guid(e4fc6f401bbbfce4e84f72ecff21be37) Importer(2089858483,0ecaa5967403d082aa24f35e1b516d23) Generated GUIDs only implemented for interfaces!
 -> (artifact id: 'd76a0d5f9992095eb40378e289f5a121') in 0.119736 seconds
Number of updated asset objects reloaded before import = 0
Number of asset objects unloaded after import = 3
========================================================================
Received Import Request.
  Time since last request: 0.000055 seconds.
  path: Assets/Simple Buttons/Buttons Style 11 (Rounded Blue)/ButtonsStyle11_01.png
  artifactKey: Guid(00f3f35e7c92c784ba5d40ea9dd1c370) Importer(2089858483,0ecaa5967403d082aa24f35e1b516d23)
Start importing Assets/Simple Buttons/Buttons Style 11 (Rounded Blue)/ButtonsStyle11_01.png using Guid(00f3f35e7c92c784ba5d40ea9dd1c370) Importer(2089858483,0ecaa5967403d082aa24f35e1b516d23) Generated GUIDs only implemented for interfaces!
 -> (artifact id: '3c5f7cbeb9cf598a8536fa6790955985') in 0.113791 seconds
Number of updated asset objects reloaded before import = 0
Number of asset objects unloaded after import = 3
========================================================================
Received Import Request.
  Time since last request: 0.000043 seconds.
  path: Assets/Simple Buttons/Buttons Style 12 (Square Blue)/ButtonsStyle12_05.png
  artifactKey: Guid(014f99505f66c694bbb77c29acb89ebb) Importer(2089858483,0ecaa5967403d082aa24f35e1b516d23)
Start importing Assets/Simple Buttons/Buttons Style 12 (Square Blue)/ButtonsStyle12_05.png using Guid(014f99505f66c694bbb77c29acb89ebb) Importer(2089858483,0ecaa5967403d082aa24f35e1b516d23) Generated GUIDs only implemented for interfaces!
 -> (artifact id: 'e6dae91bbc1ba4c58624f977fb131651') in 0.140015 seconds
Number of updated asset objects reloaded before import = 0
Number of asset objects unloaded after import = 3
========================================================================
Received Import Request.
  Time since last request: 0.000034 seconds.
  path: Assets/Simple Buttons/Buttons Style 3 (Rounded Pink)/ButtonsStyle3_06.png
  artifactKey: Guid(610101b1571444f449c7e4f9f3abe34f) Importer(2089858483,0ecaa5967403d082aa24f35e1b516d23)
Start importing Assets/Simple Buttons/Buttons Style 3 (Rounded Pink)/ButtonsStyle3_06.png using Guid(610101b1571444f449c7e4f9f3abe34f) Importer(2089858483,0ecaa5967403d082aa24f35e1b516d23) Generated GUIDs only implemented for interfaces!
 -> (artifact id: 'ae8142262d4f71b3996f3d90f13e2c0e') in 0.133315 seconds
Number of updated asset objects reloaded before import = 0
Number of asset objects unloaded after import = 3
========================================================================
Received Import Request.
  Time since last request: 0.000056 seconds.
  path: Assets/Simple Buttons/Buttons Style 1 (Rounded Purple)/ButtonsStyle1_01.png
  artifactKey: Guid(519e049cda1c435499eebd1d97d741c2) Importer(2089858483,0ecaa5967403d082aa24f35e1b516d23)
Start importing Assets/Simple Buttons/Buttons Style 1 (Rounded Purple)/ButtonsStyle1_01.png using Guid(519e049cda1c435499eebd1d97d741c2) Importer(2089858483,0ecaa5967403d082aa24f35e1b516d23) Generated GUIDs only implemented for interfaces!
 -> (artifact id: '3ae87ff1f2208c7533aa097d11d712d2') in 0.118932 seconds
Number of updated asset objects reloaded before import = 0
Number of asset objects unloaded after import = 3
========================================================================
Received Import Request.
  Time since last request: 0.000031 seconds.
  path: Assets/Simple Buttons/Buttons Style 10 (Square Light Blue)/ButtonsStyle10_05.png
  artifactKey: Guid(cbf7b9199bb38454aaa1642c264db28e) Importer(2089858483,0ecaa5967403d082aa24f35e1b516d23)
Start importing Assets/Simple Buttons/Buttons Style 10 (Square Light Blue)/ButtonsStyle10_05.png using Guid(cbf7b9199bb38454aaa1642c264db28e) Importer(2089858483,0ecaa5967403d082aa24f35e1b516d23) Generated GUIDs only implemented for interfaces!
 -> (artifact id: '15f306cb910b22c829b9c51f27f8acae') in 0.123185 seconds
Number of updated asset objects reloaded before import = 0
Number of asset objects unloaded after import = 3
========================================================================
Received Import Request.
  Time since last request: 0.000045 seconds.
  path: Assets/Scripts/Randomizer.cs
  artifactKey: Guid(ad16ae852ee815a409933abdee501626) Importer(2089858483,0ecaa5967403d082aa24f35e1b516d23)
Start importing Assets/Scripts/Randomizer.cs using Guid(ad16ae852ee815a409933abdee501626) Importer(2089858483,0ecaa5967403d082aa24f35e1b516d23) Generated GUIDs only implemented for interfaces!
 -> (artifact id: 'f53021c266f77914ef3ada2f2c73f08d') in 0.026012 seconds
Number of updated asset objects reloaded before import = 0
Number of asset objects unloaded after import = 1
========================================================================
Received Import Request.
  Time since last request: 0.000053 seconds.
  path: Assets/Simple Buttons/Buttons Style 14 (Square Gray)/ButtonsStyle14_03.png
  artifactKey: Guid(13c27b85a52d4fa4ca89eeefcee5c204) Importer(2089858483,0ecaa5967403d082aa24f35e1b516d23)
Start importing Assets/Simple Buttons/Buttons Style 14 (Square Gray)/ButtonsStyle14_03.png using Guid(13c27b85a52d4fa4ca89eeefcee5c204) Importer(2089858483,0ecaa5967403d082aa24f35e1b516d23) Generated GUIDs only implemented for interfaces!
 -> (artifact id: '933e4733144db889f22a34185c7ad7b3') in 0.129533 seconds
Number of updated asset objects reloaded before import = 0
Number of asset objects unloaded after import = 3
========================================================================
Received Import Request.
  Time since last request: 0.000042 seconds.
  path: Assets/Simple Buttons/Buttons Style 3 (Rounded Pink)/ButtonsStyle3_22.png
  artifactKey: Guid(43b5e4becd8884047acee0e150d8dcd0) Importer(2089858483,0ecaa5967403d082aa24f35e1b516d23)
Start importing Assets/Simple Buttons/Buttons Style 3 (Rounded Pink)/ButtonsStyle3_22.png using Guid(43b5e4becd8884047acee0e150d8dcd0) Importer(2089858483,0ecaa5967403d082aa24f35e1b516d23) Generated GUIDs only implemented for interfaces!
 -> (artifact id: '6ff7b391a64e4081604306b51c51cad3') in 0.128883 seconds
Number of updated asset objects reloaded before import = 0
Number of asset objects unloaded after import = 3
========================================================================
Received Import Request.
  Time since last request: 0.000035 seconds.
  path: Assets/Simple Buttons/Buttons Style 3 (Rounded Pink)/ButtonsStyle3_26.png
  artifactKey: Guid(b4d6d0e23371ff84293c3dc01ddf9856) Importer(2089858483,0ecaa5967403d082aa24f35e1b516d23)
Start importing Assets/Simple Buttons/Buttons Style 3 (Rounded Pink)/ButtonsStyle3_26.png using Guid(b4d6d0e23371ff84293c3dc01ddf9856) Importer(2089858483,0ecaa5967403d082aa24f35e1b516d23) Generated GUIDs only implemented for interfaces!
 -> (artifact id: '3429d2d8b15919ef7e2dca42fd534991') in 0.125962 seconds
Number of updated asset objects reloaded before import = 0
Number of asset objects unloaded after import = 3
========================================================================
Received Import Request.
  Time since last request: 0.000056 seconds.
  path: Assets/Simple Buttons/Buttons Style 3 (Rounded Pink)/ButtonsStyle3_03.png
  artifactKey: Guid(c04deaf7361a6c54297a65ee9c203992) Importer(2089858483,0ecaa5967403d082aa24f35e1b516d23)
Start importing Assets/Simple Buttons/Buttons Style 3 (Rounded Pink)/ButtonsStyle3_03.png using Guid(c04deaf7361a6c54297a65ee9c203992) Importer(2089858483,0ecaa5967403d082aa24f35e1b516d23) Generated GUIDs only implemented for interfaces!
 -> (artifact id: '1ba7b0a19810cb4ca45e43280ed7855f') in 0.124240 seconds
Number of updated asset objects reloaded before import = 0
Number of asset objects unloaded after import = 3
========================================================================
Received Import Request.
  Time since last request: 0.000064 seconds.
  path: Assets/Simple Buttons/Buttons Style 1 (Rounded Purple)/ButtonsStyle1_21.png
  artifactKey: Guid(b6517273bf674c74f9b4026b4efae24d) Importer(2089858483,0ecaa5967403d082aa24f35e1b516d23)
Start importing Assets/Simple Buttons/Buttons Style 1 (Rounded Purple)/ButtonsStyle1_21.png using Guid(b6517273bf674c74f9b4026b4efae24d) Importer(2089858483,0ecaa5967403d082aa24f35e1b516d23) Generated GUIDs only implemented for interfaces!
 -> (artifact id: '0a30aaed524b13bfc8e9f5a71f04cd25') in 0.118408 seconds
Number of updated asset objects reloaded before import = 0
Number of asset objects unloaded after import = 3
========================================================================
Received Import Request.
  Time since last request: 0.000037 seconds.
  path: Assets/Simple Buttons/Buttons Style 4 (Square Pink)/ButtonsStyle4_07.png
  artifactKey: Guid(84febbaf9a199794c8a782053ae2bf3e) Importer(2089858483,0ecaa5967403d082aa24f35e1b516d23)
Start importing Assets/Simple Buttons/Buttons Style 4 (Square Pink)/ButtonsStyle4_07.png using Guid(84febbaf9a199794c8a782053ae2bf3e) Importer(2089858483,0ecaa5967403d082aa24f35e1b516d23) Generated GUIDs only implemented for interfaces!
 -> (artifact id: '31ffc89f0650934679405232ba50f102') in 0.128923 seconds
Number of updated asset objects reloaded before import = 0
Number of asset objects unloaded after import = 3
========================================================================
Received Import Request.
  Time since last request: 0.000055 seconds.
  path: Assets/Simple Buttons/Buttons Style 1 (Rounded Purple)/ButtonsStyle1_10.png
  artifactKey: Guid(1bad93de348aadf47a364526288f50e2) Importer(2089858483,0ecaa5967403d082aa24f35e1b516d23)
Start importing Assets/Simple Buttons/Buttons Style 1 (Rounded Purple)/ButtonsStyle1_10.png using Guid(1bad93de348aadf47a364526288f50e2) Importer(2089858483,0ecaa5967403d082aa24f35e1b516d23) Generated GUIDs only implemented for interfaces!
 -> (artifact id: '2149a411130e5d44f1dbb494fb2adddd') in 0.125545 seconds
Number of updated asset objects reloaded before import = 0
Number of asset objects unloaded after import = 3
========================================================================
Received Import Request.
  Time since last request: 0.000036 seconds.
  path: Assets/Simple Buttons/Buttons Style 11 (Rounded Blue)/ButtonsStyle11_25.png
  artifactKey: Guid(6c8494b11b1fed147ba9fa3e000aaa3d) Importer(2089858483,0ecaa5967403d082aa24f35e1b516d23)
Start importing Assets/Simple Buttons/Buttons Style 11 (Rounded Blue)/ButtonsStyle11_25.png using Guid(6c8494b11b1fed147ba9fa3e000aaa3d) Importer(2089858483,0ecaa5967403d082aa24f35e1b516d23) Generated GUIDs only implemented for interfaces!
 -> (artifact id: 'd3c634c26d29318be64795eae7e4f65c') in 0.119339 seconds
Number of updated asset objects reloaded before import = 0
Number of asset objects unloaded after import = 3
========================================================================
Received Import Request.
  Time since last request: 0.000041 seconds.
  path: Assets/Simple Buttons/Buttons Style 12 (Square Blue)/ButtonsStyle12_22.png
  artifactKey: Guid(0c63ab3ff32e15142b880880e40d1c65) Importer(2089858483,0ecaa5967403d082aa24f35e1b516d23)
Start importing Assets/Simple Buttons/Buttons Style 12 (Square Blue)/ButtonsStyle12_22.png using Guid(0c63ab3ff32e15142b880880e40d1c65) Importer(2089858483,0ecaa5967403d082aa24f35e1b516d23) Generated GUIDs only implemented for interfaces!
 -> (artifact id: '143aff7acbb8155a1c6384dd8d1aad1a') in 0.120875 seconds
Number of updated asset objects reloaded before import = 0
Number of asset objects unloaded after import = 3
========================================================================
Received Import Request.
  Time since last request: 0.000046 seconds.
  path: Assets/Simple Buttons/Buttons Style 5 (Rounded Green)/ButtonsStyle5_04.png
  artifactKey: Guid(5317fb8f426baab4bad5a55d1cf652c3) Importer(2089858483,0ecaa5967403d082aa24f35e1b516d23)
Start importing Assets/Simple Buttons/Buttons Style 5 (Rounded Green)/ButtonsStyle5_04.png using Guid(5317fb8f426baab4bad5a55d1cf652c3) Importer(2089858483,0ecaa5967403d082aa24f35e1b516d23) Generated GUIDs only implemented for interfaces!
 -> (artifact id: '5f38fd6edc0866778ea7b5898c7550f2') in 0.117399 seconds
Number of updated asset objects reloaded before import = 0
Number of asset objects unloaded after import = 3
========================================================================
Received Import Request.
  Time since last request: 0.000055 seconds.
  path: Assets/Simple Buttons/Buttons Style 5 (Rounded Green)/ButtonsStyle5_05.png
  artifactKey: Guid(a6501bd3060837643997495eff8e5280) Importer(2089858483,0ecaa5967403d082aa24f35e1b516d23)
Start importing Assets/Simple Buttons/Buttons Style 5 (Rounded Green)/ButtonsStyle5_05.png using Guid(a6501bd3060837643997495eff8e5280) Importer(2089858483,0ecaa5967403d082aa24f35e1b516d23) Generated GUIDs only implemented for interfaces!
 -> (artifact id: '931e1ae3e46b41edc5c2d501df72ac48') in 0.129461 seconds
Number of updated asset objects reloaded before import = 0
Number of asset objects unloaded after import = 3
========================================================================
Received Import Request.
  Time since last request: 0.000041 seconds.
  path: Assets/Simple Buttons/Buttons Style 5 (Rounded Green)/ButtonsStyle5_13.png
  artifactKey: Guid(3041893e5179b6f4189c9aab97959719) Importer(2089858483,0ecaa5967403d082aa24f35e1b516d23)
Start importing Assets/Simple Buttons/Buttons Style 5 (Rounded Green)/ButtonsStyle5_13.png using Guid(3041893e5179b6f4189c9aab97959719) Importer(2089858483,0ecaa5967403d082aa24f35e1b516d23) Generated GUIDs only implemented for interfaces!
 -> (artifact id: '85f560e023dd60fac1277482012acde3') in 0.118007 seconds
Number of updated asset objects reloaded before import = 0
Number of asset objects unloaded after import = 3
========================================================================
Received Import Request.
  Time since last request: 0.000054 seconds.
  path: Assets/Simple Buttons/Buttons Style 1 (Rounded Purple)/ButtonsStyle1_03.png
  artifactKey: Guid(962d7198201944448a51b2b57b954427) Importer(2089858483,0ecaa5967403d082aa24f35e1b516d23)
Start importing Assets/Simple Buttons/Buttons Style 1 (Rounded Purple)/ButtonsStyle1_03.png using Guid(962d7198201944448a51b2b57b954427) Importer(2089858483,0ecaa5967403d082aa24f35e1b516d23) Generated GUIDs only implemented for interfaces!
 -> (artifact id: '6391ebd5aad36412aef736d2bb376484') in 0.117029 seconds
Number of updated asset objects reloaded before import = 0
Number of asset objects unloaded after import = 3
========================================================================
Received Import Request.
  Time since last request: 0.000031 seconds.
  path: Assets/Simple Buttons/Buttons Style 3 (Rounded Pink)/ButtonsStyle3_14.png
  artifactKey: Guid(b0f42b91f3b87e2408b748aefcdf7ca2) Importer(2089858483,0ecaa5967403d082aa24f35e1b516d23)
Start importing Assets/Simple Buttons/Buttons Style 3 (Rounded Pink)/ButtonsStyle3_14.png using Guid(b0f42b91f3b87e2408b748aefcdf7ca2) Importer(2089858483,0ecaa5967403d082aa24f35e1b516d23) Generated GUIDs only implemented for interfaces!
 -> (artifact id: '130423831340d20209a38019ce44ea87') in 0.114321 seconds
Number of updated asset objects reloaded before import = 0
Number of asset objects unloaded after import = 3
========================================================================
Received Import Request.
  Time since last request: 0.000047 seconds.
  path: Assets/Simple Buttons/Buttons Style 5 (Rounded Green)/ButtonsStyle5_15.png
  artifactKey: Guid(c5b2a80aaa37e5e4385e72af1febc929) Importer(2089858483,0ecaa5967403d082aa24f35e1b516d23)
Start importing Assets/Simple Buttons/Buttons Style 5 (Rounded Green)/ButtonsStyle5_15.png using Guid(c5b2a80aaa37e5e4385e72af1febc929) Importer(2089858483,0ecaa5967403d082aa24f35e1b516d23) Generated GUIDs only implemented for interfaces!
 -> (artifact id: '8b262193daa6562a209112b0123c26ba') in 0.119569 seconds
Number of updated asset objects reloaded before import = 0
Number of asset objects unloaded after import = 3
========================================================================
Received Import Request.
  Time since last request: 0.000049 seconds.
  path: Assets/Simple Buttons/Buttons Style 6 (Square Green)/ButtonsStyle6_02.png
  artifactKey: Guid(bb4595294ae3c924faccde948a58574d) Importer(2089858483,0ecaa5967403d082aa24f35e1b516d23)
Start importing Assets/Simple Buttons/Buttons Style 6 (Square Green)/ButtonsStyle6_02.png using Guid(bb4595294ae3c924faccde948a58574d) Importer(2089858483,0ecaa5967403d082aa24f35e1b516d23) Generated GUIDs only implemented for interfaces!
 -> (artifact id: '9e61f510b6a51cbc58e49e246fa53a47') in 0.114063 seconds
Number of updated asset objects reloaded before import = 0
Number of asset objects unloaded after import = 3
========================================================================
Received Import Request.
  Time since last request: 0.000039 seconds.
  path: Assets/Simple Buttons/Buttons Style 6 (Square Green)/ButtonsStyle6_04.png
  artifactKey: Guid(14a973b32c42cf6488076425053f9327) Importer(2089858483,0ecaa5967403d082aa24f35e1b516d23)
Start importing Assets/Simple Buttons/Buttons Style 6 (Square Green)/ButtonsStyle6_04.png using Guid(14a973b32c42cf6488076425053f9327) Importer(2089858483,0ecaa5967403d082aa24f35e1b516d23) Generated GUIDs only implemented for interfaces!
 -> (artifact id: '1afe63334f09a4b68c595f2e2126a63e') in 0.118019 seconds
Number of updated asset objects reloaded before import = 0
Number of asset objects unloaded after import = 3
========================================================================
Received Import Request.
  Time since last request: 0.000036 seconds.
  path: Assets/Simple Buttons/Buttons Style 3 (Rounded Pink)/ButtonsStyle3_13.png
  artifactKey: Guid(203b915a71ebac241ad9689ec414f482) Importer(2089858483,0ecaa5967403d082aa24f35e1b516d23)
Start importing Assets/Simple Buttons/Buttons Style 3 (Rounded Pink)/ButtonsStyle3_13.png using Guid(203b915a71ebac241ad9689ec414f482) Importer(2089858483,0ecaa5967403d082aa24f35e1b516d23) Generated GUIDs only implemented for interfaces!
 -> (artifact id: '9c9a94aeb7755683e2d29ab1175d0e36') in 0.125748 seconds
Number of updated asset objects reloaded before import = 0
Number of asset objects unloaded after import = 3
========================================================================
Received Import Request.
  Time since last request: 0.000058 seconds.
  path: Assets/Simple Buttons/Buttons Style 6 (Square Green)/ButtonsStyle6_18.png
  artifactKey: Guid(c010c0f1055e78e4a8d9f4b435261123) Importer(2089858483,0ecaa5967403d082aa24f35e1b516d23)
Start importing Assets/Simple Buttons/Buttons Style 6 (Square Green)/ButtonsStyle6_18.png using Guid(c010c0f1055e78e4a8d9f4b435261123) Importer(2089858483,0ecaa5967403d082aa24f35e1b516d23) Generated GUIDs only implemented for interfaces!
 -> (artifact id: '2545225166b8d81f8f0ac9de10dd3c54') in 0.115418 seconds
Number of updated asset objects reloaded before import = 0
Number of asset objects unloaded after import = 3
========================================================================
Received Import Request.
  Time since last request: 0.000041 seconds.
  path: Assets/Simple Buttons/Buttons Style 6 (Square Green)/ButtonsStyle6_16.png
  artifactKey: Guid(7e3bee300d794da45bc413de3ef5bd83) Importer(2089858483,0ecaa5967403d082aa24f35e1b516d23)
Start importing Assets/Simple Buttons/Buttons Style 6 (Square Green)/ButtonsStyle6_16.png using Guid(7e3bee300d794da45bc413de3ef5bd83) Importer(2089858483,0ecaa5967403d082aa24f35e1b516d23) Generated GUIDs only implemented for interfaces!
 -> (artifact id: 'e5b4de3ee1a501a2fc7cab209e2fab09') in 0.122473 seconds
Number of updated asset objects reloaded before import = 0
Number of asset objects unloaded after import = 3
========================================================================
Received Import Request.
  Time since last request: 0.000038 seconds.
  path: Assets/Simple Buttons/Buttons Style 6 (Square Green)/ButtonsStyle6_08.png
  artifactKey: Guid(a3333da72424e5f418a0cfa3317a4350) Importer(2089858483,0ecaa5967403d082aa24f35e1b516d23)
Start importing Assets/Simple Buttons/Buttons Style 6 (Square Green)/ButtonsStyle6_08.png using Guid(a3333da72424e5f418a0cfa3317a4350) Importer(2089858483,0ecaa5967403d082aa24f35e1b516d23) Generated GUIDs only implemented for interfaces!
 -> (artifact id: '722e058f82761259c6e4b4c3eadc2c93') in 0.120949 seconds
Number of updated asset objects reloaded before import = 0
Number of asset objects unloaded after import = 3
========================================================================
Received Import Request.
  Time since last request: 0.000066 seconds.
  path: Assets/Simple Buttons/Buttons Style 6 (Square Green)/ButtonsStyle6_15.png
  artifactKey: Guid(4476b3b2ff8dc0e4a84d8427a8714415) Importer(2089858483,0ecaa5967403d082aa24f35e1b516d23)
Start importing Assets/Simple Buttons/Buttons Style 6 (Square Green)/ButtonsStyle6_15.png using Guid(4476b3b2ff8dc0e4a84d8427a8714415) Importer(2089858483,0ecaa5967403d082aa24f35e1b516d23) Generated GUIDs only implemented for interfaces!
 -> (artifact id: 'c3aff5f2de430c0d72a66d7d8c0451c1') in 0.117264 seconds
Number of updated asset objects reloaded before import = 0
Number of asset objects unloaded after import = 3
========================================================================
Received Import Request.
  Time since last request: 0.000037 seconds.
  path: Assets/Simple Buttons/Buttons Style 14 (Square Gray)/ButtonsStyle14_15.png
  artifactKey: Guid(587c1c4918081fa4e90c29f320e1c6bd) Importer(2089858483,0ecaa5967403d082aa24f35e1b516d23)
Start importing Assets/Simple Buttons/Buttons Style 14 (Square Gray)/ButtonsStyle14_15.png using Guid(587c1c4918081fa4e90c29f320e1c6bd) Importer(2089858483,0ecaa5967403d082aa24f35e1b516d23) Generated GUIDs only implemented for interfaces!
 -> (artifact id: 'a2ad7847dcea13a3de3da24c19d0abaa') in 0.118574 seconds
Number of updated asset objects reloaded before import = 0
Number of asset objects unloaded after import = 3
========================================================================
Received Import Request.
  Time since last request: 0.000044 seconds.
  path: Assets/Simple Buttons/Buttons Style 7 (Rounded Turquoise)/ButtonsStyle7_07.png
  artifactKey: Guid(b7d85fd112015464a843c81f3b7f04de) Importer(2089858483,0ecaa5967403d082aa24f35e1b516d23)
Start importing Assets/Simple Buttons/Buttons Style 7 (Rounded Turquoise)/ButtonsStyle7_07.png using Guid(b7d85fd112015464a843c81f3b7f04de) Importer(2089858483,0ecaa5967403d082aa24f35e1b516d23) Generated GUIDs only implemented for interfaces!
 -> (artifact id: '0e7f34d693a1dd093bdbb0a779f7cb81') in 0.113642 seconds
Number of updated asset objects reloaded before import = 0
Number of asset objects unloaded after import = 3
========================================================================
Received Import Request.
  Time since last request: 0.000059 seconds.
  path: Assets/Simple Buttons/Buttons Style 7 (Rounded Turquoise)/ButtonsStyle7_14.png
  artifactKey: Guid(3c5b31ec88bc8d1419fae030f328188e) Importer(2089858483,0ecaa5967403d082aa24f35e1b516d23)
Start importing Assets/Simple Buttons/Buttons Style 7 (Rounded Turquoise)/ButtonsStyle7_14.png using Guid(3c5b31ec88bc8d1419fae030f328188e) Importer(2089858483,0ecaa5967403d082aa24f35e1b516d23) Generated GUIDs only implemented for interfaces!
 -> (artifact id: '9e54eabb3ea1e3a9b8d7760be6f05337') in 0.134393 seconds
Number of updated asset objects reloaded before import = 0
Number of asset objects unloaded after import = 3
========================================================================
Received Import Request.
  Time since last request: 0.000036 seconds.
  path: Assets/Simple Buttons/Buttons Style 6 (Square Green)/ButtonsStyle6_26.png
  artifactKey: Guid(896c2c7e6d789264fa6b21eb99d6e283) Importer(2089858483,0ecaa5967403d082aa24f35e1b516d23)
Start importing Assets/Simple Buttons/Buttons Style 6 (Square Green)/ButtonsStyle6_26.png using Guid(896c2c7e6d789264fa6b21eb99d6e283) Importer(2089858483,0ecaa5967403d082aa24f35e1b516d23) Generated GUIDs only implemented for interfaces!
 -> (artifact id: '87290d9009d315549c418a0213a7f8e7') in 0.137543 seconds
Number of updated asset objects reloaded before import = 0
Number of asset objects unloaded after import = 3
========================================================================
Received Import Request.
  Time since last request: 0.000040 seconds.
  path: Assets/Simple Buttons/Buttons Style 4 (Square Pink)/ButtonsStyle4_23.png
  artifactKey: Guid(c47b2588e354b9846b6a86484b01c372) Importer(2089858483,0ecaa5967403d082aa24f35e1b516d23)
Start importing Assets/Simple Buttons/Buttons Style 4 (Square Pink)/ButtonsStyle4_23.png using Guid(c47b2588e354b9846b6a86484b01c372) Importer(2089858483,0ecaa5967403d082aa24f35e1b516d23) Generated GUIDs only implemented for interfaces!
 -> (artifact id: '2939927eb3209c902831656aedd3136c') in 0.121108 seconds
Number of updated asset objects reloaded before import = 0
Number of asset objects unloaded after import = 3
========================================================================
Received Import Request.
  Time since last request: 0.000058 seconds.
  path: Assets/Simple Buttons/Buttons Style 7 (Rounded Turquoise)/ButtonsStyle7_25.png
  artifactKey: Guid(a8180fc74076afc48bbb013106ff98f1) Importer(2089858483,0ecaa5967403d082aa24f35e1b516d23)
Start importing Assets/Simple Buttons/Buttons Style 7 (Rounded Turquoise)/ButtonsStyle7_25.png using Guid(a8180fc74076afc48bbb013106ff98f1) Importer(2089858483,0ecaa5967403d082aa24f35e1b516d23) Generated GUIDs only implemented for interfaces!
 -> (artifact id: 'd7b87232e984ab721f7774f6e348df21') in 0.125346 seconds
Number of updated asset objects reloaded before import = 0
Number of asset objects unloaded after import = 3
========================================================================
Received Import Request.
  Time since last request: 0.000037 seconds.
  path: Assets/Simple Buttons/Buttons Style 8 (Square Turquoise)/ButtonsStyle8_07.png
  artifactKey: Guid(0ed2362f9f93f1341a43df269cc2f607) Importer(2089858483,0ecaa5967403d082aa24f35e1b516d23)
Start importing Assets/Simple Buttons/Buttons Style 8 (Square Turquoise)/ButtonsStyle8_07.png using Guid(0ed2362f9f93f1341a43df269cc2f607) Importer(2089858483,0ecaa5967403d082aa24f35e1b516d23) Generated GUIDs only implemented for interfaces!
 -> (artifact id: '962352ad96d4ae102167426a2ce131b2') in 0.125559 seconds
Number of updated asset objects reloaded before import = 0
Number of asset objects unloaded after import = 3
========================================================================
Received Import Request.
  Time since last request: 0.000038 seconds.
  path: Assets/Simple Buttons/Buttons Style 7 (Rounded Turquoise)/ButtonsStyle7_23.png
  artifactKey: Guid(91a88ecc241eb51448d473571af80838) Importer(2089858483,0ecaa5967403d082aa24f35e1b516d23)
Start importing Assets/Simple Buttons/Buttons Style 7 (Rounded Turquoise)/ButtonsStyle7_23.png using Guid(91a88ecc241eb51448d473571af80838) Importer(2089858483,0ecaa5967403d082aa24f35e1b516d23) Generated GUIDs only implemented for interfaces!
 -> (artifact id: '1ffed9f7a38c33c0154c58fac3264e2f') in 0.122122 seconds
Number of updated asset objects reloaded before import = 0
Number of asset objects unloaded after import = 3
========================================================================
Received Import Request.
  Time since last request: 0.000046 seconds.
  path: Assets/Simple Buttons/Buttons Style 2 (Square Purple)/ButtonsStyle2_12.png
  artifactKey: Guid(8ba79e91dec853c45b35f22bc1dea0f6) Importer(2089858483,0ecaa5967403d082aa24f35e1b516d23)
Start importing Assets/Simple Buttons/Buttons Style 2 (Square Purple)/ButtonsStyle2_12.png using Guid(8ba79e91dec853c45b35f22bc1dea0f6) Importer(2089858483,0ecaa5967403d082aa24f35e1b516d23) Generated GUIDs only implemented for interfaces!
 -> (artifact id: '5d832bc09a097acd95b3d162b042915e') in 0.133975 seconds
Number of updated asset objects reloaded before import = 0
Number of asset objects unloaded after import = 3
========================================================================
Received Import Request.
  Time since last request: 0.000053 seconds.
  path: Assets/Simple Buttons/Buttons Style 8 (Square Turquoise)/ButtonsStyle8_11.png
  artifactKey: Guid(138d7f4b30e029349a47ffebb79255fd) Importer(2089858483,0ecaa5967403d082aa24f35e1b516d23)
Start importing Assets/Simple Buttons/Buttons Style 8 (Square Turquoise)/ButtonsStyle8_11.png using Guid(138d7f4b30e029349a47ffebb79255fd) Importer(2089858483,0ecaa5967403d082aa24f35e1b516d23) Generated GUIDs only implemented for interfaces!
 -> (artifact id: '01a9fbb5aab11fb7f5f8b7706bcf3d70') in 0.125243 seconds
Number of updated asset objects reloaded before import = 0
Number of asset objects unloaded after import = 3
========================================================================
Received Import Request.
  Time since last request: 0.000040 seconds.
  path: Assets/Simple Buttons/Buttons Style 8 (Square Turquoise)/ButtonsStyle8_12.png
  artifactKey: Guid(56167de951b0f6440be2bccd737f2408) Importer(2089858483,0ecaa5967403d082aa24f35e1b516d23)
Start importing Assets/Simple Buttons/Buttons Style 8 (Square Turquoise)/ButtonsStyle8_12.png using Guid(56167de951b0f6440be2bccd737f2408) Importer(2089858483,0ecaa5967403d082aa24f35e1b516d23) Generated GUIDs only implemented for interfaces!
 -> (artifact id: 'a8f7abb45df35fdfaea21533cffab33b') in 0.124561 seconds
Number of updated asset objects reloaded before import = 0
Number of asset objects unloaded after import = 3
========================================================================
Received Import Request.
  Time since last request: 0.000060 seconds.
  path: Assets/Simple Buttons/Buttons Style 8 (Square Turquoise)/ButtonsStyle8_17.png
  artifactKey: Guid(89de979ddb0d64e4d8f0ccbeb7f5e117) Importer(2089858483,0ecaa5967403d082aa24f35e1b516d23)
Start importing Assets/Simple Buttons/Buttons Style 8 (Square Turquoise)/ButtonsStyle8_17.png using Guid(89de979ddb0d64e4d8f0ccbeb7f5e117) Importer(2089858483,0ecaa5967403d082aa24f35e1b516d23) Generated GUIDs only implemented for interfaces!
 -> (artifact id: '9751060bc78f5493c52fd673d8f95cc3') in 0.123938 seconds
Number of updated asset objects reloaded before import = 0
Number of asset objects unloaded after import = 3
========================================================================
Received Import Request.
  Time since last request: 0.000037 seconds.
  path: Assets/Simple Buttons/Buttons Style 2 (Square Purple)/ButtonsStyle2_20.png
  artifactKey: Guid(ba136f542411986499d38730dcffef18) Importer(2089858483,0ecaa5967403d082aa24f35e1b516d23)
Start importing Assets/Simple Buttons/Buttons Style 2 (Square Purple)/ButtonsStyle2_20.png using Guid(ba136f542411986499d38730dcffef18) Importer(2089858483,0ecaa5967403d082aa24f35e1b516d23) Generated GUIDs only implemented for interfaces!
 -> (artifact id: '73961dce37097e54ca4a42ec51957bbb') in 0.118601 seconds
Number of updated asset objects reloaded before import = 0
Number of asset objects unloaded after import = 3
========================================================================
Received Import Request.
  Time since last request: 0.000131 seconds.
  path: Assets/Simple Buttons/Buttons Style 9 (Rounded Light Blue)/ButtonsStyle9_07.png
  artifactKey: Guid(952482b8b3d60574aa7971c31d80f5c4) Importer(2089858483,0ecaa5967403d082aa24f35e1b516d23)
Start importing Assets/Simple Buttons/Buttons Style 9 (Rounded Light Blue)/ButtonsStyle9_07.png using Guid(952482b8b3d60574aa7971c31d80f5c4) Importer(2089858483,0ecaa5967403d082aa24f35e1b516d23) Generated GUIDs only implemented for interfaces!
 -> (artifact id: 'e4f2eba1d13ad36a2a8c93387f2eca64') in 0.112906 seconds
Number of updated asset objects reloaded before import = 0
Number of asset objects unloaded after import = 3
========================================================================
Received Import Request.
  Time since last request: 0.000050 seconds.
  path: Assets/Simple Buttons/Buttons Style 9 (Rounded Light Blue)/ButtonsStyle9_01.png
  artifactKey: Guid(7403af6054f015e40815e883ba95a73a) Importer(2089858483,0ecaa5967403d082aa24f35e1b516d23)
Start importing Assets/Simple Buttons/Buttons Style 9 (Rounded Light Blue)/ButtonsStyle9_01.png using Guid(7403af6054f015e40815e883ba95a73a) Importer(2089858483,0ecaa5967403d082aa24f35e1b516d23) Generated GUIDs only implemented for interfaces!
 -> (artifact id: '4a6ebc7586446b2d9c860b3cd05d10f8') in 0.122938 seconds
Number of updated asset objects reloaded before import = 0
Number of asset objects unloaded after import = 3
========================================================================
Received Import Request.
  Time since last request: 0.000037 seconds.
  path: Assets/Simple Buttons/Buttons Style 9 (Rounded Light Blue)/ButtonsStyle9_06.png
  artifactKey: Guid(7ed75b93f771f5e479a9e93b2d46f690) Importer(2089858483,0ecaa5967403d082aa24f35e1b516d23)
Start importing Assets/Simple Buttons/Buttons Style 9 (Rounded Light Blue)/ButtonsStyle9_06.png using Guid(7ed75b93f771f5e479a9e93b2d46f690) Importer(2089858483,0ecaa5967403d082aa24f35e1b516d23) Generated GUIDs only implemented for interfaces!
 -> (artifact id: '18a6b93d8150eb85edce6743ac91f929') in 0.118258 seconds
Number of updated asset objects reloaded before import = 0
Number of asset objects unloaded after import = 3
========================================================================
Received Import Request.
  Time since last request: 0.000029 seconds.
  path: Assets/Simple Buttons/Buttons Style 8 (Square Turquoise)/ButtonsStyle8_19.png
  artifactKey: Guid(df3539586539d8344a79733387d6cedd) Importer(2089858483,0ecaa5967403d082aa24f35e1b516d23)
Start importing Assets/Simple Buttons/Buttons Style 8 (Square Turquoise)/ButtonsStyle8_19.png using Guid(df3539586539d8344a79733387d6cedd) Importer(2089858483,0ecaa5967403d082aa24f35e1b516d23) Generated GUIDs only implemented for interfaces!
 -> (artifact id: '971d75b4379345886e810fe63b5d7fb8') in 0.119785 seconds
Number of updated asset objects reloaded before import = 0
Number of asset objects unloaded after import = 3
========================================================================
Received Import Request.
  Time since last request: 0.000051 seconds.
  path: Assets/Simple Buttons/Buttons Style 7 (Rounded Turquoise)/ButtonsStyle7_13.png
  artifactKey: Guid(1b67b8c30bd6e874994559564972026f) Importer(2089858483,0ecaa5967403d082aa24f35e1b516d23)
Start importing Assets/Simple Buttons/Buttons Style 7 (Rounded Turquoise)/ButtonsStyle7_13.png using Guid(1b67b8c30bd6e874994559564972026f) Importer(2089858483,0ecaa5967403d082aa24f35e1b516d23) Generated GUIDs only implemented for interfaces!
 -> (artifact id: 'd4881078f16198d264aaaa574e64f9dc') in 0.120420 seconds
Number of updated asset objects reloaded before import = 0
Number of asset objects unloaded after import = 3
========================================================================
Received Import Request.
  Time since last request: 0.000041 seconds.
  path: Assets/Simple Buttons/Buttons Style 9 (Rounded Light Blue)/ButtonsStyle9_15.png
  artifactKey: Guid(58a49341c6a83b54bacabb82ebda68a0) Importer(2089858483,0ecaa5967403d082aa24f35e1b516d23)
Start importing Assets/Simple Buttons/Buttons Style 9 (Rounded Light Blue)/ButtonsStyle9_15.png using Guid(58a49341c6a83b54bacabb82ebda68a0) Importer(2089858483,0ecaa5967403d082aa24f35e1b516d23) Generated GUIDs only implemented for interfaces!
 -> (artifact id: '8783b1a16df38c1cc1d1a08d8a27e138') in 0.119196 seconds
Number of updated asset objects reloaded before import = 0
Number of asset objects unloaded after import = 3
========================================================================
Received Import Request.
  Time since last request: 0.000040 seconds.
  path: Assets/Simple Buttons/Icons/Icon_06.gif
  artifactKey: Guid(f56cfaaafbdb76142b2daa2a2bcbaaa6) Importer(2089858483,0ecaa5967403d082aa24f35e1b516d23)
Start importing Assets/Simple Buttons/Icons/Icon_06.gif using Guid(f56cfaaafbdb76142b2daa2a2bcbaaa6) Importer(2089858483,0ecaa5967403d082aa24f35e1b516d23) Generated GUIDs only implemented for interfaces!
 -> (artifact id: '10c9ffc782eb47ca57a501eb0f087efb') in 0.130089 seconds
Number of updated asset objects reloaded before import = 0
Number of asset objects unloaded after import = 3
========================================================================
Received Import Request.
  Time since last request: 0.000048 seconds.
  path: Assets/Simple Buttons/Icons/Icon_03.gif
  artifactKey: Guid(cfa964ab0a043df469b90532fedbf383) Importer(2089858483,0ecaa5967403d082aa24f35e1b516d23)
Start importing Assets/Simple Buttons/Icons/Icon_03.gif using Guid(cfa964ab0a043df469b90532fedbf383) Importer(2089858483,0ecaa5967403d082aa24f35e1b516d23) Generated GUIDs only implemented for interfaces!
 -> (artifact id: '1dd5554ee0cb008e27675d206dc3ee46') in 0.110247 seconds
Number of updated asset objects reloaded before import = 0
Number of asset objects unloaded after import = 3
========================================================================
Received Import Request.
  Time since last request: 0.000037 seconds.
  path: Assets/Simple Buttons/Icons/Icon_02.gif
  artifactKey: Guid(56f2b8fcb5b037548a4e66082b86910a) Importer(2089858483,0ecaa5967403d082aa24f35e1b516d23)
Start importing Assets/Simple Buttons/Icons/Icon_02.gif using Guid(56f2b8fcb5b037548a4e66082b86910a) Importer(2089858483,0ecaa5967403d082aa24f35e1b516d23) Generated GUIDs only implemented for interfaces!
 -> (artifact id: '9c3b4ce4bf68b4cc5961e0b70de104f0') in 0.120474 seconds
Number of updated asset objects reloaded before import = 0
Number of asset objects unloaded after import = 3
========================================================================
Received Import Request.
  Time since last request: 0.000043 seconds.
  path: Assets/Simple Buttons/Icons/Icon_21.gif
  artifactKey: Guid(59758a65618a2574783f9d038aa1f5b2) Importer(2089858483,0ecaa5967403d082aa24f35e1b516d23)
Start importing Assets/Simple Buttons/Icons/Icon_21.gif using Guid(59758a65618a2574783f9d038aa1f5b2) Importer(2089858483,0ecaa5967403d082aa24f35e1b516d23) Generated GUIDs only implemented for interfaces!
 -> (artifact id: '090a954dfec9550e6c050c343d92fe8d') in 0.118161 seconds
Number of updated asset objects reloaded before import = 0
Number of asset objects unloaded after import = 3
========================================================================
Received Import Request.
  Time since last request: 0.000051 seconds.
  path: Assets/Simple Buttons/Icons/Icon_15.gif
  artifactKey: Guid(f0b7651b660ee9f408c308c780f61938) Importer(2089858483,0ecaa5967403d082aa24f35e1b516d23)
Start importing Assets/Simple Buttons/Icons/Icon_15.gif using Guid(f0b7651b660ee9f408c308c780f61938) Importer(2089858483,0ecaa5967403d082aa24f35e1b516d23) Generated GUIDs only implemented for interfaces!
 -> (artifact id: 'ef50adccd1ce5f6d22f59d8dee86f053') in 0.111820 seconds
Number of updated asset objects reloaded before import = 0
Number of asset objects unloaded after import = 3
========================================================================
Received Import Request.
  Time since last request: 0.000035 seconds.
  path: Assets/Simple Buttons/Icons/Icon_09.gif
  artifactKey: Guid(fbb6e5e0aa59b1f46864354fc693e42f) Importer(2089858483,0ecaa5967403d082aa24f35e1b516d23)
Start importing Assets/Simple Buttons/Icons/Icon_09.gif using Guid(fbb6e5e0aa59b1f46864354fc693e42f) Importer(2089858483,0ecaa5967403d082aa24f35e1b516d23) Generated GUIDs only implemented for interfaces!
 -> (artifact id: '4499e5a6acc2edbc2d25c99ac080005d') in 0.122176 seconds
Number of updated asset objects reloaded before import = 0
Number of asset objects unloaded after import = 3
========================================================================
Received Import Request.
  Time since last request: 0.000029 seconds.
  path: Assets/Simple Buttons/Buttons Style 4 (Square Pink)/ButtonsStyle4_14.png
  artifactKey: Guid(a0c018af355012b419a4ec40f31c8047) Importer(2089858483,0ecaa5967403d082aa24f35e1b516d23)
Start importing Assets/Simple Buttons/Buttons Style 4 (Square Pink)/ButtonsStyle4_14.png using Guid(a0c018af355012b419a4ec40f31c8047) Importer(2089858483,0ecaa5967403d082aa24f35e1b516d23) Generated GUIDs only implemented for interfaces!
 -> (artifact id: '39b8ef9ed359a8ddcf6c98f905b719f1') in 0.115987 seconds
Number of updated asset objects reloaded before import = 0
Number of asset objects unloaded after import = 3
========================================================================
Received Import Request.
  Time since last request: 0.000062 seconds.
  path: Assets/Animations/Walls/Wall1/Collect.anim
  artifactKey: Guid(90c31674c09b50943965168efa4c7d0a) Importer(2089858483,0ecaa5967403d082aa24f35e1b516d23)
Start importing Assets/Animations/Walls/Wall1/Collect.anim using Guid(90c31674c09b50943965168efa4c7d0a) Importer(2089858483,0ecaa5967403d082aa24f35e1b516d23) Generated GUIDs only implemented for interfaces!
 -> (artifact id: '5bec121c9e4765ecbcd452fe1d1adbab') in 0.042404 seconds
Number of updated asset objects reloaded before import = 0
Number of asset objects unloaded after import = 1
========================================================================
Received Import Request.
  Time since last request: 0.000041 seconds.
  path: Assets/Animations/Walls/Wall1/Down.anim
  artifactKey: Guid(16ea9e713f484504686efd31be517ec6) Importer(2089858483,0ecaa5967403d082aa24f35e1b516d23)
Start importing Assets/Animations/Walls/Wall1/Down.anim using Guid(16ea9e713f484504686efd31be517ec6) Importer(2089858483,0ecaa5967403d082aa24f35e1b516d23) Generated GUIDs only implemented for interfaces!
 -> (artifact id: 'abc5875959c3d9d8a655c00b8b3039c0') in 0.029722 seconds
Number of updated asset objects reloaded before import = 0
Number of asset objects unloaded after import = 1
========================================================================
Received Import Request.
  Time since last request: 0.000037 seconds.
  path: Assets/Animations/Walls/Wall2/Back.anim
  artifactKey: Guid(ad147f8450f0b4e4d89b831b41815d99) Importer(2089858483,0ecaa5967403d082aa24f35e1b516d23)
Start importing Assets/Animations/Walls/Wall2/Back.anim using Guid(ad147f8450f0b4e4d89b831b41815d99) Importer(2089858483,0ecaa5967403d082aa24f35e1b516d23) Generated GUIDs only implemented for interfaces!
 -> (artifact id: '9779e326f4a143b1c83d53858247d62a') in 0.032772 seconds
Number of updated asset objects reloaded before import = 0
Number of asset objects unloaded after import = 1
========================================================================
Received Import Request.
  Time since last request: 0.000033 seconds.
  path: Assets/Animations/Walls/Wall1/Rotation2.anim
  artifactKey: Guid(b5ec9641129d29b4881cd5e8e416568b) Importer(2089858483,0ecaa5967403d082aa24f35e1b516d23)
Start importing Assets/Animations/Walls/Wall1/Rotation2.anim using Guid(b5ec9641129d29b4881cd5e8e416568b) Importer(2089858483,0ecaa5967403d082aa24f35e1b516d23) Generated GUIDs only implemented for interfaces!
 -> (artifact id: 'c3a2474eb7cfa42db139932133e94d02') in 0.038320 seconds
Number of updated asset objects reloaded before import = 0
Number of asset objects unloaded after import = 1
========================================================================
Received Import Request.
  Time since last request: 0.000033 seconds.
  path: Assets/Animations/Walls/Wall2/Down.anim
  artifactKey: Guid(3370f899b081dbc4cbedff7d58f01eab) Importer(2089858483,0ecaa5967403d082aa24f35e1b516d23)
Start importing Assets/Animations/Walls/Wall2/Down.anim using Guid(3370f899b081dbc4cbedff7d58f01eab) Importer(2089858483,0ecaa5967403d082aa24f35e1b516d23) Generated GUIDs only implemented for interfaces!
 -> (artifact id: 'a61245696756d79129674c08566d17e2') in 0.029757 seconds
Number of updated asset objects reloaded before import = 0
Number of asset objects unloaded after import = 1
========================================================================
Received Import Request.
  Time since last request: 0.000040 seconds.
  path: Assets/Simple Buttons/Buttons Style 6 (Square Green)/ButtonsStyle6_01.png
  artifactKey: Guid(a88d28a1d6de27c418fe34d102a2b296) Importer(2089858483,0ecaa5967403d082aa24f35e1b516d23)
Start importing Assets/Simple Buttons/Buttons Style 6 (Square Green)/ButtonsStyle6_01.png using Guid(a88d28a1d6de27c418fe34d102a2b296) Importer(2089858483,0ecaa5967403d082aa24f35e1b516d23) Generated GUIDs only implemented for interfaces!
 -> (artifact id: '7d8a5c707848bbe294f15a974e9acf5c') in 0.110395 seconds
Number of updated asset objects reloaded before import = 0
Number of asset objects unloaded after import = 3
========================================================================
Received Import Request.
  Time since last request: 0.000044 seconds.
  path: Assets/Simple Buttons/Buttons Style 12 (Square Blue)/ButtonsStyle12_11.png
  artifactKey: Guid(44bd0065df0d39044b49733aba4d8891) Importer(2089858483,0ecaa5967403d082aa24f35e1b516d23)
Start importing Assets/Simple Buttons/Buttons Style 12 (Square Blue)/ButtonsStyle12_11.png using Guid(44bd0065df0d39044b49733aba4d8891) Importer(2089858483,0ecaa5967403d082aa24f35e1b516d23) Generated GUIDs only implemented for interfaces!
 -> (artifact id: '0c841713d1237876d28221eef45108e6') in 0.118593 seconds
Number of updated asset objects reloaded before import = 0
Number of asset objects unloaded after import = 3
========================================================================
Received Import Request.
  Time since last request: 0.000083 seconds.
  path: Assets/Simple Buttons/Buttons Style 6 (Square Green)/ButtonsStyle6_12.png
  artifactKey: Guid(7ba50450cda5a6b449f7a9d2adc151ad) Importer(2089858483,0ecaa5967403d082aa24f35e1b516d23)
Start importing Assets/Simple Buttons/Buttons Style 6 (Square Green)/ButtonsStyle6_12.png using Guid(7ba50450cda5a6b449f7a9d2adc151ad) Importer(2089858483,0ecaa5967403d082aa24f35e1b516d23) Generated GUIDs only implemented for interfaces!
 -> (artifact id: '359f0af97d0f54b4dd5e08aca29eb097') in 0.116332 seconds
Number of updated asset objects reloaded before import = 0
Number of asset objects unloaded after import = 3
========================================================================
Received Import Request.
  Time since last request: 0.000033 seconds.
  path: Assets/Simple Buttons/Buttons Style 8 (Square Turquoise)/ButtonsStyle8_20.png
  artifactKey: Guid(e76bd14f63edbeb46bde59e8f0d3a7e6) Importer(2089858483,0ecaa5967403d082aa24f35e1b516d23)
Start importing Assets/Simple Buttons/Buttons Style 8 (Square Turquoise)/ButtonsStyle8_20.png using Guid(e76bd14f63edbeb46bde59e8f0d3a7e6) Importer(2089858483,0ecaa5967403d082aa24f35e1b516d23) Generated GUIDs only implemented for interfaces!
 -> (artifact id: 'f9951eb496dddfdaad2a5b4e3ab529f4') in 0.120486 seconds
Number of updated asset objects reloaded before import = 0
Number of asset objects unloaded after import = 3
========================================================================
Received Import Request.
  Time since last request: 0.000037 seconds.
  path: Assets/Simple Buttons/Buttons Style 2 (Square Purple)/ButtonsStyle2_05.png
  artifactKey: Guid(3c5cdc1550991244c99d1df83c9e2e1a) Importer(2089858483,0ecaa5967403d082aa24f35e1b516d23)
Start importing Assets/Simple Buttons/Buttons Style 2 (Square Purple)/ButtonsStyle2_05.png using Guid(3c5cdc1550991244c99d1df83c9e2e1a) Importer(2089858483,0ecaa5967403d082aa24f35e1b516d23) Generated GUIDs only implemented for interfaces!
 -> (artifact id: 'c4278d58459caf5b90995fd2575b5f51') in 0.136719 seconds
Number of updated asset objects reloaded before import = 0
Number of asset objects unloaded after import = 3
========================================================================
Received Import Request.
  Time since last request: 0.000050 seconds.
  path: Assets/Simple Buttons/Buttons Style 12 (Square Blue)/ButtonsStyle12_16.png
  artifactKey: Guid(ebe7ff650776b1f49b94635377cc5f08) Importer(2089858483,0ecaa5967403d082aa24f35e1b516d23)
Start importing Assets/Simple Buttons/Buttons Style 12 (Square Blue)/ButtonsStyle12_16.png using Guid(ebe7ff650776b1f49b94635377cc5f08) Importer(2089858483,0ecaa5967403d082aa24f35e1b516d23) Generated GUIDs only implemented for interfaces!
 -> (artifact id: '66177ea7d2d062c2b1988d563d465f54') in 0.120845 seconds
Number of updated asset objects reloaded before import = 0
Number of asset objects unloaded after import = 3
========================================================================
Received Import Request.
  Time since last request: 0.000052 seconds.
  path: Assets/Simple Buttons/Buttons Style 4 (Square Pink)/ButtonsStyle4_05.png
  artifactKey: Guid(1962524212ef3494cae3b200f8559556) Importer(2089858483,0ecaa5967403d082aa24f35e1b516d23)
Start importing Assets/Simple Buttons/Buttons Style 4 (Square Pink)/ButtonsStyle4_05.png using Guid(1962524212ef3494cae3b200f8559556) Importer(2089858483,0ecaa5967403d082aa24f35e1b516d23) Generated GUIDs only implemented for interfaces!
 -> (artifact id: '9bef1175a8086b45c9f9e329ec12ac41') in 0.123633 seconds
Number of updated asset objects reloaded before import = 0
Number of asset objects unloaded after import = 3
========================================================================
Received Import Request.
  Time since last request: 0.000049 seconds.
  path: Assets/Simple Buttons/Buttons Style 8 (Square Turquoise)/ButtonsStyle8_18.png
  artifactKey: Guid(abcfe78979eab05469a3fdf40da5b794) Importer(2089858483,0ecaa5967403d082aa24f35e1b516d23)
Start importing Assets/Simple Buttons/Buttons Style 8 (Square Turquoise)/ButtonsStyle8_18.png using Guid(abcfe78979eab05469a3fdf40da5b794) Importer(2089858483,0ecaa5967403d082aa24f35e1b516d23) Generated GUIDs only implemented for interfaces!
 -> (artifact id: '09970d33ed86ef8b768dab127678780a') in 0.110264 seconds
Number of updated asset objects reloaded before import = 0
Number of asset objects unloaded after import = 3
========================================================================
Received Import Request.
  Time since last request: 0.000062 seconds.
  path: Assets/Simple Buttons/Icons/Icon_22.gif
  artifactKey: Guid(6603ebf4f6b49934eac8829b00867cff) Importer(2089858483,0ecaa5967403d082aa24f35e1b516d23)
Start importing Assets/Simple Buttons/Icons/Icon_22.gif using Guid(6603ebf4f6b49934eac8829b00867cff) Importer(2089858483,0ecaa5967403d082aa24f35e1b516d23) Generated GUIDs only implemented for interfaces!
 -> (artifact id: '5bfaf78da5ea9ac3c509304c03edab6c') in 0.112763 seconds
Number of updated asset objects reloaded before import = 0
Number of asset objects unloaded after import = 3
========================================================================
Received Import Request.
  Time since last request: 0.000034 seconds.
  path: Assets/Animations/Walls/Wall2/Cube.controller
  artifactKey: Guid(c8268f52fe2331642b7574005816708b) Importer(2089858483,0ecaa5967403d082aa24f35e1b516d23)
Start importing Assets/Animations/Walls/Wall2/Cube.controller using Guid(c8268f52fe2331642b7574005816708b) Importer(2089858483,0ecaa5967403d082aa24f35e1b516d23) Generated GUIDs only implemented for interfaces!
 -> (artifact id: '5a7f77c8b03c859bbea240b0ea76f33d') in 0.031084 seconds
Number of updated asset objects reloaded before import = 0
Number of asset objects unloaded after import = 17
========================================================================
Received Import Request.
  Time since last request: 0.000036 seconds.
  path: Assets/Simple Buttons/Buttons Style 1 (Rounded Purple)/ButtonsStyle1_22.png
  artifactKey: Guid(e6dfeec9339e2a54795e2f555415460a) Importer(2089858483,0ecaa5967403d082aa24f35e1b516d23)
Start importing Assets/Simple Buttons/Buttons Style 1 (Rounded Purple)/ButtonsStyle1_22.png using Guid(e6dfeec9339e2a54795e2f555415460a) Importer(2089858483,0ecaa5967403d082aa24f35e1b516d23) Generated GUIDs only implemented for interfaces!
 -> (artifact id: '905fb789f92611c2288a3e8ce9c3e67f') in 0.135591 seconds
Number of updated asset objects reloaded before import = 0
Number of asset objects unloaded after import = 3
========================================================================
Received Import Request.
  Time since last request: 0.000039 seconds.
  path: Assets/Simple Buttons/Buttons Style 14 (Square Gray)/ButtonsStyle14_07.png
  artifactKey: Guid(6dfc7df56dfeb674dbbd15e45d1cb510) Importer(2089858483,0ecaa5967403d082aa24f35e1b516d23)
Start importing Assets/Simple Buttons/Buttons Style 14 (Square Gray)/ButtonsStyle14_07.png using Guid(6dfc7df56dfeb674dbbd15e45d1cb510) Importer(2089858483,0ecaa5967403d082aa24f35e1b516d23) Generated GUIDs only implemented for interfaces!
 -> (artifact id: '0aed952879ab2beec015028637b8ed23') in 0.124031 seconds
Number of updated asset objects reloaded before import = 0
Number of asset objects unloaded after import = 3
========================================================================
Received Import Request.
  Time since last request: 0.000063 seconds.
  path: Assets/Simple Buttons/Buttons Style 14 (Square Gray)/ButtonsStyle14_22.png
  artifactKey: Guid(606051587bdd2734098761110984a28a) Importer(2089858483,0ecaa5967403d082aa24f35e1b516d23)
Start importing Assets/Simple Buttons/Buttons Style 14 (Square Gray)/ButtonsStyle14_22.png using Guid(606051587bdd2734098761110984a28a) Importer(2089858483,0ecaa5967403d082aa24f35e1b516d23) Generated GUIDs only implemented for interfaces!
 -> (artifact id: '6321613edfbb5bf389d7bfcd58dec5ca') in 0.124050 seconds
Number of updated asset objects reloaded before import = 0
Number of asset objects unloaded after import = 3
========================================================================
Received Import Request.
  Time since last request: 0.000043 seconds.
  path: Assets/Simple Buttons/Buttons Style 6 (Square Green)/ButtonsStyle6_13.png
  artifactKey: Guid(afea1926d9d44384aa8ca63eebe2d564) Importer(2089858483,0ecaa5967403d082aa24f35e1b516d23)
Start importing Assets/Simple Buttons/Buttons Style 6 (Square Green)/ButtonsStyle6_13.png using Guid(afea1926d9d44384aa8ca63eebe2d564) Importer(2089858483,0ecaa5967403d082aa24f35e1b516d23) Generated GUIDs only implemented for interfaces!
 -> (artifact id: '3f1c5a4d774daed0292db5d64e3feb73') in 0.122263 seconds
Number of updated asset objects reloaded before import = 0
Number of asset objects unloaded after import = 3
========================================================================
Received Import Request.
  Time since last request: 0.000041 seconds.
  path: Assets/Simple Buttons/Buttons Style 13 (Rounded Gray)/ButtonsStyle13_17.png
  artifactKey: Guid(175d4903cdf3baa44b0bba9ca532fb7c) Importer(2089858483,0ecaa5967403d082aa24f35e1b516d23)
Start importing Assets/Simple Buttons/Buttons Style 13 (Rounded Gray)/ButtonsStyle13_17.png using Guid(175d4903cdf3baa44b0bba9ca532fb7c) Importer(2089858483,0ecaa5967403d082aa24f35e1b516d23) Generated GUIDs only implemented for interfaces!
 -> (artifact id: '46d4e41c04de3e4b14efc7249652b25e') in 0.121466 seconds
Number of updated asset objects reloaded before import = 0
Number of asset objects unloaded after import = 3
========================================================================
Received Import Request.
  Time since last request: 0.000042 seconds.
  path: Assets/Simple Buttons/Buttons Style 7 (Rounded Turquoise)/ButtonsStyle7_05.png
  artifactKey: Guid(8f22ee926ddf6004dbfe57824037a1dd) Importer(2089858483,0ecaa5967403d082aa24f35e1b516d23)
Start importing Assets/Simple Buttons/Buttons Style 7 (Rounded Turquoise)/ButtonsStyle7_05.png using Guid(8f22ee926ddf6004dbfe57824037a1dd) Importer(2089858483,0ecaa5967403d082aa24f35e1b516d23) Generated GUIDs only implemented for interfaces!
 -> (artifact id: '013f72a2c1ae0be366a40bdc73f4fdad') in 0.121099 seconds
Number of updated asset objects reloaded before import = 0
Number of asset objects unloaded after import = 3
========================================================================
Received Import Request.
  Time since last request: 0.000031 seconds.
  path: Assets/Simple Buttons/Buttons Style 4 (Square Pink)/ButtonsStyle4_12.png
  artifactKey: Guid(25b62305c38b8cc4fb02b7f76ed7326b) Importer(2089858483,0ecaa5967403d082aa24f35e1b516d23)
Start importing Assets/Simple Buttons/Buttons Style 4 (Square Pink)/ButtonsStyle4_12.png using Guid(25b62305c38b8cc4fb02b7f76ed7326b) Importer(2089858483,0ecaa5967403d082aa24f35e1b516d23) Generated GUIDs only implemented for interfaces!
 -> (artifact id: 'bf83db3a1a290bfff6a2875cb05b990a') in 0.125501 seconds
Number of updated asset objects reloaded before import = 0
Number of asset objects unloaded after import = 3
========================================================================
Received Import Request.
  Time since last request: 0.000052 seconds.
  path: Assets/Simple Buttons/Buttons Style 7 (Rounded Turquoise)/ButtonsStyle7_20.png
  artifactKey: Guid(840f38f330a88b44f9a09e413eada107) Importer(2089858483,0ecaa5967403d082aa24f35e1b516d23)
Start importing Assets/Simple Buttons/Buttons Style 7 (Rounded Turquoise)/ButtonsStyle7_20.png using Guid(840f38f330a88b44f9a09e413eada107) Importer(2089858483,0ecaa5967403d082aa24f35e1b516d23) Generated GUIDs only implemented for interfaces!
 -> (artifact id: '06fff5a3d9da03efe0962f66dd11647c') in 0.122914 seconds
Number of updated asset objects reloaded before import = 0
Number of asset objects unloaded after import = 3
========================================================================
Received Import Request.
  Time since last request: 0.000071 seconds.
  path: Assets/Simple Buttons/Big Buttons/BigGreen.png
  artifactKey: Guid(7194b907763190b4ab82436aaba93472) Importer(2089858483,0ecaa5967403d082aa24f35e1b516d23)
Start importing Assets/Simple Buttons/Big Buttons/BigGreen.png using Guid(7194b907763190b4ab82436aaba93472) Importer(2089858483,0ecaa5967403d082aa24f35e1b516d23) Generated GUIDs only implemented for interfaces!
 -> (artifact id: 'c31b6a48f33eb914c5cd91c82cc65326') in 0.116468 seconds
Number of updated asset objects reloaded before import = 0
Number of asset objects unloaded after import = 3
========================================================================
Received Import Request.
  Time since last request: 0.000040 seconds.
  path: Assets/Simple Buttons/Buttons Style 1 (Rounded Purple)/ButtonsStyle1_25.png
  artifactKey: Guid(f2e34a0be5da1364b8ea73d383dee4d4) Importer(2089858483,0ecaa5967403d082aa24f35e1b516d23)
Start importing Assets/Simple Buttons/Buttons Style 1 (Rounded Purple)/ButtonsStyle1_25.png using Guid(f2e34a0be5da1364b8ea73d383dee4d4) Importer(2089858483,0ecaa5967403d082aa24f35e1b516d23) Generated GUIDs only implemented for interfaces!
 -> (artifact id: '57f2f860b4dd322e245304975e60d9a3') in 0.116189 seconds
Number of updated asset objects reloaded before import = 0
Number of asset objects unloaded after import = 3
========================================================================
Received Import Request.
  Time since last request: 0.000039 seconds.
  path: Assets/Simple Buttons/Buttons Style 6 (Square Green)/ButtonsStyle6_24.png
  artifactKey: Guid(6aff451c6d33c6a4e99babc2eb5ad56b) Importer(2089858483,0ecaa5967403d082aa24f35e1b516d23)
Start importing Assets/Simple Buttons/Buttons Style 6 (Square Green)/ButtonsStyle6_24.png using Guid(6aff451c6d33c6a4e99babc2eb5ad56b) Importer(2089858483,0ecaa5967403d082aa24f35e1b516d23) Generated GUIDs only implemented for interfaces!
 -> (artifact id: '464ccf7f0d24de269a76f49935f590a3') in 0.118556 seconds
Number of updated asset objects reloaded before import = 0
Number of asset objects unloaded after import = 3
========================================================================
Received Prepare
Begin MonoManager ReloadAssembly
- Loaded All Assemblies, in 64.250 seconds
Refreshing native plugins compatible for Editor in 7.60 ms, found 3 plugins.
Native extension for WindowsStandalone target not found
Native extension for Android target not found
Native extension for OSXStandalone target not found
Native extension for WebGL target not found
[Package Manager] Server::EnsureServerProcessIsRunning -- launch failed, reason: Unity was launched with the -noUpm command-line argument
[Package Manager] UpmClient::Send -- Unable to send message (not connected to UPM process).
[Package Manager] Cannot connect to Unity Package Manager local server
Mono: successfully reloaded assembly
- Finished resetting the current domain, in  2.479 seconds
Domain Reload Profiling: 66731ms
	BeginReloadAssembly (1198ms)
		ExecutionOrderSort (0ms)
		DisableScriptedObjects (188ms)
		BackupInstance (0ms)
		ReleaseScriptingObjects (0ms)
		CreateAndSetChildDomain (349ms)
	RebuildCommonClasses (88ms)
	RebuildNativeTypeToScriptingClass (28ms)
	initialDomainReloadingComplete (86ms)
	LoadAllAssembliesAndSetupDomain (62841ms)
		LoadAssemblies (63032ms)
		RebuildTransferFunctionScriptingTraits (0ms)
		AnalyzeDomain (93ms)
			TypeCache.Refresh (73ms)
				TypeCache.ScanAssembly (0ms)
			ScanForSourceGeneratedMonoScriptInfo (0ms)
			ResolveRequiredComponents (16ms)
	FinalizeReload (2489ms)
		ReleaseScriptCaches (0ms)
		RebuildScriptCaches (0ms)
		SetupLoadedEditorAssemblies (1219ms)
			LogAssemblyErrors (0ms)
			InitializePlatformSupportModulesInManaged (81ms)
			SetLoadedEditorAssemblies (11ms)
			RefreshPlugins (0ms)
			BeforeProcessingInitializeOnLoad (219ms)
			ProcessInitializeOnLoadAttributes (837ms)
			ProcessInitializeOnLoadMethodAttributes (48ms)
			AfterProcessingInitializeOnLoad (22ms)
			EditorAssembliesLoaded (1ms)
		ExecutionOrderSort2 (0ms)
		AwakeInstancesAfterBackupRestoration (19ms)
Refreshing native plugins compatible for Editor in 7.62 ms, found 3 plugins.
Preloading 0 native plugins for Editor in 0.00 ms.
Unloading 3071 Unused Serialized files (Serialized files now loaded: 0)
Unloading 22 unused Assets / (30.5 KB). Loaded Objects now: 3549.
Memory consumption went from 118.3 MB to 118.2 MB.
Total: 11.231500 ms (FindLiveObjects: 0.927600 ms CreateObjectMapping: 0.241100 ms MarkObjects: 9.880100 ms  DeleteObjects: 0.178700 ms)

Prepare: number of updated asset objects reloaded= 0
AssetImportParameters requested are different than current active one (requested -> active):
  custom:container-demuxer-ogg: 62fdf1f143b41e24485cea50d1cbac27 -> 
  custom:video-decoder-ogg-theora: a1e56fd34408186e4bbccfd4996cb3dc -> 
  custom:framework-win-MediaFoundation: 216162199b28c13a410421893ffa2e32 -> 
  custom:CustomObjectIndexerAttribute: 756ad292c208cfabdd7b50bc23989ffe -> 
  custom:container-demuxer-webm: 4f35f7cbe854078d1ac9338744f61a02 -> 
  custom:container-muxer-webm: aa71ff27fc2769a1b78a27578f13a17b -> 
  custom:video-decoder-webm-vp8: 9c59270c3fd7afecdb556c50c9e8de78 -> 
  custom:SearchIndexIgnoredProperties: e643bd26f0fe6173181afceb89e7c659 -> 
  custom:AudioImporter_EditorPlatform: d09bf68614088b80899f8185d706f6e7 -> 
  custom:video-encoder-webm-vp8: eb34c28f22e8b96e1ab97ce403110664 -> 
  custom:audio-decoder-ogg-vorbis: bf7c407c2cedff20999df2af8eb42d56 -> 
  custom:audio-encoder-webm-vorbis: bf7c407c2cedff20999df2af8eb42d56 -> 
========================================================================
Received Prepare
Begin MonoManager ReloadAssembly
- Loaded All Assemblies, in  1.574 seconds
Refreshing native plugins compatible for Editor in 9.82 ms, found 3 plugins.
Native extension for WindowsStandalone target not found
Native extension for Android target not found
Native extension for OSXStandalone target not found
Native extension for WebGL target not found
[Package Manager] Server::EnsureServerProcessIsRunning -- launch failed, reason: Unity was launched with the -noUpm command-line argument
[Package Manager] UpmClient::Send -- Unable to send message (not connected to UPM process).
[Package Manager] Cannot connect to Unity Package Manager local server
Mono: successfully reloaded assembly
- Finished resetting the current domain, in  2.067 seconds
Domain Reload Profiling: 3636ms
	BeginReloadAssembly (371ms)
		ExecutionOrderSort (0ms)
		DisableScriptedObjects (15ms)
		BackupInstance (0ms)
		ReleaseScriptingObjects (0ms)
		CreateAndSetChildDomain (74ms)
	RebuildCommonClasses (71ms)
	RebuildNativeTypeToScriptingClass (25ms)
	initialDomainReloadingComplete (80ms)
	LoadAllAssembliesAndSetupDomain (1021ms)
		LoadAssemblies (1157ms)
		RebuildTransferFunctionScriptingTraits (0ms)
		AnalyzeDomain (86ms)
			TypeCache.Refresh (68ms)
				TypeCache.ScanAssembly (0ms)
			ScanForSourceGeneratedMonoScriptInfo (0ms)
			ResolveRequiredComponents (14ms)
	FinalizeReload (2069ms)
		ReleaseScriptCaches (0ms)
		RebuildScriptCaches (0ms)
		SetupLoadedEditorAssemblies (1041ms)
			LogAssemblyErrors (0ms)
			InitializePlatformSupportModulesInManaged (72ms)
			SetLoadedEditorAssemblies (7ms)
			RefreshPlugins (0ms)
			BeforeProcessingInitializeOnLoad (194ms)
			ProcessInitializeOnLoadAttributes (707ms)
			ProcessInitializeOnLoadMethodAttributes (41ms)
			AfterProcessingInitializeOnLoad (19ms)
			EditorAssembliesLoaded (1ms)
		ExecutionOrderSort2 (0ms)
		AwakeInstancesAfterBackupRestoration (15ms)
Refreshing native plugins compatible for Editor in 7.76 ms, found 3 plugins.
Preloading 0 native plugins for Editor in 0.00 ms.
Unloading 3072 Unused Serialized files (Serialized files now loaded: 0)
Unloading 22 unused Assets / (30.5 KB). Loaded Objects now: 3552.
Memory consumption went from 118.5 MB to 118.5 MB.
Total: 9.769900 ms (FindLiveObjects: 0.735100 ms CreateObjectMapping: 0.255400 ms MarkObjects: 8.620000 ms  DeleteObjects: 0.157200 ms)

Prepare: number of updated asset objects reloaded= 0
AssetImportParameters requested are different than current active one (requested -> active):
  custom:container-demuxer-ogg: 62fdf1f143b41e24485cea50d1cbac27 -> 
  custom:video-decoder-ogg-theora: a1e56fd34408186e4bbccfd4996cb3dc -> 
  custom:framework-win-MediaFoundation: 216162199b28c13a410421893ffa2e32 -> 
  custom:CustomObjectIndexerAttribute: 756ad292c208cfabdd7b50bc23989ffe -> 
  custom:container-demuxer-webm: 4f35f7cbe854078d1ac9338744f61a02 -> 
  custom:container-muxer-webm: aa71ff27fc2769a1b78a27578f13a17b -> 
  custom:video-decoder-webm-vp8: 9c59270c3fd7afecdb556c50c9e8de78 -> 
  custom:SearchIndexIgnoredProperties: e643bd26f0fe6173181afceb89e7c659 -> 
  custom:AudioImporter_EditorPlatform: d09bf68614088b80899f8185d706f6e7 -> 
  custom:video-encoder-webm-vp8: eb34c28f22e8b96e1ab97ce403110664 -> 
  custom:audio-decoder-ogg-vorbis: bf7c407c2cedff20999df2af8eb42d56 -> 
  custom:audio-encoder-webm-vorbis: bf7c407c2cedff20999df2af8eb42d56 -> 
