Using pre-set license
Built from '2022.3/staging' branch; Version is '2022.3.10f1 (ff3792e53c62) revision 16725906'; Using compiler version '192829333'; Build Type 'Release'
OS: 'Windows 10  (10.0.19045) 64bit Professional' Language: 'ru' Physical Memory: 16321 MB
BatchMode: 1, IsHumanControllingUs: 0, StartBugReporterOnCrash: 0, Is64bit: 1, IsPro: 1

COMMAND LINE ARGUMENTS:
C:\Program Files\Unity\Hub\Editor\2022.3.10f1\Editor\Unity.exe
-adb2
-batchMode
-noUpm
-name
AssetImportWorker2
-projectPath
C:/Users/Евгений/Desktop/Обучение Unity/MoveAndRotation/Module11
-logFile
Logs/AssetImportWorker2.log
-srvPort
61168
Successfully changed project path to: C:/Users/Евгений/Desktop/Обучение Unity/MoveAndRotation/Module11
C:/Users/Евгений/Desktop/Обучение Unity/MoveAndRotation/Module11
[UnityMemory] Configuration Parameters - Can be set up in boot.config
    "memorysetup-bucket-allocator-granularity=16"
    "memorysetup-bucket-allocator-bucket-count=8"
    "memorysetup-bucket-allocator-block-size=33554432"
    "memorysetup-bucket-allocator-block-count=8"
    "memorysetup-main-allocator-block-size=16777216"
    "memorysetup-thread-allocator-block-size=16777216"
    "memorysetup-gfx-main-allocator-block-size=16777216"
    "memorysetup-gfx-thread-allocator-block-size=16777216"
    "memorysetup-cache-allocator-block-size=4194304"
    "memorysetup-typetree-allocator-block-size=2097152"
    "memorysetup-profiler-bucket-allocator-granularity=16"
    "memorysetup-profiler-bucket-allocator-bucket-count=8"
    "memorysetup-profiler-bucket-allocator-block-size=33554432"
    "memorysetup-profiler-bucket-allocator-block-count=8"
    "memorysetup-profiler-allocator-block-size=16777216"
    "memorysetup-profiler-editor-allocator-block-size=1048576"
    "memorysetup-temp-allocator-size-main=16777216"
    "memorysetup-job-temp-allocator-block-size=2097152"
    "memorysetup-job-temp-allocator-block-size-background=1048576"
    "memorysetup-job-temp-allocator-reduction-small-platforms=262144"
    "memorysetup-allocator-temp-initial-block-size-main=262144"
    "memorysetup-allocator-temp-initial-block-size-worker=262144"
    "memorysetup-temp-allocator-size-background-worker=32768"
    "memorysetup-temp-allocator-size-job-worker=262144"
    "memorysetup-temp-allocator-size-preload-manager=33554432"
    "memorysetup-temp-allocator-size-nav-mesh-worker=65536"
    "memorysetup-temp-allocator-size-audio-worker=65536"
    "memorysetup-temp-allocator-size-cloud-worker=32768"
    "memorysetup-temp-allocator-size-gi-baking-worker=262144"
    "memorysetup-temp-allocator-size-gfx=262144"
Player connection [19948] Host "[IP] 192.168.0.10 [Port] 0 [Flags] 2 [Guid] 54164718 [EditorId] 54164718 [Version] 1048832 [Id] WindowsEditor(7,YMCA-illedbyOEM) [Debug] 1 [PackageName] WindowsEditor [ProjectName] Editor" joined multi-casting on [225.0.0.222:54997]...

Player connection [19948] Host "[IP] 192.168.0.10 [Port] 0 [Flags] 2 [Guid] 54164718 [EditorId] 54164718 [Version] 1048832 [Id] WindowsEditor(7,YMCA-illedbyOEM) [Debug] 1 [PackageName] WindowsEditor [ProjectName] Editor" joined alternative multi-casting on [225.0.0.222:34997]...

[Physics::Module] Initialized MultithreadedJobDispatcher with 15 workers.
Refreshing native plugins compatible for Editor in 19.75 ms, found 3 plugins.
Preloading 0 native plugins for Editor in 0.00 ms.
Initialize engine version: 2022.3.10f1 (ff3792e53c62)
[Subsystems] Discovering subsystems at path C:/Program Files/Unity/Hub/Editor/2022.3.10f1/Editor/Data/Resources/UnitySubsystems
[Subsystems] Discovering subsystems at path C:/Users/Евгений/Desktop/Обучение Unity/MoveAndRotation/Module11/Assets
GfxDevice: creating device client; threaded=0; jobified=0
Direct3D:
    Version:  Direct3D 11.0 [level 11.1]
    Renderer: NVIDIA GeForce GTX 1060 3GB (ID=0x1b84)
    Vendor:   NVIDIA
    VRAM:     2979 MB
    Driver:   31.0.15.4617
Initialize mono
Mono path[0] = 'C:/Program Files/Unity/Hub/Editor/2022.3.10f1/Editor/Data/Managed'
Mono path[1] = 'C:/Program Files/Unity/Hub/Editor/2022.3.10f1/Editor/Data/MonoBleedingEdge/lib/mono/unityjit-win32'
Mono config path = 'C:/Program Files/Unity/Hub/Editor/2022.3.10f1/Editor/Data/MonoBleedingEdge/etc'
Using monoOptions --debugger-agent=transport=dt_socket,embedding=1,server=y,suspend=n,address=127.0.0.1:56516
Begin MonoManager ReloadAssembly
Registering precompiled unity dll's ...
Register platform support module: C:/Program Files/Unity/Hub/Editor/2022.3.10f1/Editor/Data/PlaybackEngines/WebGLSupport/UnityEditor.WebGL.Extensions.dll
Register platform support module: C:/Program Files/Unity/Hub/Editor/2022.3.10f1/Editor/Data/PlaybackEngines/MacStandaloneSupport/UnityEditor.OSXStandalone.Extensions.dll
Register platform support module: C:/Program Files/Unity/Hub/Editor/2022.3.10f1/Editor/Data/PlaybackEngines/AndroidPlayer/UnityEditor.Android.Extensions.dll
Register platform support module: C:/Program Files/Unity/Hub/Editor/2022.3.10f1/Editor/Data/PlaybackEngines/WindowsStandaloneSupport/UnityEditor.WindowsStandalone.Extensions.dll
Registered in 0.036547 seconds.
- Loaded All Assemblies, in  1.036 seconds
Native extension for WindowsStandalone target not found
Native extension for Android target not found
Android Extension - Scanning For ADB Devices 717 ms
Native extension for OSXStandalone target not found
Native extension for WebGL target not found
Mono: successfully reloaded assembly
- Finished resetting the current domain, in  1.701 seconds
Domain Reload Profiling: 2732ms
	BeginReloadAssembly (313ms)
		ExecutionOrderSort (0ms)
		DisableScriptedObjects (0ms)
		BackupInstance (0ms)
		ReleaseScriptingObjects (0ms)
		CreateAndSetChildDomain (2ms)
	RebuildCommonClasses (88ms)
	RebuildNativeTypeToScriptingClass (30ms)
	initialDomainReloadingComplete (173ms)
	LoadAllAssembliesAndSetupDomain (427ms)
		LoadAssemblies (308ms)
		RebuildTransferFunctionScriptingTraits (0ms)
		AnalyzeDomain (420ms)
			TypeCache.Refresh (417ms)
				TypeCache.ScanAssembly (360ms)
			ScanForSourceGeneratedMonoScriptInfo (1ms)
			ResolveRequiredComponents (1ms)
	FinalizeReload (1702ms)
		ReleaseScriptCaches (0ms)
		RebuildScriptCaches (0ms)
		SetupLoadedEditorAssemblies (1528ms)
			LogAssemblyErrors (0ms)
			InitializePlatformSupportModulesInManaged (1116ms)
			SetLoadedEditorAssemblies (16ms)
			RefreshPlugins (0ms)
			BeforeProcessingInitializeOnLoad (6ms)
			ProcessInitializeOnLoadAttributes (269ms)
			ProcessInitializeOnLoadMethodAttributes (119ms)
			AfterProcessingInitializeOnLoad (0ms)
			EditorAssembliesLoaded (0ms)
		ExecutionOrderSort2 (0ms)
		AwakeInstancesAfterBackupRestoration (0ms)
========================================================================
Worker process is ready to serve import requests
Begin MonoManager ReloadAssembly
- Loaded All Assemblies, in  1.998 seconds
Refreshing native plugins compatible for Editor in 7.83 ms, found 3 plugins.
Native extension for WindowsStandalone target not found
Native extension for Android target not found
Native extension for OSXStandalone target not found
Native extension for WebGL target not found
Package Manager log level set to [2]
[Package Manager] Server::EnsureServerProcessIsRunning -- launch failed, reason: Unity was launched with the -noUpm command-line argument
[Package Manager] UpmClient::Send -- Unable to send message (not connected to UPM process).
[Package Manager] Cannot connect to Unity Package Manager local server
Mono: successfully reloaded assembly
- Finished resetting the current domain, in  1.776 seconds
Domain Reload Profiling: 3768ms
	BeginReloadAssembly (363ms)
		ExecutionOrderSort (0ms)
		DisableScriptedObjects (14ms)
		BackupInstance (0ms)
		ReleaseScriptingObjects (0ms)
		CreateAndSetChildDomain (56ms)
	RebuildCommonClasses (91ms)
	RebuildNativeTypeToScriptingClass (23ms)
	initialDomainReloadingComplete (109ms)
	LoadAllAssembliesAndSetupDomain (1404ms)
		LoadAssemblies (980ms)
		RebuildTransferFunctionScriptingTraits (0ms)
		AnalyzeDomain (629ms)
			TypeCache.Refresh (570ms)
				TypeCache.ScanAssembly (446ms)
			ScanForSourceGeneratedMonoScriptInfo (42ms)
			ResolveRequiredComponents (12ms)
	FinalizeReload (1778ms)
		ReleaseScriptCaches (0ms)
		RebuildScriptCaches (0ms)
		SetupLoadedEditorAssemblies (1300ms)
			LogAssemblyErrors (0ms)
			InitializePlatformSupportModulesInManaged (88ms)
			SetLoadedEditorAssemblies (15ms)
			RefreshPlugins (0ms)
			BeforeProcessingInitializeOnLoad (247ms)
			ProcessInitializeOnLoadAttributes (879ms)
			ProcessInitializeOnLoadMethodAttributes (49ms)
			AfterProcessingInitializeOnLoad (22ms)
			EditorAssembliesLoaded (0ms)
		ExecutionOrderSort2 (0ms)
		AwakeInstancesAfterBackupRestoration (16ms)
Launched and connected shader compiler UnityShaderCompiler.exe after 0.11 seconds
Refreshing native plugins compatible for Editor in 7.59 ms, found 3 plugins.
Preloading 0 native plugins for Editor in 0.00 ms.
Unloading 3080 Unused Serialized files (Serialized files now loaded: 0)
Unloading 31 unused Assets / (56.3 KB). Loaded Objects now: 3546.
Memory consumption went from 120.2 MB to 120.1 MB.
Total: 23.029900 ms (FindLiveObjects: 0.818600 ms CreateObjectMapping: 0.205100 ms MarkObjects: 21.791100 ms  DeleteObjects: 0.213400 ms)

AssetImportParameters requested are different than current active one (requested -> active):
  custom:container-demuxer-ogg: 62fdf1f143b41e24485cea50d1cbac27 -> 
  custom:video-decoder-ogg-theora: a1e56fd34408186e4bbccfd4996cb3dc -> 
  custom:framework-win-MediaFoundation: 216162199b28c13a410421893ffa2e32 -> 
  custom:CustomObjectIndexerAttribute: 756ad292c208cfabdd7b50bc23989ffe -> 
  custom:container-demuxer-webm: 4f35f7cbe854078d1ac9338744f61a02 -> 
  custom:container-muxer-webm: aa71ff27fc2769a1b78a27578f13a17b -> 
  custom:video-decoder-webm-vp8: 9c59270c3fd7afecdb556c50c9e8de78 -> 
  custom:SearchIndexIgnoredProperties: e643bd26f0fe6173181afceb89e7c659 -> 
  custom:AudioImporter_EditorPlatform: d09bf68614088b80899f8185d706f6e7 -> 
  custom:video-encoder-webm-vp8: eb34c28f22e8b96e1ab97ce403110664 -> 
  custom:audio-decoder-ogg-vorbis: bf7c407c2cedff20999df2af8eb42d56 -> 
  custom:audio-encoder-webm-vorbis: bf7c407c2cedff20999df2af8eb42d56 -> 
========================================================================
Received Import Request.
  Time since last request: 315531.521079 seconds.
  path: Assets/Simple Buttons/Buttons Style 10 (Square Light Blue)/ButtonsStyle10_17.png
  artifactKey: Guid(9aee90530f1416d47a0a634e4f3ef351) Importer(2089858483,0ecaa5967403d082aa24f35e1b516d23)
Start importing Assets/Simple Buttons/Buttons Style 10 (Square Light Blue)/ButtonsStyle10_17.png using Guid(9aee90530f1416d47a0a634e4f3ef351) Importer(2089858483,0ecaa5967403d082aa24f35e1b516d23) Generated GUIDs only implemented for interfaces!
 -> (artifact id: 'ff6c3db8fd47e3a09ef9c95ef46af4f0') in 0.488057 seconds
Number of updated asset objects reloaded before import = 0
Number of asset objects unloaded after import = 3
========================================================================
Received Import Request.
  Time since last request: 0.000048 seconds.
  path: Assets/Scenes/Module11_1/Level1.unity
  artifactKey: Guid(d6ecb1bb371183149b1a1e176c802c77) Importer(2089858483,0ecaa5967403d082aa24f35e1b516d23)
Start importing Assets/Scenes/Module11_1/Level1.unity using Guid(d6ecb1bb371183149b1a1e176c802c77) Importer(2089858483,0ecaa5967403d082aa24f35e1b516d23) Generated GUIDs only implemented for interfaces!
 -> (artifact id: '03046947889a57102774431a7af1516a') in 0.023865 seconds
Number of updated asset objects reloaded before import = 0
Number of asset objects unloaded after import = 1
========================================================================
Received Import Request.
  Time since last request: 0.000042 seconds.
  path: Assets/Simple Buttons/Buttons Style 11 (Rounded Blue)/ButtonsStyle11_06.png
  artifactKey: Guid(fa14bc09578576546810fef7cd5b7925) Importer(2089858483,0ecaa5967403d082aa24f35e1b516d23)
Start importing Assets/Simple Buttons/Buttons Style 11 (Rounded Blue)/ButtonsStyle11_06.png using Guid(fa14bc09578576546810fef7cd5b7925) Importer(2089858483,0ecaa5967403d082aa24f35e1b516d23) Generated GUIDs only implemented for interfaces!
 -> (artifact id: 'bdacf4c7dc004a6cb70b2f56f21ec8ad') in 0.118036 seconds
Number of updated asset objects reloaded before import = 0
Number of asset objects unloaded after import = 3
========================================================================
Received Import Request.
  Time since last request: 0.000033 seconds.
  path: Assets/Simple Buttons/Buttons Style 11 (Rounded Blue)/ButtonsStyle11_04.png
  artifactKey: Guid(ef9e49d1b60471949b6abe0400510c0b) Importer(2089858483,0ecaa5967403d082aa24f35e1b516d23)
Start importing Assets/Simple Buttons/Buttons Style 11 (Rounded Blue)/ButtonsStyle11_04.png using Guid(ef9e49d1b60471949b6abe0400510c0b) Importer(2089858483,0ecaa5967403d082aa24f35e1b516d23) Generated GUIDs only implemented for interfaces!
 -> (artifact id: '9cf74730f9b56436bda5257e901a0f90') in 0.121340 seconds
Number of updated asset objects reloaded before import = 0
Number of asset objects unloaded after import = 3
========================================================================
Received Import Request.
  Time since last request: 0.000036 seconds.
  path: Assets/Simple Buttons/Buttons Style 10 (Square Light Blue)/ButtonsStyle10_06.png
  artifactKey: Guid(5a6c712c241f45b41b44d6b40a939ae1) Importer(2089858483,0ecaa5967403d082aa24f35e1b516d23)
Start importing Assets/Simple Buttons/Buttons Style 10 (Square Light Blue)/ButtonsStyle10_06.png using Guid(5a6c712c241f45b41b44d6b40a939ae1) Importer(2089858483,0ecaa5967403d082aa24f35e1b516d23) Generated GUIDs only implemented for interfaces!
 -> (artifact id: '82942be21f94c37f448e6d41dfc86fb7') in 0.117773 seconds
Number of updated asset objects reloaded before import = 0
Number of asset objects unloaded after import = 3
========================================================================
Received Import Request.
  Time since last request: 0.000055 seconds.
  path: Assets/Simple Buttons/Buttons Style 11 (Rounded Blue)/ButtonsStyle11_15.png
  artifactKey: Guid(25033b16240a0ab42ba02829232e7c54) Importer(2089858483,0ecaa5967403d082aa24f35e1b516d23)
Start importing Assets/Simple Buttons/Buttons Style 11 (Rounded Blue)/ButtonsStyle11_15.png using Guid(25033b16240a0ab42ba02829232e7c54) Importer(2089858483,0ecaa5967403d082aa24f35e1b516d23) Generated GUIDs only implemented for interfaces!
 -> (artifact id: '1048091a5e64eea375f45c9bfdc2f25b') in 0.125875 seconds
Number of updated asset objects reloaded before import = 0
Number of asset objects unloaded after import = 3
========================================================================
Received Import Request.
  Time since last request: 0.000036 seconds.
  path: Assets/Simple Buttons/Buttons Style 10 (Square Light Blue)/ButtonsStyle10_14.png
  artifactKey: Guid(93e4802c98e075e489e9c69952af801b) Importer(2089858483,0ecaa5967403d082aa24f35e1b516d23)
Start importing Assets/Simple Buttons/Buttons Style 10 (Square Light Blue)/ButtonsStyle10_14.png using Guid(93e4802c98e075e489e9c69952af801b) Importer(2089858483,0ecaa5967403d082aa24f35e1b516d23) Generated GUIDs only implemented for interfaces!
 -> (artifact id: '13004e9d5a851c662e1259acf82a80a6') in 0.122438 seconds
Number of updated asset objects reloaded before import = 0
Number of asset objects unloaded after import = 3
========================================================================
Received Import Request.
  Time since last request: 0.000040 seconds.
  path: Assets/Simple Buttons/Buttons Style 11 (Rounded Blue)/ButtonsStyle11_08.png
  artifactKey: Guid(9e54ec08524309944a2f537cb908ae70) Importer(2089858483,0ecaa5967403d082aa24f35e1b516d23)
Start importing Assets/Simple Buttons/Buttons Style 11 (Rounded Blue)/ButtonsStyle11_08.png using Guid(9e54ec08524309944a2f537cb908ae70) Importer(2089858483,0ecaa5967403d082aa24f35e1b516d23) Generated GUIDs only implemented for interfaces!
 -> (artifact id: '142dca84146abd734046d67bb0231bf4') in 0.134049 seconds
Number of updated asset objects reloaded before import = 0
Number of asset objects unloaded after import = 3
========================================================================
Received Import Request.
  Time since last request: 0.000053 seconds.
  path: Assets/Simple Buttons/Buttons Style 11 (Rounded Blue)/ButtonsStyle11_18.png
  artifactKey: Guid(e8de785f242c9ab4bb899064e609d5c7) Importer(2089858483,0ecaa5967403d082aa24f35e1b516d23)
Start importing Assets/Simple Buttons/Buttons Style 11 (Rounded Blue)/ButtonsStyle11_18.png using Guid(e8de785f242c9ab4bb899064e609d5c7) Importer(2089858483,0ecaa5967403d082aa24f35e1b516d23) Generated GUIDs only implemented for interfaces!
 -> (artifact id: 'fdbdb679c1b8887eb6ab7da4071a4d22') in 0.141398 seconds
Number of updated asset objects reloaded before import = 0
Number of asset objects unloaded after import = 3
========================================================================
Received Import Request.
  Time since last request: 0.000032 seconds.
  path: Assets/Simple Buttons/Buttons Style 12 (Square Blue)/ButtonsStyle12_12.png
  artifactKey: Guid(40bae0e0e11b04c44be80f0ac467d25e) Importer(2089858483,0ecaa5967403d082aa24f35e1b516d23)
Start importing Assets/Simple Buttons/Buttons Style 12 (Square Blue)/ButtonsStyle12_12.png using Guid(40bae0e0e11b04c44be80f0ac467d25e) Importer(2089858483,0ecaa5967403d082aa24f35e1b516d23) Generated GUIDs only implemented for interfaces!
 -> (artifact id: 'eb4bc89aa22e74b284fc36c7b1142095') in 0.143830 seconds
Number of updated asset objects reloaded before import = 0
Number of asset objects unloaded after import = 3
========================================================================
Received Import Request.
  Time since last request: 0.000041 seconds.
  path: Assets/Simple Buttons/Buttons Style 10 (Square Light Blue)/ButtonsStyle10_09.png
  artifactKey: Guid(1ff45295039ec2147a4d1738671d206a) Importer(2089858483,0ecaa5967403d082aa24f35e1b516d23)
Start importing Assets/Simple Buttons/Buttons Style 10 (Square Light Blue)/ButtonsStyle10_09.png using Guid(1ff45295039ec2147a4d1738671d206a) Importer(2089858483,0ecaa5967403d082aa24f35e1b516d23) Generated GUIDs only implemented for interfaces!
 -> (artifact id: '6eeb530b798d14450403aa74ba01c92a') in 0.121074 seconds
Number of updated asset objects reloaded before import = 0
Number of asset objects unloaded after import = 3
========================================================================
Received Import Request.
  Time since last request: 0.000046 seconds.
  path: Assets/Simple Buttons/Buttons Style 1 (Rounded Purple)/ButtonsStyle1_17.png
  artifactKey: Guid(0b6ee167d60e08d41808b5efd5517964) Importer(2089858483,0ecaa5967403d082aa24f35e1b516d23)
Start importing Assets/Simple Buttons/Buttons Style 1 (Rounded Purple)/ButtonsStyle1_17.png using Guid(0b6ee167d60e08d41808b5efd5517964) Importer(2089858483,0ecaa5967403d082aa24f35e1b516d23) Generated GUIDs only implemented for interfaces!
 -> (artifact id: '2d0d3b2dfea8f31cfee0e3638de4f640') in 0.120123 seconds
Number of updated asset objects reloaded before import = 0
Number of asset objects unloaded after import = 3
========================================================================
Received Import Request.
  Time since last request: 0.000030 seconds.
  path: Assets/Simple Buttons/Buttons Style 11 (Rounded Blue)/ButtonsStyle11_14.png
  artifactKey: Guid(6806dfe13b2772248a214d564c4ffec2) Importer(2089858483,0ecaa5967403d082aa24f35e1b516d23)
Start importing Assets/Simple Buttons/Buttons Style 11 (Rounded Blue)/ButtonsStyle11_14.png using Guid(6806dfe13b2772248a214d564c4ffec2) Importer(2089858483,0ecaa5967403d082aa24f35e1b516d23) Generated GUIDs only implemented for interfaces!
 -> (artifact id: 'dc7b42df648acc4b00683cb5ff2f1ffb') in 0.108863 seconds
Number of updated asset objects reloaded before import = 0
Number of asset objects unloaded after import = 3
========================================================================
Received Import Request.
  Time since last request: 0.000041 seconds.
  path: Assets/Simple Buttons/Buttons Style 13 (Rounded Gray)/ButtonsStyle13_07.png
  artifactKey: Guid(ecbfe3128aa0b76489931b170dd56a8b) Importer(2089858483,0ecaa5967403d082aa24f35e1b516d23)
Start importing Assets/Simple Buttons/Buttons Style 13 (Rounded Gray)/ButtonsStyle13_07.png using Guid(ecbfe3128aa0b76489931b170dd56a8b) Importer(2089858483,0ecaa5967403d082aa24f35e1b516d23) Generated GUIDs only implemented for interfaces!
 -> (artifact id: 'b574b53d1573633754f061bc928e8b67') in 0.120891 seconds
Number of updated asset objects reloaded before import = 0
Number of asset objects unloaded after import = 3
========================================================================
Received Import Request.
  Time since last request: 0.000059 seconds.
  path: Assets/Simple Buttons/Buttons Style 13 (Rounded Gray)/ButtonsStyle13_14.png
  artifactKey: Guid(a3296cdb25cf4514e97c6f89a393de8f) Importer(2089858483,0ecaa5967403d082aa24f35e1b516d23)
Start importing Assets/Simple Buttons/Buttons Style 13 (Rounded Gray)/ButtonsStyle13_14.png using Guid(a3296cdb25cf4514e97c6f89a393de8f) Importer(2089858483,0ecaa5967403d082aa24f35e1b516d23) Generated GUIDs only implemented for interfaces!
 -> (artifact id: 'e74583cbb725ae00fb48632758958d5f') in 0.123504 seconds
Number of updated asset objects reloaded before import = 0
Number of asset objects unloaded after import = 3
========================================================================
Received Import Request.
  Time since last request: 0.000040 seconds.
  path: Assets/Simple Buttons/Buttons Style 11 (Rounded Blue)/ButtonsStyle11_19.png
  artifactKey: Guid(fa78485d1d1b50843bef6686b9898c79) Importer(2089858483,0ecaa5967403d082aa24f35e1b516d23)
Start importing Assets/Simple Buttons/Buttons Style 11 (Rounded Blue)/ButtonsStyle11_19.png using Guid(fa78485d1d1b50843bef6686b9898c79) Importer(2089858483,0ecaa5967403d082aa24f35e1b516d23) Generated GUIDs only implemented for interfaces!
 -> (artifact id: 'bdd202b9504e80812c370fac246da323') in 0.117925 seconds
Number of updated asset objects reloaded before import = 0
Number of asset objects unloaded after import = 3
========================================================================
Received Import Request.
  Time since last request: 0.000050 seconds.
  path: Assets/Simple Buttons/Buttons Style 11 (Rounded Blue)/ButtonsStyle11_17.png
  artifactKey: Guid(1dd7d1379ce229243a0a93c841c40664) Importer(2089858483,0ecaa5967403d082aa24f35e1b516d23)
Start importing Assets/Simple Buttons/Buttons Style 11 (Rounded Blue)/ButtonsStyle11_17.png using Guid(1dd7d1379ce229243a0a93c841c40664) Importer(2089858483,0ecaa5967403d082aa24f35e1b516d23) Generated GUIDs only implemented for interfaces!
 -> (artifact id: 'd7007bbd9d764869c852bbac0ac26270') in 0.116375 seconds
Number of updated asset objects reloaded before import = 0
Number of asset objects unloaded after import = 3
========================================================================
Received Import Request.
  Time since last request: 0.000052 seconds.
  path: Assets/Simple Buttons/Buttons Style 13 (Rounded Gray)/ButtonsStyle13_25.png
  artifactKey: Guid(59ac35daa1e5ef243bf043bfc50d7702) Importer(2089858483,0ecaa5967403d082aa24f35e1b516d23)
Start importing Assets/Simple Buttons/Buttons Style 13 (Rounded Gray)/ButtonsStyle13_25.png using Guid(59ac35daa1e5ef243bf043bfc50d7702) Importer(2089858483,0ecaa5967403d082aa24f35e1b516d23) Generated GUIDs only implemented for interfaces!
 -> (artifact id: '3d4cf82401005fb7d80713b05cd6f8c2') in 0.123763 seconds
Number of updated asset objects reloaded before import = 0
Number of asset objects unloaded after import = 3
========================================================================
Received Import Request.
  Time since last request: 0.000031 seconds.
  path: Assets/Simple Buttons/Buttons Style 14 (Square Gray)/ButtonsStyle14_05.png
  artifactKey: Guid(7805f351ce9f31845bf1f086e323baa2) Importer(2089858483,0ecaa5967403d082aa24f35e1b516d23)
Start importing Assets/Simple Buttons/Buttons Style 14 (Square Gray)/ButtonsStyle14_05.png using Guid(7805f351ce9f31845bf1f086e323baa2) Importer(2089858483,0ecaa5967403d082aa24f35e1b516d23) Generated GUIDs only implemented for interfaces!
 -> (artifact id: 'd230bd8c11f4f85f2aaa5bf08bc7327c') in 0.121152 seconds
Number of updated asset objects reloaded before import = 0
Number of asset objects unloaded after import = 3
========================================================================
Received Import Request.
  Time since last request: 0.000040 seconds.
  path: Assets/Simple Buttons/Buttons Style 13 (Rounded Gray)/ButtonsStyle13_21.png
  artifactKey: Guid(5a2e7a936bf911041b02e1ee52a16113) Importer(2089858483,0ecaa5967403d082aa24f35e1b516d23)
Start importing Assets/Simple Buttons/Buttons Style 13 (Rounded Gray)/ButtonsStyle13_21.png using Guid(5a2e7a936bf911041b02e1ee52a16113) Importer(2089858483,0ecaa5967403d082aa24f35e1b516d23) Generated GUIDs only implemented for interfaces!
 -> (artifact id: 'c0b4ad300268e5bc15d7f8481b567b09') in 0.129227 seconds
Number of updated asset objects reloaded before import = 0
Number of asset objects unloaded after import = 3
========================================================================
Received Import Request.
  Time since last request: 0.000049 seconds.
  path: Assets/Simple Buttons/Buttons Style 1 (Rounded Purple)/ButtonsStyle1_19.png
  artifactKey: Guid(2038e8f030f826d4884965f2b0785ca7) Importer(2089858483,0ecaa5967403d082aa24f35e1b516d23)
Start importing Assets/Simple Buttons/Buttons Style 1 (Rounded Purple)/ButtonsStyle1_19.png using Guid(2038e8f030f826d4884965f2b0785ca7) Importer(2089858483,0ecaa5967403d082aa24f35e1b516d23) Generated GUIDs only implemented for interfaces!
 -> (artifact id: '75b558057898d902984ebf00fb8588fa') in 0.117801 seconds
Number of updated asset objects reloaded before import = 0
Number of asset objects unloaded after import = 3
========================================================================
Received Import Request.
  Time since last request: 0.000049 seconds.
  path: Assets/Simple Buttons/Buttons Style 10 (Square Light Blue)/ButtonsStyle10_20.png
  artifactKey: Guid(e12d180ae91f4ad489cb22e089a0e139) Importer(2089858483,0ecaa5967403d082aa24f35e1b516d23)
Start importing Assets/Simple Buttons/Buttons Style 10 (Square Light Blue)/ButtonsStyle10_20.png using Guid(e12d180ae91f4ad489cb22e089a0e139) Importer(2089858483,0ecaa5967403d082aa24f35e1b516d23) Generated GUIDs only implemented for interfaces!
 -> (artifact id: '66f1a8a6d77df367e35bae731b4905d2') in 0.117180 seconds
Number of updated asset objects reloaded before import = 0
Number of asset objects unloaded after import = 3
========================================================================
Received Import Request.
  Time since last request: 0.000039 seconds.
  path: Assets/Simple Buttons/Buttons Style 14 (Square Gray)/ButtonsStyle14_20.png
  artifactKey: Guid(1fb46092078f4c44a9922b3d3fc3dfa2) Importer(2089858483,0ecaa5967403d082aa24f35e1b516d23)
Start importing Assets/Simple Buttons/Buttons Style 14 (Square Gray)/ButtonsStyle14_20.png using Guid(1fb46092078f4c44a9922b3d3fc3dfa2) Importer(2089858483,0ecaa5967403d082aa24f35e1b516d23) Generated GUIDs only implemented for interfaces!
 -> (artifact id: '7807608a95029d5a0cca03e28dcc9ca8') in 0.116281 seconds
Number of updated asset objects reloaded before import = 0
Number of asset objects unloaded after import = 3
========================================================================
Received Import Request.
  Time since last request: 0.000056 seconds.
  path: Assets/Simple Buttons/Buttons Style 14 (Square Gray)/ButtonsStyle14_06.png
  artifactKey: Guid(4721b7532f0f5d842a70eb7e0859ed1d) Importer(2089858483,0ecaa5967403d082aa24f35e1b516d23)
Start importing Assets/Simple Buttons/Buttons Style 14 (Square Gray)/ButtonsStyle14_06.png using Guid(4721b7532f0f5d842a70eb7e0859ed1d) Importer(2089858483,0ecaa5967403d082aa24f35e1b516d23) Generated GUIDs only implemented for interfaces!
 -> (artifact id: '524b0ddf046a491f54f72a6b406f0ab8') in 0.115776 seconds
Number of updated asset objects reloaded before import = 0
Number of asset objects unloaded after import = 3
========================================================================
Received Import Request.
  Time since last request: 0.000035 seconds.
  path: Assets/Simple Buttons/Buttons Style 10 (Square Light Blue)/ButtonsStyle10_13.png
  artifactKey: Guid(ce0905bc33801214cadbf5f87a970fab) Importer(2089858483,0ecaa5967403d082aa24f35e1b516d23)
Start importing Assets/Simple Buttons/Buttons Style 10 (Square Light Blue)/ButtonsStyle10_13.png using Guid(ce0905bc33801214cadbf5f87a970fab) Importer(2089858483,0ecaa5967403d082aa24f35e1b516d23) Generated GUIDs only implemented for interfaces!
 -> (artifact id: '26cf5535b7970b8b42e5564aa505e81d') in 0.115256 seconds
Number of updated asset objects reloaded before import = 0
Number of asset objects unloaded after import = 3
========================================================================
Received Import Request.
  Time since last request: 0.000042 seconds.
  path: Assets/Simple Buttons/Buttons Style 14 (Square Gray)/ButtonsStyle14_23.png
  artifactKey: Guid(0d11fbc8ca899e843af0ebf67a7d4f0c) Importer(2089858483,0ecaa5967403d082aa24f35e1b516d23)
Start importing Assets/Simple Buttons/Buttons Style 14 (Square Gray)/ButtonsStyle14_23.png using Guid(0d11fbc8ca899e843af0ebf67a7d4f0c) Importer(2089858483,0ecaa5967403d082aa24f35e1b516d23) Generated GUIDs only implemented for interfaces!
 -> (artifact id: 'b1f8ed899f169f82f832873f722b12aa') in 0.121179 seconds
Number of updated asset objects reloaded before import = 0
Number of asset objects unloaded after import = 3
========================================================================
Received Import Request.
  Time since last request: 0.000060 seconds.
  path: Assets/Simple Buttons/Buttons Style 2 (Square Purple)/ButtonsStyle2_07.png
  artifactKey: Guid(97de0f91140f4e745965ba1e83b9bec6) Importer(2089858483,0ecaa5967403d082aa24f35e1b516d23)
Start importing Assets/Simple Buttons/Buttons Style 2 (Square Purple)/ButtonsStyle2_07.png using Guid(97de0f91140f4e745965ba1e83b9bec6) Importer(2089858483,0ecaa5967403d082aa24f35e1b516d23) Generated GUIDs only implemented for interfaces!
 -> (artifact id: 'f5981bf01c5fb40a0352e2d49671322d') in 0.115019 seconds
Number of updated asset objects reloaded before import = 0
Number of asset objects unloaded after import = 3
========================================================================
Received Import Request.
  Time since last request: 0.000034 seconds.
  path: Assets/Simple Buttons/Buttons Style 2 (Square Purple)/ButtonsStyle2_09.png
  artifactKey: Guid(a1cd6a94c258744438a31e815fecabeb) Importer(2089858483,0ecaa5967403d082aa24f35e1b516d23)
Start importing Assets/Simple Buttons/Buttons Style 2 (Square Purple)/ButtonsStyle2_09.png using Guid(a1cd6a94c258744438a31e815fecabeb) Importer(2089858483,0ecaa5967403d082aa24f35e1b516d23) Generated GUIDs only implemented for interfaces!
 -> (artifact id: '41bc0b49fa76dded2389ce8e76ecb7fc') in 0.113815 seconds
Number of updated asset objects reloaded before import = 0
Number of asset objects unloaded after import = 3
========================================================================
Received Import Request.
  Time since last request: 0.000042 seconds.
  path: Assets/Simple Buttons/Buttons Style 1 (Rounded Purple)/ButtonsStyle1_13.png
  artifactKey: Guid(d8db4a8b7af7f9c4aabebd731eab9ab4) Importer(2089858483,0ecaa5967403d082aa24f35e1b516d23)
Start importing Assets/Simple Buttons/Buttons Style 1 (Rounded Purple)/ButtonsStyle1_13.png using Guid(d8db4a8b7af7f9c4aabebd731eab9ab4) Importer(2089858483,0ecaa5967403d082aa24f35e1b516d23) Generated GUIDs only implemented for interfaces!
 -> (artifact id: '3f00f34c188c27f695eb3869f4992c6c') in 0.115906 seconds
Number of updated asset objects reloaded before import = 0
Number of asset objects unloaded after import = 3
========================================================================
Received Import Request.
  Time since last request: 0.000066 seconds.
  path: Assets/Simple Buttons/Buttons Style 13 (Rounded Gray)/ButtonsStyle13_19.png
  artifactKey: Guid(cad9d120e1a74e24e8ae73cbb84b7bd1) Importer(2089858483,0ecaa5967403d082aa24f35e1b516d23)
Start importing Assets/Simple Buttons/Buttons Style 13 (Rounded Gray)/ButtonsStyle13_19.png using Guid(cad9d120e1a74e24e8ae73cbb84b7bd1) Importer(2089858483,0ecaa5967403d082aa24f35e1b516d23) Generated GUIDs only implemented for interfaces!
 -> (artifact id: '3cd68b7383d1788ed1aff874f9f61e72') in 0.125458 seconds
Number of updated asset objects reloaded before import = 0
Number of asset objects unloaded after import = 3
========================================================================
Received Import Request.
  Time since last request: 0.000042 seconds.
  path: Assets/Simple Buttons/Buttons Style 3 (Rounded Pink)/ButtonsStyle3_12.png
  artifactKey: Guid(803b0e1e2c6b24244ad332356f595bd3) Importer(2089858483,0ecaa5967403d082aa24f35e1b516d23)
Start importing Assets/Simple Buttons/Buttons Style 3 (Rounded Pink)/ButtonsStyle3_12.png using Guid(803b0e1e2c6b24244ad332356f595bd3) Importer(2089858483,0ecaa5967403d082aa24f35e1b516d23) Generated GUIDs only implemented for interfaces!
 -> (artifact id: '75ff0341e3b4a46db86cc66c926c2f86') in 0.128239 seconds
Number of updated asset objects reloaded before import = 0
Number of asset objects unloaded after import = 3
========================================================================
Received Import Request.
  Time since last request: 0.000035 seconds.
  path: Assets/Simple Buttons/Big Buttons/BigBlue.png
  artifactKey: Guid(90ced506aa0f51a4289ec49382f4a6ed) Importer(2089858483,0ecaa5967403d082aa24f35e1b516d23)
Start importing Assets/Simple Buttons/Big Buttons/BigBlue.png using Guid(90ced506aa0f51a4289ec49382f4a6ed) Importer(2089858483,0ecaa5967403d082aa24f35e1b516d23) Generated GUIDs only implemented for interfaces!
 -> (artifact id: '8ec90f6cf3adaf82f98d399fdf2c4d30') in 0.115797 seconds
Number of updated asset objects reloaded before import = 0
Number of asset objects unloaded after import = 3
========================================================================
Received Import Request.
  Time since last request: 0.000048 seconds.
  path: Assets/Simple Buttons/Buttons Style 11 (Rounded Blue)/ButtonsStyle11_20.png
  artifactKey: Guid(9b37589cbb49a5149a1e25d774fb4dca) Importer(2089858483,0ecaa5967403d082aa24f35e1b516d23)
Start importing Assets/Simple Buttons/Buttons Style 11 (Rounded Blue)/ButtonsStyle11_20.png using Guid(9b37589cbb49a5149a1e25d774fb4dca) Importer(2089858483,0ecaa5967403d082aa24f35e1b516d23) Generated GUIDs only implemented for interfaces!
 -> (artifact id: 'edc8741de0042a596745f605c49f3514') in 0.122570 seconds
Number of updated asset objects reloaded before import = 0
Number of asset objects unloaded after import = 3
========================================================================
Received Import Request.
  Time since last request: 0.000040 seconds.
  path: Assets/Scripts/PauseScript.cs
  artifactKey: Guid(4230b4e4c12216643a2df7c5cfa26bc4) Importer(2089858483,0ecaa5967403d082aa24f35e1b516d23)
Start importing Assets/Scripts/PauseScript.cs using Guid(4230b4e4c12216643a2df7c5cfa26bc4) Importer(2089858483,0ecaa5967403d082aa24f35e1b516d23) Generated GUIDs only implemented for interfaces!
 -> (artifact id: '6d143df58b5851b1006e58e4913aff54') in 0.034094 seconds
Number of updated asset objects reloaded before import = 0
Number of asset objects unloaded after import = 1
========================================================================
Received Import Request.
  Time since last request: 0.000041 seconds.
  path: Assets/Simple Buttons/Buttons Style 1 (Rounded Purple)/ButtonsStyle1_18.png
  artifactKey: Guid(fbc2e6b17773c9f4c93e7deff4b6a98a) Importer(2089858483,0ecaa5967403d082aa24f35e1b516d23)
Start importing Assets/Simple Buttons/Buttons Style 1 (Rounded Purple)/ButtonsStyle1_18.png using Guid(fbc2e6b17773c9f4c93e7deff4b6a98a) Importer(2089858483,0ecaa5967403d082aa24f35e1b516d23) Generated GUIDs only implemented for interfaces!
 -> (artifact id: '71db2381994f384dc9122c2f38ff64f3') in 0.115509 seconds
Number of updated asset objects reloaded before import = 0
Number of asset objects unloaded after import = 3
========================================================================
Received Import Request.
  Time since last request: 0.000046 seconds.
  path: Assets/Simple Buttons/Buttons Style 3 (Rounded Pink)/ButtonsStyle3_25.png
  artifactKey: Guid(57b19169832f7e6409b11f1d5d5244fa) Importer(2089858483,0ecaa5967403d082aa24f35e1b516d23)
Start importing Assets/Simple Buttons/Buttons Style 3 (Rounded Pink)/ButtonsStyle3_25.png using Guid(57b19169832f7e6409b11f1d5d5244fa) Importer(2089858483,0ecaa5967403d082aa24f35e1b516d23) Generated GUIDs only implemented for interfaces!
 -> (artifact id: 'a2fc4cd9c5063e776be4a04a8d7539a9') in 0.130017 seconds
Number of updated asset objects reloaded before import = 0
Number of asset objects unloaded after import = 3
========================================================================
Received Import Request.
  Time since last request: 0.000062 seconds.
  path: Assets/Simple Buttons/Buttons Style 4 (Square Pink)/ButtonsStyle4_01.png
  artifactKey: Guid(0f51b1b75b0cda146a0198335ba7afad) Importer(2089858483,0ecaa5967403d082aa24f35e1b516d23)
Start importing Assets/Simple Buttons/Buttons Style 4 (Square Pink)/ButtonsStyle4_01.png using Guid(0f51b1b75b0cda146a0198335ba7afad) Importer(2089858483,0ecaa5967403d082aa24f35e1b516d23) Generated GUIDs only implemented for interfaces!
 -> (artifact id: '58822d4a97a503b3640b9f3fffa35de0') in 0.118515 seconds
Number of updated asset objects reloaded before import = 0
Number of asset objects unloaded after import = 3
========================================================================
Received Import Request.
  Time since last request: 0.000035 seconds.
  path: Assets/Simple Buttons/Big Buttons/BigGray.png
  artifactKey: Guid(72c72df40bd317b44ab2c02d03f268c7) Importer(2089858483,0ecaa5967403d082aa24f35e1b516d23)
Start importing Assets/Simple Buttons/Big Buttons/BigGray.png using Guid(72c72df40bd317b44ab2c02d03f268c7) Importer(2089858483,0ecaa5967403d082aa24f35e1b516d23) Generated GUIDs only implemented for interfaces!
 -> (artifact id: '7b15fc46a5a7b95909a2789888729ac9') in 0.124203 seconds
Number of updated asset objects reloaded before import = 0
Number of asset objects unloaded after import = 3
========================================================================
Received Import Request.
  Time since last request: 0.000041 seconds.
  path: Assets/Simple Buttons/Buttons Style 14 (Square Gray)/ButtonsStyle14_12.png
  artifactKey: Guid(ba36f879210b91540b2a8dc29a04f280) Importer(2089858483,0ecaa5967403d082aa24f35e1b516d23)
Start importing Assets/Simple Buttons/Buttons Style 14 (Square Gray)/ButtonsStyle14_12.png using Guid(ba36f879210b91540b2a8dc29a04f280) Importer(2089858483,0ecaa5967403d082aa24f35e1b516d23) Generated GUIDs only implemented for interfaces!
 -> (artifact id: 'a1676f4be60235a3f23ae2f3c441ba3e') in 0.129197 seconds
Number of updated asset objects reloaded before import = 0
Number of asset objects unloaded after import = 3
========================================================================
Received Import Request.
  Time since last request: 0.000054 seconds.
  path: Assets/Simple Buttons/Buttons Style 4 (Square Pink)/ButtonsStyle4_19.png
  artifactKey: Guid(f8fcff0649a19924293bddb0a2762135) Importer(2089858483,0ecaa5967403d082aa24f35e1b516d23)
Start importing Assets/Simple Buttons/Buttons Style 4 (Square Pink)/ButtonsStyle4_19.png using Guid(f8fcff0649a19924293bddb0a2762135) Importer(2089858483,0ecaa5967403d082aa24f35e1b516d23) Generated GUIDs only implemented for interfaces!
 -> (artifact id: '2da4f725b22e538134432724c53dd838') in 0.116560 seconds
Number of updated asset objects reloaded before import = 0
Number of asset objects unloaded after import = 3
========================================================================
Received Import Request.
  Time since last request: 0.000035 seconds.
  path: Assets/Simple Buttons/Buttons Style 4 (Square Pink)/ButtonsStyle4_10.png
  artifactKey: Guid(060c42d8eb4509e4bb93160c67bcb221) Importer(2089858483,0ecaa5967403d082aa24f35e1b516d23)
Start importing Assets/Simple Buttons/Buttons Style 4 (Square Pink)/ButtonsStyle4_10.png using Guid(060c42d8eb4509e4bb93160c67bcb221) Importer(2089858483,0ecaa5967403d082aa24f35e1b516d23) Generated GUIDs only implemented for interfaces!
 -> (artifact id: '496ecfd419747e507779db3703b27cf8') in 0.119017 seconds
Number of updated asset objects reloaded before import = 0
Number of asset objects unloaded after import = 3
========================================================================
Received Import Request.
  Time since last request: 0.000046 seconds.
  path: Assets/Simple Buttons/Buttons Style 14 (Square Gray)/ButtonsStyle14_11.png
  artifactKey: Guid(eb1e06fe938f4b44f851bd59dbf884ba) Importer(2089858483,0ecaa5967403d082aa24f35e1b516d23)
Start importing Assets/Simple Buttons/Buttons Style 14 (Square Gray)/ButtonsStyle14_11.png using Guid(eb1e06fe938f4b44f851bd59dbf884ba) Importer(2089858483,0ecaa5967403d082aa24f35e1b516d23) Generated GUIDs only implemented for interfaces!
 -> (artifact id: '9549ce2cda123ea138a0b07463f318f2') in 0.114079 seconds
Number of updated asset objects reloaded before import = 0
Number of asset objects unloaded after import = 3
========================================================================
Received Import Request.
  Time since last request: 0.000050 seconds.
  path: Assets/Simple Buttons/Buttons Style 1 (Rounded Purple)/ButtonsStyle1_26.png
  artifactKey: Guid(ee7175e3f8d26cd4384570f9efeef9d5) Importer(2089858483,0ecaa5967403d082aa24f35e1b516d23)
Start importing Assets/Simple Buttons/Buttons Style 1 (Rounded Purple)/ButtonsStyle1_26.png using Guid(ee7175e3f8d26cd4384570f9efeef9d5) Importer(2089858483,0ecaa5967403d082aa24f35e1b516d23) Generated GUIDs only implemented for interfaces!
 -> (artifact id: '71b8288bf34c4b5bb5cbff03422c4979') in 0.115828 seconds
Number of updated asset objects reloaded before import = 0
Number of asset objects unloaded after import = 3
========================================================================
Received Import Request.
  Time since last request: 0.000027 seconds.
  path: Assets/Simple Buttons/Buttons Style 3 (Rounded Pink)/ButtonsStyle3_08.png
  artifactKey: Guid(99ceae203ba29e243ace9ff02a725ef3) Importer(2089858483,0ecaa5967403d082aa24f35e1b516d23)
Start importing Assets/Simple Buttons/Buttons Style 3 (Rounded Pink)/ButtonsStyle3_08.png using Guid(99ceae203ba29e243ace9ff02a725ef3) Importer(2089858483,0ecaa5967403d082aa24f35e1b516d23) Generated GUIDs only implemented for interfaces!
 -> (artifact id: '34d4c557ba0223493b729b637bd47858') in 0.124090 seconds
Number of updated asset objects reloaded before import = 0
Number of asset objects unloaded after import = 3
========================================================================
Received Import Request.
  Time since last request: 0.000044 seconds.
  path: Assets/Simple Buttons/Buttons Style 5 (Rounded Green)/ButtonsStyle5_06.png
  artifactKey: Guid(9c456c7cd6977a44cbe656e90cf73725) Importer(2089858483,0ecaa5967403d082aa24f35e1b516d23)
Start importing Assets/Simple Buttons/Buttons Style 5 (Rounded Green)/ButtonsStyle5_06.png using Guid(9c456c7cd6977a44cbe656e90cf73725) Importer(2089858483,0ecaa5967403d082aa24f35e1b516d23) Generated GUIDs only implemented for interfaces!
 -> (artifact id: '2fe00e20317c7c834db452207d29eff1') in 0.127453 seconds
Number of updated asset objects reloaded before import = 0
Number of asset objects unloaded after import = 3
========================================================================
Received Import Request.
  Time since last request: 0.000055 seconds.
  path: Assets/Simple Buttons/Buttons Style 5 (Rounded Green)/ButtonsStyle5_07.png
  artifactKey: Guid(9cd3ecbdd1be06e44b6514e00ec1a420) Importer(2089858483,0ecaa5967403d082aa24f35e1b516d23)
Start importing Assets/Simple Buttons/Buttons Style 5 (Rounded Green)/ButtonsStyle5_07.png using Guid(9cd3ecbdd1be06e44b6514e00ec1a420) Importer(2089858483,0ecaa5967403d082aa24f35e1b516d23) Generated GUIDs only implemented for interfaces!
 -> (artifact id: '1888b8308349b3faa9def1ae3723e43b') in 0.129144 seconds
Number of updated asset objects reloaded before import = 0
Number of asset objects unloaded after import = 3
========================================================================
Received Import Request.
  Time since last request: 0.000038 seconds.
  path: Assets/Simple Buttons/Buttons Style 5 (Rounded Green)/ButtonsStyle5_12.png
  artifactKey: Guid(b2828e64eb33f664ba5bf042d523cbe6) Importer(2089858483,0ecaa5967403d082aa24f35e1b516d23)
Start importing Assets/Simple Buttons/Buttons Style 5 (Rounded Green)/ButtonsStyle5_12.png using Guid(b2828e64eb33f664ba5bf042d523cbe6) Importer(2089858483,0ecaa5967403d082aa24f35e1b516d23) Generated GUIDs only implemented for interfaces!
 -> (artifact id: 'ee43c770456cf7b99a12eff0b4e1e9db') in 0.121852 seconds
Number of updated asset objects reloaded before import = 0
Number of asset objects unloaded after import = 3
========================================================================
Received Import Request.
  Time since last request: 0.000044 seconds.
  path: Assets/Simple Buttons/Buttons Style 4 (Square Pink)/ButtonsStyle4_16.png
  artifactKey: Guid(3cfc09d826f809c4f935fe2ad948d80c) Importer(2089858483,0ecaa5967403d082aa24f35e1b516d23)
Start importing Assets/Simple Buttons/Buttons Style 4 (Square Pink)/ButtonsStyle4_16.png using Guid(3cfc09d826f809c4f935fe2ad948d80c) Importer(2089858483,0ecaa5967403d082aa24f35e1b516d23) Generated GUIDs only implemented for interfaces!
 -> (artifact id: '33b1bf527e7b837e664da0eb9fde1469') in 0.119270 seconds
Number of updated asset objects reloaded before import = 0
Number of asset objects unloaded after import = 3
========================================================================
Received Import Request.
  Time since last request: 0.000050 seconds.
  path: Assets/Simple Buttons/Buttons Style 6 (Square Green)/ButtonsStyle6_03.png
  artifactKey: Guid(d0717bde1bcc4024aacc57aa265b1a24) Importer(2089858483,0ecaa5967403d082aa24f35e1b516d23)
Start importing Assets/Simple Buttons/Buttons Style 6 (Square Green)/ButtonsStyle6_03.png using Guid(d0717bde1bcc4024aacc57aa265b1a24) Importer(2089858483,0ecaa5967403d082aa24f35e1b516d23) Generated GUIDs only implemented for interfaces!
 -> (artifact id: '310708f81c64b1bc525435444f5d99f5') in 0.112676 seconds
Number of updated asset objects reloaded before import = 0
Number of asset objects unloaded after import = 3
========================================================================
Received Import Request.
  Time since last request: 0.000042 seconds.
  path: Assets/Simple Buttons/Buttons Style 6 (Square Green)/ButtonsStyle6_06.png
  artifactKey: Guid(1909f0ade7f39a64aaf4a4eb5115c6cc) Importer(2089858483,0ecaa5967403d082aa24f35e1b516d23)
Start importing Assets/Simple Buttons/Buttons Style 6 (Square Green)/ButtonsStyle6_06.png using Guid(1909f0ade7f39a64aaf4a4eb5115c6cc) Importer(2089858483,0ecaa5967403d082aa24f35e1b516d23) Generated GUIDs only implemented for interfaces!
 -> (artifact id: '6c9f1d8524079d521a6a7ab72febf2b0') in 0.109752 seconds
Number of updated asset objects reloaded before import = 0
Number of asset objects unloaded after import = 3
========================================================================
Received Import Request.
  Time since last request: 0.000046 seconds.
  path: Assets/Simple Buttons/Buttons Style 5 (Rounded Green)/ButtonsStyle5_21.png
  artifactKey: Guid(c4a2dc4da488cc44b9c05b17f752ae4a) Importer(2089858483,0ecaa5967403d082aa24f35e1b516d23)
Start importing Assets/Simple Buttons/Buttons Style 5 (Rounded Green)/ButtonsStyle5_21.png using Guid(c4a2dc4da488cc44b9c05b17f752ae4a) Importer(2089858483,0ecaa5967403d082aa24f35e1b516d23) Generated GUIDs only implemented for interfaces!
 -> (artifact id: '8a59bf6b822136e5240dcaca6c4ed4ac') in 0.117738 seconds
Number of updated asset objects reloaded before import = 0
Number of asset objects unloaded after import = 3
========================================================================
Received Import Request.
  Time since last request: 0.000048 seconds.
  path: Assets/Simple Buttons/Buttons Style 4 (Square Pink)/ButtonsStyle4_20.png
  artifactKey: Guid(a0e263cd36471d74eb42fc790a41d491) Importer(2089858483,0ecaa5967403d082aa24f35e1b516d23)
Start importing Assets/Simple Buttons/Buttons Style 4 (Square Pink)/ButtonsStyle4_20.png using Guid(a0e263cd36471d74eb42fc790a41d491) Importer(2089858483,0ecaa5967403d082aa24f35e1b516d23) Generated GUIDs only implemented for interfaces!
 -> (artifact id: '25e3363521876ead1e3283aa65486c53') in 0.119766 seconds
Number of updated asset objects reloaded before import = 0
Number of asset objects unloaded after import = 3
========================================================================
Received Import Request.
  Time since last request: 0.000030 seconds.
  path: Assets/Simple Buttons/Buttons Style 4 (Square Pink)/ButtonsStyle4_25.png
  artifactKey: Guid(821908326398b3d439118d5987df04c8) Importer(2089858483,0ecaa5967403d082aa24f35e1b516d23)
Start importing Assets/Simple Buttons/Buttons Style 4 (Square Pink)/ButtonsStyle4_25.png using Guid(821908326398b3d439118d5987df04c8) Importer(2089858483,0ecaa5967403d082aa24f35e1b516d23) Generated GUIDs only implemented for interfaces!
 -> (artifact id: '1e3ce8aecd49dec51a3ba27e6f61f32b') in 0.121351 seconds
Number of updated asset objects reloaded before import = 0
Number of asset objects unloaded after import = 3
========================================================================
Received Import Request.
  Time since last request: 0.000043 seconds.
  path: Assets/Simple Buttons/Buttons Style 6 (Square Green)/ButtonsStyle6_14.png
  artifactKey: Guid(3ecacd1fc22ebb74b9a1f73cade86191) Importer(2089858483,0ecaa5967403d082aa24f35e1b516d23)
Start importing Assets/Simple Buttons/Buttons Style 6 (Square Green)/ButtonsStyle6_14.png using Guid(3ecacd1fc22ebb74b9a1f73cade86191) Importer(2089858483,0ecaa5967403d082aa24f35e1b516d23) Generated GUIDs only implemented for interfaces!
 -> (artifact id: 'a2c76219164ec7d92c2aac93d71304a8') in 0.117051 seconds
Number of updated asset objects reloaded before import = 0
Number of asset objects unloaded after import = 3
========================================================================
Received Import Request.
  Time since last request: 0.000060 seconds.
  path: Assets/Simple Buttons/Buttons Style 6 (Square Green)/ButtonsStyle6_22.png
  artifactKey: Guid(d3ed1aedfbe26294685204749f84ade2) Importer(2089858483,0ecaa5967403d082aa24f35e1b516d23)
Start importing Assets/Simple Buttons/Buttons Style 6 (Square Green)/ButtonsStyle6_22.png using Guid(d3ed1aedfbe26294685204749f84ade2) Importer(2089858483,0ecaa5967403d082aa24f35e1b516d23) Generated GUIDs only implemented for interfaces!
 -> (artifact id: 'abde2499897030d09f99777d24827628') in 0.114317 seconds
Number of updated asset objects reloaded before import = 0
Number of asset objects unloaded after import = 3
========================================================================
Received Import Request.
  Time since last request: 0.000036 seconds.
  path: Assets/Simple Buttons/Buttons Style 6 (Square Green)/ButtonsStyle6_21.png
  artifactKey: Guid(24ea83971b56cff4ea0d76cd0ac34520) Importer(2089858483,0ecaa5967403d082aa24f35e1b516d23)
Start importing Assets/Simple Buttons/Buttons Style 6 (Square Green)/ButtonsStyle6_21.png using Guid(24ea83971b56cff4ea0d76cd0ac34520) Importer(2089858483,0ecaa5967403d082aa24f35e1b516d23) Generated GUIDs only implemented for interfaces!
 -> (artifact id: '60550444c0ad1aa0e9114fd69b7c100a') in 0.119998 seconds
Number of updated asset objects reloaded before import = 0
Number of asset objects unloaded after import = 3
========================================================================
Received Import Request.
  Time since last request: 0.000049 seconds.
  path: Assets/Simple Buttons/Buttons Style 5 (Rounded Green)/ButtonsStyle5_22.png
  artifactKey: Guid(03f751de83b3e22498f3964d3dad4fe5) Importer(2089858483,0ecaa5967403d082aa24f35e1b516d23)
Start importing Assets/Simple Buttons/Buttons Style 5 (Rounded Green)/ButtonsStyle5_22.png using Guid(03f751de83b3e22498f3964d3dad4fe5) Importer(2089858483,0ecaa5967403d082aa24f35e1b516d23) Generated GUIDs only implemented for interfaces!
 -> (artifact id: 'f40554f1eacbfd9f29248203e6fbed16') in 0.119667 seconds
Number of updated asset objects reloaded before import = 0
Number of asset objects unloaded after import = 3
========================================================================
Received Import Request.
  Time since last request: 0.000052 seconds.
  path: Assets/Simple Buttons/Buttons Style 7 (Rounded Turquoise)/ButtonsStyle7_04.png
  artifactKey: Guid(1a19ff436071eb4419e1fdf91cd3638d) Importer(2089858483,0ecaa5967403d082aa24f35e1b516d23)
Start importing Assets/Simple Buttons/Buttons Style 7 (Rounded Turquoise)/ButtonsStyle7_04.png using Guid(1a19ff436071eb4419e1fdf91cd3638d) Importer(2089858483,0ecaa5967403d082aa24f35e1b516d23) Generated GUIDs only implemented for interfaces!
 -> (artifact id: 'b1fcf6d5f8ae95816c07b125c4caa500') in 0.115515 seconds
Number of updated asset objects reloaded before import = 0
Number of asset objects unloaded after import = 3
========================================================================
Received Import Request.
  Time since last request: 0.000029 seconds.
  path: Assets/Simple Buttons/Buttons Style 7 (Rounded Turquoise)/ButtonsStyle7_03.png
  artifactKey: Guid(a04fc940f6def6e4389f3ab430e877e6) Importer(2089858483,0ecaa5967403d082aa24f35e1b516d23)
Start importing Assets/Simple Buttons/Buttons Style 7 (Rounded Turquoise)/ButtonsStyle7_03.png using Guid(a04fc940f6def6e4389f3ab430e877e6) Importer(2089858483,0ecaa5967403d082aa24f35e1b516d23) Generated GUIDs only implemented for interfaces!
 -> (artifact id: '707e3461cbb173595f540b39d907f8d8') in 0.121451 seconds
Number of updated asset objects reloaded before import = 0
Number of asset objects unloaded after import = 3
========================================================================
Received Import Request.
  Time since last request: 0.000038 seconds.
  path: Assets/Simple Buttons/Buttons Style 7 (Rounded Turquoise)/ButtonsStyle7_09.png
  artifactKey: Guid(fe83e9061da91c74ca46f4fe7bb7b621) Importer(2089858483,0ecaa5967403d082aa24f35e1b516d23)
Start importing Assets/Simple Buttons/Buttons Style 7 (Rounded Turquoise)/ButtonsStyle7_09.png using Guid(fe83e9061da91c74ca46f4fe7bb7b621) Importer(2089858483,0ecaa5967403d082aa24f35e1b516d23) Generated GUIDs only implemented for interfaces!
 -> (artifact id: '61e8e683ecd16ad6cea9926e0758f44c') in 0.143266 seconds
Number of updated asset objects reloaded before import = 0
Number of asset objects unloaded after import = 3
========================================================================
Received Import Request.
  Time since last request: 0.000088 seconds.
  path: Assets/Simple Buttons/Buttons Style 7 (Rounded Turquoise)/ButtonsStyle7_02.png
  artifactKey: Guid(3ac2e95fab2645e458a2406de57c6823) Importer(2089858483,0ecaa5967403d082aa24f35e1b516d23)
Start importing Assets/Simple Buttons/Buttons Style 7 (Rounded Turquoise)/ButtonsStyle7_02.png using Guid(3ac2e95fab2645e458a2406de57c6823) Importer(2089858483,0ecaa5967403d082aa24f35e1b516d23) Generated GUIDs only implemented for interfaces!
 -> (artifact id: 'eb3b34d143bbfc97d349eaf06a71cdf3') in 0.128528 seconds
Number of updated asset objects reloaded before import = 0
Number of asset objects unloaded after import = 3
========================================================================
Received Import Request.
  Time since last request: 0.000031 seconds.
  path: Assets/Simple Buttons/Buttons Style 7 (Rounded Turquoise)/ButtonsStyle7_17.png
  artifactKey: Guid(62cac5c6cba40f14582446a545861caa) Importer(2089858483,0ecaa5967403d082aa24f35e1b516d23)
Start importing Assets/Simple Buttons/Buttons Style 7 (Rounded Turquoise)/ButtonsStyle7_17.png using Guid(62cac5c6cba40f14582446a545861caa) Importer(2089858483,0ecaa5967403d082aa24f35e1b516d23) Generated GUIDs only implemented for interfaces!
 -> (artifact id: 'b735a34fc65d905def6712077534df0d') in 0.125637 seconds
Number of updated asset objects reloaded before import = 0
Number of asset objects unloaded after import = 3
========================================================================
Received Import Request.
  Time since last request: 0.000041 seconds.
  path: Assets/Simple Buttons/Buttons Style 8 (Square Turquoise)/ButtonsStyle8_01.png
  artifactKey: Guid(9b0e3ecaa0515eb439508798e7b83de4) Importer(2089858483,0ecaa5967403d082aa24f35e1b516d23)
Start importing Assets/Simple Buttons/Buttons Style 8 (Square Turquoise)/ButtonsStyle8_01.png using Guid(9b0e3ecaa0515eb439508798e7b83de4) Importer(2089858483,0ecaa5967403d082aa24f35e1b516d23) Generated GUIDs only implemented for interfaces!
 -> (artifact id: 'd81e3b26ec7a79d178aa759214084d9b') in 0.118168 seconds
Number of updated asset objects reloaded before import = 0
Number of asset objects unloaded after import = 3
========================================================================
Received Import Request.
  Time since last request: 0.000069 seconds.
  path: Assets/Simple Buttons/Buttons Style 8 (Square Turquoise)/ButtonsStyle8_03.png
  artifactKey: Guid(f1b264c53b754294f9270133b3942247) Importer(2089858483,0ecaa5967403d082aa24f35e1b516d23)
Start importing Assets/Simple Buttons/Buttons Style 8 (Square Turquoise)/ButtonsStyle8_03.png using Guid(f1b264c53b754294f9270133b3942247) Importer(2089858483,0ecaa5967403d082aa24f35e1b516d23) Generated GUIDs only implemented for interfaces!
 -> (artifact id: '5a953332d73b6f5dc554ed84ac3fadb3') in 0.120208 seconds
Number of updated asset objects reloaded before import = 0
Number of asset objects unloaded after import = 3
========================================================================
Received Import Request.
  Time since last request: 0.000038 seconds.
  path: Assets/Simple Buttons/Buttons Style 8 (Square Turquoise)/ButtonsStyle8_04.png
  artifactKey: Guid(54331cad23adaf94dbd8041139dcff77) Importer(2089858483,0ecaa5967403d082aa24f35e1b516d23)
Start importing Assets/Simple Buttons/Buttons Style 8 (Square Turquoise)/ButtonsStyle8_04.png using Guid(54331cad23adaf94dbd8041139dcff77) Importer(2089858483,0ecaa5967403d082aa24f35e1b516d23) Generated GUIDs only implemented for interfaces!
 -> (artifact id: 'a2eb109531e9748d260f5ad1c6d93fc5') in 0.132410 seconds
Number of updated asset objects reloaded before import = 0
Number of asset objects unloaded after import = 3
========================================================================
Received Import Request.
  Time since last request: 0.000034 seconds.
  path: Assets/Simple Buttons/Buttons Style 3 (Rounded Pink)/ButtonsStyle3_16.png
  artifactKey: Guid(a512961a75d2fec4aa75c6df4fa35dd5) Importer(2089858483,0ecaa5967403d082aa24f35e1b516d23)
Start importing Assets/Simple Buttons/Buttons Style 3 (Rounded Pink)/ButtonsStyle3_16.png using Guid(a512961a75d2fec4aa75c6df4fa35dd5) Importer(2089858483,0ecaa5967403d082aa24f35e1b516d23) Generated GUIDs only implemented for interfaces!
 -> (artifact id: '81935c4fb746af55111a81471ff52991') in 0.132816 seconds
Number of updated asset objects reloaded before import = 0
Number of asset objects unloaded after import = 3
========================================================================
Received Import Request.
  Time since last request: 0.000053 seconds.
  path: Assets/Simple Buttons/Buttons Style 8 (Square Turquoise)/ButtonsStyle8_24.png
  artifactKey: Guid(a4a340b5fa6a9da41996cb4bd06f7a54) Importer(2089858483,0ecaa5967403d082aa24f35e1b516d23)
Start importing Assets/Simple Buttons/Buttons Style 8 (Square Turquoise)/ButtonsStyle8_24.png using Guid(a4a340b5fa6a9da41996cb4bd06f7a54) Importer(2089858483,0ecaa5967403d082aa24f35e1b516d23) Generated GUIDs only implemented for interfaces!
 -> (artifact id: 'b6f38a7b9d730e8c686c92079c2189c4') in 0.128780 seconds
Number of updated asset objects reloaded before import = 0
Number of asset objects unloaded after import = 3
========================================================================
Received Import Request.
  Time since last request: 0.000034 seconds.
  path: Assets/Simple Buttons/Buttons Style 8 (Square Turquoise)/ButtonsStyle8_15.png
  artifactKey: Guid(55390890cea8cb84c98139fcacdbb3d3) Importer(2089858483,0ecaa5967403d082aa24f35e1b516d23)
Start importing Assets/Simple Buttons/Buttons Style 8 (Square Turquoise)/ButtonsStyle8_15.png using Guid(55390890cea8cb84c98139fcacdbb3d3) Importer(2089858483,0ecaa5967403d082aa24f35e1b516d23) Generated GUIDs only implemented for interfaces!
 -> (artifact id: '49c15e99360769c88f61810273c2767a') in 0.141129 seconds
Number of updated asset objects reloaded before import = 0
Number of asset objects unloaded after import = 3
========================================================================
Received Import Request.
  Time since last request: 0.000031 seconds.
  path: Assets/Simple Buttons/Buttons Style 2 (Square Purple)/ButtonsStyle2_01.png
  artifactKey: Guid(2d7d34242bb238342b5090606321941d) Importer(2089858483,0ecaa5967403d082aa24f35e1b516d23)
Start importing Assets/Simple Buttons/Buttons Style 2 (Square Purple)/ButtonsStyle2_01.png using Guid(2d7d34242bb238342b5090606321941d) Importer(2089858483,0ecaa5967403d082aa24f35e1b516d23) Generated GUIDs only implemented for interfaces!
 -> (artifact id: '9d240bb7c704a666e9e660de3e672fb1') in 0.119200 seconds
Number of updated asset objects reloaded before import = 0
Number of asset objects unloaded after import = 3
========================================================================
Received Import Request.
  Time since last request: 0.000059 seconds.
  path: Assets/Simple Buttons/Buttons Style 5 (Rounded Green)/ButtonsStyle5_18.png
  artifactKey: Guid(0413b9cc717287548979b28d5ba9969c) Importer(2089858483,0ecaa5967403d082aa24f35e1b516d23)
Start importing Assets/Simple Buttons/Buttons Style 5 (Rounded Green)/ButtonsStyle5_18.png using Guid(0413b9cc717287548979b28d5ba9969c) Importer(2089858483,0ecaa5967403d082aa24f35e1b516d23) Generated GUIDs only implemented for interfaces!
 -> (artifact id: '394e90b9a854abda919f00a67424d6f7') in 0.118283 seconds
Number of updated asset objects reloaded before import = 0
Number of asset objects unloaded after import = 3
========================================================================
Received Import Request.
  Time since last request: 0.000038 seconds.
  path: Assets/Simple Buttons/Buttons Style 9 (Rounded Light Blue)/ButtonsStyle9_13.png
  artifactKey: Guid(7ec51b7a77640bb4995c0ef7ca419060) Importer(2089858483,0ecaa5967403d082aa24f35e1b516d23)
Start importing Assets/Simple Buttons/Buttons Style 9 (Rounded Light Blue)/ButtonsStyle9_13.png using Guid(7ec51b7a77640bb4995c0ef7ca419060) Importer(2089858483,0ecaa5967403d082aa24f35e1b516d23) Generated GUIDs only implemented for interfaces!
 -> (artifact id: 'e4727bf04e7af775134e86da7fe24493') in 0.117870 seconds
Number of updated asset objects reloaded before import = 0
Number of asset objects unloaded after import = 3
========================================================================
Received Import Request.
  Time since last request: 0.000035 seconds.
  path: Assets/Simple Buttons/Buttons Style 9 (Rounded Light Blue)/ButtonsStyle9_05.png
  artifactKey: Guid(cfaf2b750cbdba2419f6bad5df0e0f67) Importer(2089858483,0ecaa5967403d082aa24f35e1b516d23)
Start importing Assets/Simple Buttons/Buttons Style 9 (Rounded Light Blue)/ButtonsStyle9_05.png using Guid(cfaf2b750cbdba2419f6bad5df0e0f67) Importer(2089858483,0ecaa5967403d082aa24f35e1b516d23) Generated GUIDs only implemented for interfaces!
 -> (artifact id: 'fc04434d43dd7059bfa5797d32d3982b') in 0.125340 seconds
Number of updated asset objects reloaded before import = 0
Number of asset objects unloaded after import = 3
========================================================================
Received Import Request.
  Time since last request: 0.000062 seconds.
  path: Assets/Simple Buttons/Buttons Style 4 (Square Pink)/ButtonsStyle4_21.png
  artifactKey: Guid(ce104ad1f3d184649aa8cd73b5ad18f3) Importer(2089858483,0ecaa5967403d082aa24f35e1b516d23)
Start importing Assets/Simple Buttons/Buttons Style 4 (Square Pink)/ButtonsStyle4_21.png using Guid(ce104ad1f3d184649aa8cd73b5ad18f3) Importer(2089858483,0ecaa5967403d082aa24f35e1b516d23) Generated GUIDs only implemented for interfaces!
 -> (artifact id: '7092cc63973dcd5218eb800b782908d4') in 0.116482 seconds
Number of updated asset objects reloaded before import = 0
Number of asset objects unloaded after import = 3
========================================================================
Received Import Request.
  Time since last request: 0.000036 seconds.
  path: Assets/Simple Buttons/Buttons Style 2 (Square Purple)/ButtonsStyle2_26.png
  artifactKey: Guid(f8396736bb921bb45a41f8033c4fc13a) Importer(2089858483,0ecaa5967403d082aa24f35e1b516d23)
Start importing Assets/Simple Buttons/Buttons Style 2 (Square Purple)/ButtonsStyle2_26.png using Guid(f8396736bb921bb45a41f8033c4fc13a) Importer(2089858483,0ecaa5967403d082aa24f35e1b516d23) Generated GUIDs only implemented for interfaces!
 -> (artifact id: '3748f17ac1db27236227bcc035bbf7dc') in 0.118857 seconds
Number of updated asset objects reloaded before import = 0
Number of asset objects unloaded after import = 3
========================================================================
Received Import Request.
  Time since last request: 0.000036 seconds.
  path: Assets/Simple Buttons/Buttons Style 9 (Rounded Light Blue)/ButtonsStyle9_21.png
  artifactKey: Guid(0bb814791a97ca84f8c3def5b85cb00d) Importer(2089858483,0ecaa5967403d082aa24f35e1b516d23)
Start importing Assets/Simple Buttons/Buttons Style 9 (Rounded Light Blue)/ButtonsStyle9_21.png using Guid(0bb814791a97ca84f8c3def5b85cb00d) Importer(2089858483,0ecaa5967403d082aa24f35e1b516d23) Generated GUIDs only implemented for interfaces!
 -> (artifact id: 'b1db32dd3fbf335e45f5d633a04e3c3b') in 0.120886 seconds
Number of updated asset objects reloaded before import = 0
Number of asset objects unloaded after import = 3
========================================================================
Received Import Request.
  Time since last request: 0.000050 seconds.
  path: Assets/Simple Buttons/Buttons Style 9 (Rounded Light Blue)/ButtonsStyle9_20.png
  artifactKey: Guid(9f978a890cb9c7c4faf887644d93b55f) Importer(2089858483,0ecaa5967403d082aa24f35e1b516d23)
Start importing Assets/Simple Buttons/Buttons Style 9 (Rounded Light Blue)/ButtonsStyle9_20.png using Guid(9f978a890cb9c7c4faf887644d93b55f) Importer(2089858483,0ecaa5967403d082aa24f35e1b516d23) Generated GUIDs only implemented for interfaces!
 -> (artifact id: 'db0005f9661d3ab06d155776282cf572') in 0.125305 seconds
Number of updated asset objects reloaded before import = 0
Number of asset objects unloaded after import = 3
========================================================================
Received Import Request.
  Time since last request: 0.000037 seconds.
  path: Assets/Simple Buttons/Icons/Icon_04.gif
  artifactKey: Guid(048081c71f5f2684ea62a70df784e96b) Importer(2089858483,0ecaa5967403d082aa24f35e1b516d23)
Start importing Assets/Simple Buttons/Icons/Icon_04.gif using Guid(048081c71f5f2684ea62a70df784e96b) Importer(2089858483,0ecaa5967403d082aa24f35e1b516d23) Generated GUIDs only implemented for interfaces!
 -> (artifact id: '8832b234937d4948106395409b917478') in 0.110957 seconds
Number of updated asset objects reloaded before import = 0
Number of asset objects unloaded after import = 3
========================================================================
Received Import Request.
  Time since last request: 0.000044 seconds.
  path: Assets/Simple Buttons/Buttons Style 9 (Rounded Light Blue)/ButtonsStyle9_22.png
  artifactKey: Guid(f25ccbd5105672642afc720d4c9f7e65) Importer(2089858483,0ecaa5967403d082aa24f35e1b516d23)
Start importing Assets/Simple Buttons/Buttons Style 9 (Rounded Light Blue)/ButtonsStyle9_22.png using Guid(f25ccbd5105672642afc720d4c9f7e65) Importer(2089858483,0ecaa5967403d082aa24f35e1b516d23) Generated GUIDs only implemented for interfaces!
 -> (artifact id: '376149a2989ca300b8e9c9905336a7f1') in 0.120153 seconds
Number of updated asset objects reloaded before import = 0
Number of asset objects unloaded after import = 3
========================================================================
Received Import Request.
  Time since last request: 0.000066 seconds.
  path: Assets/Simple Buttons/Icons/Icon_19.gif
  artifactKey: Guid(67a528e9229d50945adcf133dc374584) Importer(2089858483,0ecaa5967403d082aa24f35e1b516d23)
Start importing Assets/Simple Buttons/Icons/Icon_19.gif using Guid(67a528e9229d50945adcf133dc374584) Importer(2089858483,0ecaa5967403d082aa24f35e1b516d23) Generated GUIDs only implemented for interfaces!
 -> (artifact id: '79ad401438765d39ae15d4839c587c6b') in 0.113720 seconds
Number of updated asset objects reloaded before import = 0
Number of asset objects unloaded after import = 3
========================================================================
Received Import Request.
  Time since last request: 0.000038 seconds.
  path: Assets/Simple Buttons/Icons/Icon_16.gif
  artifactKey: Guid(4a5cf0eacdee74c4dad5e49c69997b9a) Importer(2089858483,0ecaa5967403d082aa24f35e1b516d23)
Start importing Assets/Simple Buttons/Icons/Icon_16.gif using Guid(4a5cf0eacdee74c4dad5e49c69997b9a) Importer(2089858483,0ecaa5967403d082aa24f35e1b516d23) Generated GUIDs only implemented for interfaces!
 -> (artifact id: 'b6ce29cb5764425d43840e501b388e5e') in 0.118503 seconds
Number of updated asset objects reloaded before import = 0
Number of asset objects unloaded after import = 3
========================================================================
Received Import Request.
  Time since last request: 0.000037 seconds.
  path: Assets/Simple Buttons/Icons/Icon_13.gif
  artifactKey: Guid(f1cf2ea935a880d4e831b2931d81e750) Importer(2089858483,0ecaa5967403d082aa24f35e1b516d23)
Start importing Assets/Simple Buttons/Icons/Icon_13.gif using Guid(f1cf2ea935a880d4e831b2931d81e750) Importer(2089858483,0ecaa5967403d082aa24f35e1b516d23) Generated GUIDs only implemented for interfaces!
 -> (artifact id: '2bd926ac7d0728795b59044e006f3c24') in 0.113995 seconds
Number of updated asset objects reloaded before import = 0
Number of asset objects unloaded after import = 3
========================================================================
Received Import Request.
  Time since last request: 0.000054 seconds.
  path: Assets/Simple Buttons/Buttons Style 4 (Square Pink)/ButtonsStyle4_11.png
  artifactKey: Guid(200f4c1fca449fd49a443ec3391f40b3) Importer(2089858483,0ecaa5967403d082aa24f35e1b516d23)
Start importing Assets/Simple Buttons/Buttons Style 4 (Square Pink)/ButtonsStyle4_11.png using Guid(200f4c1fca449fd49a443ec3391f40b3) Importer(2089858483,0ecaa5967403d082aa24f35e1b516d23) Generated GUIDs only implemented for interfaces!
 -> (artifact id: '2450a33a0849951673990ead0749d89f') in 0.120747 seconds
Number of updated asset objects reloaded before import = 0
Number of asset objects unloaded after import = 3
========================================================================
Received Import Request.
  Time since last request: 0.000033 seconds.
  path: Assets/Simple Buttons/Buttons Style 8 (Square Turquoise)/ButtonsStyle8_26.png
  artifactKey: Guid(1677b3591861c8d4f99fcf7940d5e252) Importer(2089858483,0ecaa5967403d082aa24f35e1b516d23)
Start importing Assets/Simple Buttons/Buttons Style 8 (Square Turquoise)/ButtonsStyle8_26.png using Guid(1677b3591861c8d4f99fcf7940d5e252) Importer(2089858483,0ecaa5967403d082aa24f35e1b516d23) Generated GUIDs only implemented for interfaces!
 -> (artifact id: '394240c790088ce2c20c8e895002a18e') in 0.116538 seconds
Number of updated asset objects reloaded before import = 0
Number of asset objects unloaded after import = 3
========================================================================
Received Import Request.
  Time since last request: 0.000042 seconds.
  path: Assets/Animations/Walls/Wall3/Rotation1.anim
  artifactKey: Guid(844582dc0caedce4086dbc742de2708e) Importer(2089858483,0ecaa5967403d082aa24f35e1b516d23)
Start importing Assets/Animations/Walls/Wall3/Rotation1.anim using Guid(844582dc0caedce4086dbc742de2708e) Importer(2089858483,0ecaa5967403d082aa24f35e1b516d23) Generated GUIDs only implemented for interfaces!
 -> (artifact id: '17572d1c7ba56e95be12754d1c42d810') in 0.042607 seconds
Number of updated asset objects reloaded before import = 0
Number of asset objects unloaded after import = 1
========================================================================
Received Import Request.
  Time since last request: 0.000049 seconds.
  path: Assets/Animations/Walls/Wall1/Rotation.anim
  artifactKey: Guid(0c508d01bad5da147b060f5506774901) Importer(2089858483,0ecaa5967403d082aa24f35e1b516d23)
Start importing Assets/Animations/Walls/Wall1/Rotation.anim using Guid(0c508d01bad5da147b060f5506774901) Importer(2089858483,0ecaa5967403d082aa24f35e1b516d23) Generated GUIDs only implemented for interfaces!
 -> (artifact id: '46b972bc650ead554557e88eb113f6c7') in 0.032146 seconds
Number of updated asset objects reloaded before import = 0
Number of asset objects unloaded after import = 1
========================================================================
Received Import Request.
  Time since last request: 0.000038 seconds.
  path: Assets/Animations/Walls/Wall3/CollectionWall3.anim
  artifactKey: Guid(085c345960c19de46aa1c860ded15050) Importer(2089858483,0ecaa5967403d082aa24f35e1b516d23)
Start importing Assets/Animations/Walls/Wall3/CollectionWall3.anim using Guid(085c345960c19de46aa1c860ded15050) Importer(2089858483,0ecaa5967403d082aa24f35e1b516d23) Generated GUIDs only implemented for interfaces!
 -> (artifact id: '89353f6afe9be2c965a9b1ed708f3458') in 0.033588 seconds
Number of updated asset objects reloaded before import = 0
Number of asset objects unloaded after import = 1
========================================================================
Received Import Request.
  Time since last request: 0.000032 seconds.
  path: Assets/Animations/Ball/BallSmall.anim
  artifactKey: Guid(26468b241576f014b97d4a101aacb19f) Importer(2089858483,0ecaa5967403d082aa24f35e1b516d23)
Start importing Assets/Animations/Ball/BallSmall.anim using Guid(26468b241576f014b97d4a101aacb19f) Importer(2089858483,0ecaa5967403d082aa24f35e1b516d23) Generated GUIDs only implemented for interfaces!
 -> (artifact id: '61c679b7f4c6abb0e89ceebb36e4b48c') in 0.031383 seconds
Number of updated asset objects reloaded before import = 0
Number of asset objects unloaded after import = 1
========================================================================
Received Import Request.
  Time since last request: 0.000031 seconds.
  path: Assets/Simple Buttons/Buttons Style 9 (Rounded Light Blue)/ButtonsStyle9_08.png
  artifactKey: Guid(6cfebefbb66eed04c8cddcbd01353ac4) Importer(2089858483,0ecaa5967403d082aa24f35e1b516d23)
Start importing Assets/Simple Buttons/Buttons Style 9 (Rounded Light Blue)/ButtonsStyle9_08.png using Guid(6cfebefbb66eed04c8cddcbd01353ac4) Importer(2089858483,0ecaa5967403d082aa24f35e1b516d23) Generated GUIDs only implemented for interfaces!
 -> (artifact id: 'e31bacff80f3d9c0a55d90b4ddf02298') in 0.119405 seconds
Number of updated asset objects reloaded before import = 0
Number of asset objects unloaded after import = 3
========================================================================
Received Import Request.
  Time since last request: 0.000034 seconds.
  path: Assets/Simple Buttons/Buttons Style 5 (Rounded Green)/ButtonsStyle5_24.png
  artifactKey: Guid(32302e34dd59f524d89f13356091ce79) Importer(2089858483,0ecaa5967403d082aa24f35e1b516d23)
Start importing Assets/Simple Buttons/Buttons Style 5 (Rounded Green)/ButtonsStyle5_24.png using Guid(32302e34dd59f524d89f13356091ce79) Importer(2089858483,0ecaa5967403d082aa24f35e1b516d23) Generated GUIDs only implemented for interfaces!
 -> (artifact id: 'bdb98cc2be1b9f772d6c04971443362a') in 0.117935 seconds
Number of updated asset objects reloaded before import = 0
Number of asset objects unloaded after import = 3
========================================================================
Received Import Request.
  Time since last request: 0.000052 seconds.
  path: Assets/Simple Buttons/Buttons Style 8 (Square Turquoise)/ButtonsStyle8_05.png
  artifactKey: Guid(a56de9048628e634d91ce78355e038c2) Importer(2089858483,0ecaa5967403d082aa24f35e1b516d23)
Start importing Assets/Simple Buttons/Buttons Style 8 (Square Turquoise)/ButtonsStyle8_05.png using Guid(a56de9048628e634d91ce78355e038c2) Importer(2089858483,0ecaa5967403d082aa24f35e1b516d23) Generated GUIDs only implemented for interfaces!
 -> (artifact id: 'cdfebf3708e06ef8e15bbc31f174cedd') in 0.121910 seconds
Number of updated asset objects reloaded before import = 0
Number of asset objects unloaded after import = 3
========================================================================
Received Import Request.
  Time since last request: 0.000034 seconds.
  path: Assets/Simple Buttons/Buttons Style 5 (Rounded Green)/ButtonsStyle5_19.png
  artifactKey: Guid(72d2aab6422e7e3429e8fec34f4c9c6a) Importer(2089858483,0ecaa5967403d082aa24f35e1b516d23)
Start importing Assets/Simple Buttons/Buttons Style 5 (Rounded Green)/ButtonsStyle5_19.png using Guid(72d2aab6422e7e3429e8fec34f4c9c6a) Importer(2089858483,0ecaa5967403d082aa24f35e1b516d23) Generated GUIDs only implemented for interfaces!
 -> (artifact id: 'ae9c78a568e0b6c224cea23938b8ba54') in 0.125802 seconds
Number of updated asset objects reloaded before import = 0
Number of asset objects unloaded after import = 3
========================================================================
Received Import Request.
  Time since last request: 0.000039 seconds.
  path: Assets/Simple Buttons/Buttons Style 3 (Rounded Pink)/ButtonsStyle3_15.png
  artifactKey: Guid(528724731d2a00a41a36da09d74a9e02) Importer(2089858483,0ecaa5967403d082aa24f35e1b516d23)
Start importing Assets/Simple Buttons/Buttons Style 3 (Rounded Pink)/ButtonsStyle3_15.png using Guid(528724731d2a00a41a36da09d74a9e02) Importer(2089858483,0ecaa5967403d082aa24f35e1b516d23) Generated GUIDs only implemented for interfaces!
 -> (artifact id: '256fb84dc500cf0081278d6794adf768') in 0.126375 seconds
Number of updated asset objects reloaded before import = 0
Number of asset objects unloaded after import = 3
========================================================================
Received Import Request.
  Time since last request: 0.000049 seconds.
  path: Assets/Simple Buttons/Icons/Icon_08.gif
  artifactKey: Guid(67cfaa1958461aa4d99b0d0014f10fce) Importer(2089858483,0ecaa5967403d082aa24f35e1b516d23)
Start importing Assets/Simple Buttons/Icons/Icon_08.gif using Guid(67cfaa1958461aa4d99b0d0014f10fce) Importer(2089858483,0ecaa5967403d082aa24f35e1b516d23) Generated GUIDs only implemented for interfaces!
 -> (artifact id: '10da648f695b6de0fe9639e88e6405b7') in 0.119616 seconds
Number of updated asset objects reloaded before import = 0
Number of asset objects unloaded after import = 3
========================================================================
Received Import Request.
  Time since last request: 0.000038 seconds.
  path: Assets/Simple Buttons/Buttons Style 14 (Square Gray)/ButtonsStyle14_02.png
  artifactKey: Guid(94d0b0aad1727724ea3983b3ea2a6331) Importer(2089858483,0ecaa5967403d082aa24f35e1b516d23)
Start importing Assets/Simple Buttons/Buttons Style 14 (Square Gray)/ButtonsStyle14_02.png using Guid(94d0b0aad1727724ea3983b3ea2a6331) Importer(2089858483,0ecaa5967403d082aa24f35e1b516d23) Generated GUIDs only implemented for interfaces!
 -> (artifact id: '8f33cd8c7f5531e8df316185780b6288') in 0.119230 seconds
Number of updated asset objects reloaded before import = 0
Number of asset objects unloaded after import = 3
========================================================================
Received Import Request.
  Time since last request: 0.000042 seconds.
  path: Assets/Simple Buttons/Buttons Style 2 (Square Purple)/ButtonsStyle2_10.png
  artifactKey: Guid(57f1dc266472a8742853c49d4d4bbc12) Importer(2089858483,0ecaa5967403d082aa24f35e1b516d23)
Start importing Assets/Simple Buttons/Buttons Style 2 (Square Purple)/ButtonsStyle2_10.png using Guid(57f1dc266472a8742853c49d4d4bbc12) Importer(2089858483,0ecaa5967403d082aa24f35e1b516d23) Generated GUIDs only implemented for interfaces!
 -> (artifact id: 'c64a27b898957fd6efc19eb2a16d8eca') in 0.120098 seconds
Number of updated asset objects reloaded before import = 0
Number of asset objects unloaded after import = 3
========================================================================
Received Import Request.
  Time since last request: 0.000049 seconds.
  path: Assets/Simple Buttons/Buttons Style 11 (Rounded Blue)/ButtonsStyle11_11.png
  artifactKey: Guid(f4f7e53196fba614caa7d0a1c4400b1d) Importer(2089858483,0ecaa5967403d082aa24f35e1b516d23)
Start importing Assets/Simple Buttons/Buttons Style 11 (Rounded Blue)/ButtonsStyle11_11.png using Guid(f4f7e53196fba614caa7d0a1c4400b1d) Importer(2089858483,0ecaa5967403d082aa24f35e1b516d23) Generated GUIDs only implemented for interfaces!
 -> (artifact id: 'be3fc2e1880faa7fdd66e5298c8d2416') in 0.130037 seconds
Number of updated asset objects reloaded before import = 0
Number of asset objects unloaded after import = 3
========================================================================
Received Import Request.
  Time since last request: 0.000052 seconds.
  path: Assets/Simple Buttons/Buttons Style 5 (Rounded Green)/ButtonsStyle5_16.png
  artifactKey: Guid(5e93dc3a25307f74691b54d78c0c830f) Importer(2089858483,0ecaa5967403d082aa24f35e1b516d23)
Start importing Assets/Simple Buttons/Buttons Style 5 (Rounded Green)/ButtonsStyle5_16.png using Guid(5e93dc3a25307f74691b54d78c0c830f) Importer(2089858483,0ecaa5967403d082aa24f35e1b516d23) Generated GUIDs only implemented for interfaces!
 -> (artifact id: 'b30f2c01d82218d3519a2a3d81e608f7') in 0.137762 seconds
Number of updated asset objects reloaded before import = 0
Number of asset objects unloaded after import = 3
========================================================================
Received Import Request.
  Time since last request: 0.000033 seconds.
  path: Assets/Simple Buttons/Buttons Style 3 (Rounded Pink)/ButtonsStyle3_19.png
  artifactKey: Guid(5f001d2e145145f4fad6bdeb9251d1ae) Importer(2089858483,0ecaa5967403d082aa24f35e1b516d23)
Start importing Assets/Simple Buttons/Buttons Style 3 (Rounded Pink)/ButtonsStyle3_19.png using Guid(5f001d2e145145f4fad6bdeb9251d1ae) Importer(2089858483,0ecaa5967403d082aa24f35e1b516d23) Generated GUIDs only implemented for interfaces!
 -> (artifact id: 'cef53088943ed6ab1628b0104f773224') in 0.120282 seconds
Number of updated asset objects reloaded before import = 0
Number of asset objects unloaded after import = 3
========================================================================
Received Import Request.
  Time since last request: 0.000052 seconds.
  path: Assets/Simple Buttons/Buttons Style 4 (Square Pink)/ButtonsStyle4_08.png
  artifactKey: Guid(08311ec6247757547910a81b63e35f7d) Importer(2089858483,0ecaa5967403d082aa24f35e1b516d23)
Start importing Assets/Simple Buttons/Buttons Style 4 (Square Pink)/ButtonsStyle4_08.png using Guid(08311ec6247757547910a81b63e35f7d) Importer(2089858483,0ecaa5967403d082aa24f35e1b516d23) Generated GUIDs only implemented for interfaces!
 -> (artifact id: '0d1a9afef67e6184bc64f4a0f9edac29') in 0.125954 seconds
Number of updated asset objects reloaded before import = 0
Number of asset objects unloaded after import = 3
========================================================================
Received Import Request.
  Time since last request: 0.000032 seconds.
  path: Assets/Scenes/Module11_3.unity
  artifactKey: Guid(d42c92a417dc24c4dab490a6199a2981) Importer(2089858483,0ecaa5967403d082aa24f35e1b516d23)
Start importing Assets/Scenes/Module11_3.unity using Guid(d42c92a417dc24c4dab490a6199a2981) Importer(2089858483,0ecaa5967403d082aa24f35e1b516d23) Generated GUIDs only implemented for interfaces!
 -> (artifact id: '20d3fb8004cfe50e677100f3232fe4b8') in 0.023165 seconds
Number of updated asset objects reloaded before import = 0
Number of asset objects unloaded after import = 1
========================================================================
Received Import Request.
  Time since last request: 0.000030 seconds.
  path: Assets/Simple Buttons/Buttons Style 8 (Square Turquoise)/ButtonsStyle8_06.png
  artifactKey: Guid(a3de95ce8fb978e44846e008968eba94) Importer(2089858483,0ecaa5967403d082aa24f35e1b516d23)
Start importing Assets/Simple Buttons/Buttons Style 8 (Square Turquoise)/ButtonsStyle8_06.png using Guid(a3de95ce8fb978e44846e008968eba94) Importer(2089858483,0ecaa5967403d082aa24f35e1b516d23) Generated GUIDs only implemented for interfaces!
 -> (artifact id: '6d2c3ef634ce2aeed887a1acf3d4ded3') in 0.115406 seconds
Number of updated asset objects reloaded before import = 0
Number of asset objects unloaded after import = 3
========================================================================
Received Import Request.
  Time since last request: 0.000039 seconds.
  path: Assets/Simple Buttons/Buttons Style 14 (Square Gray)/ButtonsStyle14_18.png
  artifactKey: Guid(bd1e5baed0e3527468fb9d2e4d6a4e20) Importer(2089858483,0ecaa5967403d082aa24f35e1b516d23)
Start importing Assets/Simple Buttons/Buttons Style 14 (Square Gray)/ButtonsStyle14_18.png using Guid(bd1e5baed0e3527468fb9d2e4d6a4e20) Importer(2089858483,0ecaa5967403d082aa24f35e1b516d23) Generated GUIDs only implemented for interfaces!
 -> (artifact id: '60b322f5705d15349f74c42e57070a3a') in 0.117678 seconds
Number of updated asset objects reloaded before import = 0
Number of asset objects unloaded after import = 3
========================================================================
Received Import Request.
  Time since last request: 0.000056 seconds.
  path: Assets/Simple Buttons/Buttons Style 3 (Rounded Pink)/ButtonsStyle3_24.png
  artifactKey: Guid(759f7788ab2d45442a085ea6cf0a8d79) Importer(2089858483,0ecaa5967403d082aa24f35e1b516d23)
Start importing Assets/Simple Buttons/Buttons Style 3 (Rounded Pink)/ButtonsStyle3_24.png using Guid(759f7788ab2d45442a085ea6cf0a8d79) Importer(2089858483,0ecaa5967403d082aa24f35e1b516d23) Generated GUIDs only implemented for interfaces!
 -> (artifact id: 'f41634a1432f8caf1aac8fae4d37697f') in 0.117081 seconds
Number of updated asset objects reloaded before import = 0
Number of asset objects unloaded after import = 3
========================================================================
Received Import Request.
  Time since last request: 0.000040 seconds.
  path: Assets/Animations/Walls/Wall3/Rotation.anim
  artifactKey: Guid(3e270047e52d4a8488fbd2d5cac187d3) Importer(2089858483,0ecaa5967403d082aa24f35e1b516d23)
Start importing Assets/Animations/Walls/Wall3/Rotation.anim using Guid(3e270047e52d4a8488fbd2d5cac187d3) Importer(2089858483,0ecaa5967403d082aa24f35e1b516d23) Generated GUIDs only implemented for interfaces!
 -> (artifact id: 'a775c63a9e2487a9b63e6b67bfe4dd36') in 0.031143 seconds
Number of updated asset objects reloaded before import = 0
Number of asset objects unloaded after import = 1
========================================================================
Received Import Request.
  Time since last request: 0.000038 seconds.
  path: Assets/Simple Buttons/Icons/Icon_10.gif
  artifactKey: Guid(2650ccf2b858c5946a24b341e88ee198) Importer(2089858483,0ecaa5967403d082aa24f35e1b516d23)
Start importing Assets/Simple Buttons/Icons/Icon_10.gif using Guid(2650ccf2b858c5946a24b341e88ee198) Importer(2089858483,0ecaa5967403d082aa24f35e1b516d23) Generated GUIDs only implemented for interfaces!
 -> (artifact id: 'e4543f6d07cde9e4e8b3e4ed0eebe042') in 0.117722 seconds
Number of updated asset objects reloaded before import = 0
Number of asset objects unloaded after import = 3
========================================================================
Received Import Request.
  Time since last request: 0.000043 seconds.
  path: Assets/Simple Buttons/Buttons Style 11 (Rounded Blue)/ButtonsStyle11_23.png
  artifactKey: Guid(525d9a94defe8124482ceec587315a66) Importer(2089858483,0ecaa5967403d082aa24f35e1b516d23)
Start importing Assets/Simple Buttons/Buttons Style 11 (Rounded Blue)/ButtonsStyle11_23.png using Guid(525d9a94defe8124482ceec587315a66) Importer(2089858483,0ecaa5967403d082aa24f35e1b516d23) Generated GUIDs only implemented for interfaces!
 -> (artifact id: 'b3fdbc1c5f75cb9962e5f5884a718911') in 0.123083 seconds
Number of updated asset objects reloaded before import = 0
Number of asset objects unloaded after import = 3
========================================================================
Received Import Request.
  Time since last request: 0.000051 seconds.
  path: Assets/Simple Buttons/Buttons Style 14 (Square Gray)/ButtonsStyle14_13.png
  artifactKey: Guid(c4fec58810162ed459069b26ac5150dd) Importer(2089858483,0ecaa5967403d082aa24f35e1b516d23)
Start importing Assets/Simple Buttons/Buttons Style 14 (Square Gray)/ButtonsStyle14_13.png using Guid(c4fec58810162ed459069b26ac5150dd) Importer(2089858483,0ecaa5967403d082aa24f35e1b516d23) Generated GUIDs only implemented for interfaces!
 -> (artifact id: 'fc2bcc393538a92817c3b57b37da1976') in 0.120521 seconds
Number of updated asset objects reloaded before import = 0
Number of asset objects unloaded after import = 3
========================================================================
Received Import Request.
  Time since last request: 0.000034 seconds.
  path: Assets/Simple Buttons/Buttons Style 14 (Square Gray)/ButtonsStyle14_14.png
  artifactKey: Guid(4da243d94a556404187e4bcaa3e81357) Importer(2089858483,0ecaa5967403d082aa24f35e1b516d23)
Start importing Assets/Simple Buttons/Buttons Style 14 (Square Gray)/ButtonsStyle14_14.png using Guid(4da243d94a556404187e4bcaa3e81357) Importer(2089858483,0ecaa5967403d082aa24f35e1b516d23) Generated GUIDs only implemented for interfaces!
 -> (artifact id: '2b10f40968d26c6fb45ccc2dda35e50c') in 0.114890 seconds
Number of updated asset objects reloaded before import = 0
Number of asset objects unloaded after import = 3
========================================================================
Received Import Request.
  Time since last request: 7592.685602 seconds.
  path: Assets/Scenes/Module11_1/Level1.unity
  artifactKey: Guid(d6ecb1bb371183149b1a1e176c802c77) Importer(2089858483,0ecaa5967403d082aa24f35e1b516d23)
Start importing Assets/Scenes/Module11_1/Level1.unity using Guid(d6ecb1bb371183149b1a1e176c802c77) Importer(2089858483,0ecaa5967403d082aa24f35e1b516d23) Generated GUIDs only implemented for interfaces!
 -> (artifact id: '24bef898a95ba2eed6d0c1b6a0fdf3ea') in 0.241472 seconds
Number of updated asset objects reloaded before import = 0
Number of asset objects unloaded after import = 1
========================================================================
Received Prepare
Begin MonoManager ReloadAssembly
- Loaded All Assemblies, in 70.067 seconds
Refreshing native plugins compatible for Editor in 5.23 ms, found 3 plugins.
Native extension for WindowsStandalone target not found
Native extension for Android target not found
Native extension for OSXStandalone target not found
Native extension for WebGL target not found
[Package Manager] Server::EnsureServerProcessIsRunning -- launch failed, reason: Unity was launched with the -noUpm command-line argument
[Package Manager] UpmClient::Send -- Unable to send message (not connected to UPM process).
[Package Manager] Cannot connect to Unity Package Manager local server
Mono: successfully reloaded assembly
- Finished resetting the current domain, in  2.235 seconds
Domain Reload Profiling: 72296ms
	BeginReloadAssembly (912ms)
		ExecutionOrderSort (0ms)
		DisableScriptedObjects (165ms)
		BackupInstance (0ms)
		ReleaseScriptingObjects (0ms)
		CreateAndSetChildDomain (236ms)
	RebuildCommonClasses (92ms)
	RebuildNativeTypeToScriptingClass (29ms)
	initialDomainReloadingComplete (85ms)
	LoadAllAssembliesAndSetupDomain (68943ms)
		LoadAssemblies (69183ms)
		RebuildTransferFunctionScriptingTraits (0ms)
		AnalyzeDomain (82ms)
			TypeCache.Refresh (70ms)
				TypeCache.ScanAssembly (0ms)
			ScanForSourceGeneratedMonoScriptInfo (0ms)
			ResolveRequiredComponents (10ms)
	FinalizeReload (2236ms)
		ReleaseScriptCaches (0ms)
		RebuildScriptCaches (0ms)
		SetupLoadedEditorAssemblies (1108ms)
			LogAssemblyErrors (0ms)
			InitializePlatformSupportModulesInManaged (89ms)
			SetLoadedEditorAssemblies (10ms)
			RefreshPlugins (0ms)
			BeforeProcessingInitializeOnLoad (230ms)
			ProcessInitializeOnLoadAttributes (718ms)
			ProcessInitializeOnLoadMethodAttributes (43ms)
			AfterProcessingInitializeOnLoad (17ms)
			EditorAssembliesLoaded (1ms)
		ExecutionOrderSort2 (0ms)
		AwakeInstancesAfterBackupRestoration (15ms)
Refreshing native plugins compatible for Editor in 7.48 ms, found 3 plugins.
Preloading 0 native plugins for Editor in 0.00 ms.
Unloading 3071 Unused Serialized files (Serialized files now loaded: 0)
Unloading 22 unused Assets / (30.5 KB). Loaded Objects now: 3549.
Memory consumption went from 118.2 MB to 118.2 MB.
Total: 10.108300 ms (FindLiveObjects: 0.879700 ms CreateObjectMapping: 0.237900 ms MarkObjects: 8.643300 ms  DeleteObjects: 0.345000 ms)

Prepare: number of updated asset objects reloaded= 0
AssetImportParameters requested are different than current active one (requested -> active):
  custom:container-demuxer-ogg: 62fdf1f143b41e24485cea50d1cbac27 -> 
  custom:video-decoder-ogg-theora: a1e56fd34408186e4bbccfd4996cb3dc -> 
  custom:framework-win-MediaFoundation: 216162199b28c13a410421893ffa2e32 -> 
  custom:CustomObjectIndexerAttribute: 756ad292c208cfabdd7b50bc23989ffe -> 
  custom:container-demuxer-webm: 4f35f7cbe854078d1ac9338744f61a02 -> 
  custom:container-muxer-webm: aa71ff27fc2769a1b78a27578f13a17b -> 
  custom:video-decoder-webm-vp8: 9c59270c3fd7afecdb556c50c9e8de78 -> 
  custom:SearchIndexIgnoredProperties: e643bd26f0fe6173181afceb89e7c659 -> 
  custom:AudioImporter_EditorPlatform: d09bf68614088b80899f8185d706f6e7 -> 
  custom:video-encoder-webm-vp8: eb34c28f22e8b96e1ab97ce403110664 -> 
  custom:audio-decoder-ogg-vorbis: bf7c407c2cedff20999df2af8eb42d56 -> 
  custom:audio-encoder-webm-vorbis: bf7c407c2cedff20999df2af8eb42d56 -> 
========================================================================
Received Prepare
Begin MonoManager ReloadAssembly
- Loaded All Assemblies, in  1.289 seconds
Refreshing native plugins compatible for Editor in 6.76 ms, found 3 plugins.
Native extension for WindowsStandalone target not found
Native extension for Android target not found
Native extension for OSXStandalone target not found
Native extension for WebGL target not found
[Package Manager] Server::EnsureServerProcessIsRunning -- launch failed, reason: Unity was launched with the -noUpm command-line argument
[Package Manager] UpmClient::Send -- Unable to send message (not connected to UPM process).
[Package Manager] Cannot connect to Unity Package Manager local server
Mono: successfully reloaded assembly
- Finished resetting the current domain, in  2.352 seconds
Domain Reload Profiling: 3634ms
	BeginReloadAssembly (394ms)
		ExecutionOrderSort (0ms)
		DisableScriptedObjects (16ms)
		BackupInstance (0ms)
		ReleaseScriptingObjects (0ms)
		CreateAndSetChildDomain (81ms)
	RebuildCommonClasses (80ms)
	RebuildNativeTypeToScriptingClass (26ms)
	initialDomainReloadingComplete (78ms)
	LoadAllAssembliesAndSetupDomain (703ms)
		LoadAssemblies (854ms)
		RebuildTransferFunctionScriptingTraits (0ms)
		AnalyzeDomain (81ms)
			TypeCache.Refresh (69ms)
				TypeCache.ScanAssembly (0ms)
			ScanForSourceGeneratedMonoScriptInfo (0ms)
			ResolveRequiredComponents (9ms)
	FinalizeReload (2354ms)
		ReleaseScriptCaches (0ms)
		RebuildScriptCaches (0ms)
		SetupLoadedEditorAssemblies (1257ms)
			LogAssemblyErrors (0ms)
			InitializePlatformSupportModulesInManaged (88ms)
			SetLoadedEditorAssemblies (14ms)
			RefreshPlugins (0ms)
			BeforeProcessingInitializeOnLoad (228ms)
			ProcessInitializeOnLoadAttributes (853ms)
			ProcessInitializeOnLoadMethodAttributes (52ms)
			AfterProcessingInitializeOnLoad (22ms)
			EditorAssembliesLoaded (1ms)
		ExecutionOrderSort2 (0ms)
		AwakeInstancesAfterBackupRestoration (18ms)
Refreshing native plugins compatible for Editor in 7.69 ms, found 3 plugins.
Preloading 0 native plugins for Editor in 0.00 ms.
Unloading 3072 Unused Serialized files (Serialized files now loaded: 0)
Unloading 22 unused Assets / (30.5 KB). Loaded Objects now: 3552.
Memory consumption went from 118.5 MB to 118.5 MB.
Total: 9.656300 ms (FindLiveObjects: 0.816300 ms CreateObjectMapping: 0.261100 ms MarkObjects: 8.448400 ms  DeleteObjects: 0.128000 ms)

Prepare: number of updated asset objects reloaded= 0
AssetImportParameters requested are different than current active one (requested -> active):
  custom:container-demuxer-ogg: 62fdf1f143b41e24485cea50d1cbac27 -> 
  custom:video-decoder-ogg-theora: a1e56fd34408186e4bbccfd4996cb3dc -> 
  custom:framework-win-MediaFoundation: 216162199b28c13a410421893ffa2e32 -> 
  custom:CustomObjectIndexerAttribute: 756ad292c208cfabdd7b50bc23989ffe -> 
  custom:container-demuxer-webm: 4f35f7cbe854078d1ac9338744f61a02 -> 
  custom:container-muxer-webm: aa71ff27fc2769a1b78a27578f13a17b -> 
  custom:video-decoder-webm-vp8: 9c59270c3fd7afecdb556c50c9e8de78 -> 
  custom:SearchIndexIgnoredProperties: e643bd26f0fe6173181afceb89e7c659 -> 
  custom:AudioImporter_EditorPlatform: d09bf68614088b80899f8185d706f6e7 -> 
  custom:video-encoder-webm-vp8: eb34c28f22e8b96e1ab97ce403110664 -> 
  custom:audio-decoder-ogg-vorbis: bf7c407c2cedff20999df2af8eb42d56 -> 
  custom:audio-encoder-webm-vorbis: bf7c407c2cedff20999df2af8eb42d56 -> 
========================================================================
Received Import Request.
  Time since last request: 3648.894151 seconds.
  path: Assets/Scenes/Module11_1/General.unity
  artifactKey: Guid(9fc0d4010bbf28b4594072e72b8655ab) Importer(815301076,1909f56bfc062723c751e8b465ee728b)
Start importing Assets/Scenes/Module11_1/General.unity using Guid(9fc0d4010bbf28b4594072e72b8655ab) Importer(815301076,1909f56bfc062723c751e8b465ee728b)  -> (artifact id: '1fe0e0df4f0b4ca87b6b0ccf30bf37bf') in 0.079578 seconds
Number of updated asset objects reloaded before import = 0
Number of asset objects unloaded after import = 0
